2024-11-17 19:59:32,263 - FedCSP-2024 - INFO - -----------Server start Federated Learning----------- 
 (server.py:24)
2024-11-17 19:59:32,263 - FedCSP-2024 - INFO - Server install model and save to local_client.pt! (Local.py:90)
2024-11-17 19:59:32,329 - FedCSP-2024 - INFO - Do get_Dataset (handle_data.py:32)
2024-11-17 19:59:33,043 - FedCSP-2024 - INFO - argumentation: 0 (handle_data.py:96)
2024-11-17 19:59:33,044 - FedCSP-2024 - INFO - Do split_data 
 it take a very long time! ~ 2 minutes (handle_data.py:208)
2024-11-17 19:59:41,607 - FedCSP-2024 - INFO - Do split_data 
 it take a very long time! ~ 2 minutes (handle_data.py:208)
2024-11-17 19:59:42,693 - FedCSP-2024 - INFO - {'client_0': <torch.utils.data.dataset.TensorDataset object at 0x000002628C6C6E70>, 'client_1': <torch.utils.data.dataset.TensorDataset object at 0x0000026294DF0710>, 'client_2': <torch.utils.data.dataset.TensorDataset object at 0x000002628C2FD250>, 'client_3': <torch.utils.data.dataset.TensorDataset object at 0x000002628C7FB3B0>, 'client_4': <torch.utils.data.dataset.TensorDataset object at 0x000002628CD4E060>, 'client_5': <torch.utils.data.dataset.TensorDataset object at 0x0000026294EA7EC0>, 'client_6': <torch.utils.data.dataset.TensorDataset object at 0x00000262898F3CE0>, 'client_7': <torch.utils.data.dataset.TensorDataset object at 0x000002628CA2C4D0>, 'client_8': <torch.utils.data.dataset.TensorDataset object at 0x0000026294ED6C00>, 'client_9': <torch.utils.data.dataset.TensorDataset object at 0x0000026294ED5B80>} (Local.py:32)
2024-11-17 19:59:42,752 - FedCSP-2024 - INFO - Client 1 is trainning . . . (fedavg.py:16)
2024-11-17 19:59:42,757 - FedCSP-2024 - INFO - load model in local_client.pt (run_model.py:200)
2024-11-17 19:59:44,187 - FedCSP-2024 - INFO - Client 2 is trainning . . . (fedavg.py:16)
2024-11-17 19:59:44,189 - FedCSP-2024 - INFO - load model in local_client.pt (run_model.py:200)
2024-11-17 19:59:45,216 - FedCSP-2024 - INFO - Client 3 is trainning . . . (fedavg.py:16)
2024-11-17 19:59:45,219 - FedCSP-2024 - INFO - load model in local_client.pt (run_model.py:200)
2024-11-17 19:59:46,202 - FedCSP-2024 - INFO - Client 4 is trainning . . . (fedavg.py:16)
2024-11-17 19:59:46,204 - FedCSP-2024 - INFO - load model in local_client.pt (run_model.py:200)
2024-11-17 19:59:47,219 - FedCSP-2024 - INFO - Client 5 is trainning . . . (fedavg.py:16)
2024-11-17 19:59:47,221 - FedCSP-2024 - INFO - load model in local_client.pt (run_model.py:200)
2024-11-17 19:59:48,158 - FedCSP-2024 - INFO - Client 6 is trainning . . . (fedavg.py:16)
2024-11-17 19:59:48,160 - FedCSP-2024 - INFO - load model in local_client.pt (run_model.py:200)
2024-11-17 19:59:49,112 - FedCSP-2024 - INFO - Client 7 is trainning . . . (fedavg.py:16)
2024-11-17 19:59:49,114 - FedCSP-2024 - INFO - load model in local_client.pt (run_model.py:200)
2024-11-17 19:59:50,062 - FedCSP-2024 - INFO - Client 8 is trainning . . . (fedavg.py:16)
2024-11-17 19:59:50,065 - FedCSP-2024 - INFO - load model in local_client.pt (run_model.py:200)
2024-11-17 19:59:51,068 - FedCSP-2024 - INFO - Client 9 is trainning . . . (fedavg.py:16)
2024-11-17 19:59:51,069 - FedCSP-2024 - INFO - load model in local_client.pt (run_model.py:200)
2024-11-17 19:59:52,036 - FedCSP-2024 - INFO - Client 10 is trainning . . . (fedavg.py:16)
2024-11-17 19:59:52,037 - FedCSP-2024 - INFO - load model in local_client.pt (run_model.py:200)
2024-11-17 19:59:53,034 - FedCSP-2024 - INFO - Do get_Dataset (handle_data.py:32)
2024-11-17 19:59:53,783 - FedCSP-2024 - INFO - argumentation: 0 (handle_data.py:96)
2024-11-17 19:59:55,728 - FedCSP-2024 - INFO - Do get_Dataset (handle_data.py:32)
2024-11-17 19:59:56,452 - FedCSP-2024 - INFO - argumentation: 0 (handle_data.py:96)
2024-11-17 19:59:56,453 - FedCSP-2024 - INFO - Do split_data 
 it take a very long time! ~ 2 minutes (handle_data.py:208)
2024-11-17 20:00:04,716 - FedCSP-2024 - INFO - Do split_data 
 it take a very long time! ~ 2 minutes (handle_data.py:208)
2024-11-17 20:00:05,946 - FedCSP-2024 - INFO - {'client_0': <torch.utils.data.dataset.TensorDataset object at 0x0000026294F7B650>, 'client_1': <torch.utils.data.dataset.TensorDataset object at 0x0000026294CC3DA0>, 'client_2': <torch.utils.data.dataset.TensorDataset object at 0x0000026287B95790>, 'client_3': <torch.utils.data.dataset.TensorDataset object at 0x0000026294FA6960>, 'client_4': <torch.utils.data.dataset.TensorDataset object at 0x0000026294FA6540>, 'client_5': <torch.utils.data.dataset.TensorDataset object at 0x0000026294FA6AE0>, 'client_6': <torch.utils.data.dataset.TensorDataset object at 0x0000026294FA6660>, 'client_7': <torch.utils.data.dataset.TensorDataset object at 0x0000026294FA6390>, 'client_8': <torch.utils.data.dataset.TensorDataset object at 0x0000026294FA56A0>, 'client_9': <torch.utils.data.dataset.TensorDataset object at 0x0000026306DD5CD0>} (Local.py:32)
2024-11-17 20:00:05,995 - FedCSP-2024 - INFO - Client 1 is trainning . . . (fedavg.py:16)
2024-11-17 20:00:06,014 - FedCSP-2024 - INFO - load model in local_client.pt (run_model.py:200)
2024-11-17 20:00:07,192 - FedCSP-2024 - INFO - Client 2 is trainning . . . (fedavg.py:16)
2024-11-17 20:00:07,193 - FedCSP-2024 - INFO - load model in local_client.pt (run_model.py:200)
2024-11-17 20:00:08,089 - FedCSP-2024 - INFO - Client 3 is trainning . . . (fedavg.py:16)
2024-11-17 20:00:08,090 - FedCSP-2024 - INFO - load model in local_client.pt (run_model.py:200)
2024-11-17 20:00:09,024 - FedCSP-2024 - INFO - Client 4 is trainning . . . (fedavg.py:16)
2024-11-17 20:00:09,026 - FedCSP-2024 - INFO - load model in local_client.pt (run_model.py:200)
2024-11-17 20:00:09,950 - FedCSP-2024 - INFO - Client 5 is trainning . . . (fedavg.py:16)
2024-11-17 20:00:09,951 - FedCSP-2024 - INFO - load model in local_client.pt (run_model.py:200)
2024-11-17 20:00:10,978 - FedCSP-2024 - INFO - Client 6 is trainning . . . (fedavg.py:16)
2024-11-17 20:00:10,981 - FedCSP-2024 - INFO - load model in local_client.pt (run_model.py:200)
2024-11-17 20:00:11,956 - FedCSP-2024 - INFO - Client 7 is trainning . . . (fedavg.py:16)
2024-11-17 20:00:11,957 - FedCSP-2024 - INFO - load model in local_client.pt (run_model.py:200)
2024-11-17 20:00:12,884 - FedCSP-2024 - INFO - Client 8 is trainning . . . (fedavg.py:16)
2024-11-17 20:00:12,887 - FedCSP-2024 - INFO - load model in local_client.pt (run_model.py:200)
2024-11-17 20:00:13,868 - FedCSP-2024 - INFO - Client 9 is trainning . . . (fedavg.py:16)
2024-11-17 20:00:13,871 - FedCSP-2024 - INFO - load model in local_client.pt (run_model.py:200)
2024-11-17 20:00:14,815 - FedCSP-2024 - INFO - Client 10 is trainning . . . (fedavg.py:16)
2024-11-17 20:00:14,817 - FedCSP-2024 - INFO - load model in local_client.pt (run_model.py:200)
2024-11-17 20:00:15,779 - FedCSP-2024 - INFO - Do get_Dataset (handle_data.py:32)
2024-11-17 20:00:16,493 - FedCSP-2024 - INFO - argumentation: 0 (handle_data.py:96)
2024-11-17 20:00:18,182 - FedCSP-2024 - INFO - Do get_Dataset (handle_data.py:32)
2024-11-17 20:00:18,952 - FedCSP-2024 - INFO - argumentation: 0 (handle_data.py:96)
2024-11-17 20:00:18,952 - FedCSP-2024 - INFO - Do split_data 
 it take a very long time! ~ 2 minutes (handle_data.py:208)
2024-11-17 20:00:27,002 - FedCSP-2024 - INFO - Do split_data 
 it take a very long time! ~ 2 minutes (handle_data.py:208)
2024-11-17 20:00:28,142 - FedCSP-2024 - INFO - {'client_0': <torch.utils.data.dataset.TensorDataset object at 0x0000026294EFDAF0>, 'client_1': <torch.utils.data.dataset.TensorDataset object at 0x000002628A5E93A0>, 'client_2': <torch.utils.data.dataset.TensorDataset object at 0x000002629ED6DBB0>, 'client_3': <torch.utils.data.dataset.TensorDataset object at 0x000002628C900680>, 'client_4': <torch.utils.data.dataset.TensorDataset object at 0x000002628C2FD670>, 'client_5': <torch.utils.data.dataset.TensorDataset object at 0x0000026294FA5E50>, 'client_6': <torch.utils.data.dataset.TensorDataset object at 0x0000026294FA7500>, 'client_7': <torch.utils.data.dataset.TensorDataset object at 0x0000026294FA7560>, 'client_8': <torch.utils.data.dataset.TensorDataset object at 0x0000026294FA7530>, 'client_9': <torch.utils.data.dataset.TensorDataset object at 0x0000026306DD5610>} (Local.py:32)
2024-11-17 20:00:28,207 - FedCSP-2024 - INFO - Client 1 is trainning . . . (fedavg.py:16)
2024-11-17 20:00:28,249 - FedCSP-2024 - INFO - load model in local_client.pt (run_model.py:200)
2024-11-17 20:00:29,256 - FedCSP-2024 - INFO - Client 2 is trainning . . . (fedavg.py:16)
2024-11-17 20:00:29,258 - FedCSP-2024 - INFO - load model in local_client.pt (run_model.py:200)
2024-11-17 20:00:30,161 - FedCSP-2024 - INFO - Client 3 is trainning . . . (fedavg.py:16)
2024-11-17 20:00:30,162 - FedCSP-2024 - INFO - load model in local_client.pt (run_model.py:200)
2024-11-17 20:00:31,072 - FedCSP-2024 - INFO - Client 4 is trainning . . . (fedavg.py:16)
2024-11-17 20:00:31,074 - FedCSP-2024 - INFO - load model in local_client.pt (run_model.py:200)
2024-11-17 20:00:31,976 - FedCSP-2024 - INFO - Client 5 is trainning . . . (fedavg.py:16)
2024-11-17 20:00:31,978 - FedCSP-2024 - INFO - load model in local_client.pt (run_model.py:200)
2024-11-17 20:00:32,927 - FedCSP-2024 - INFO - Client 6 is trainning . . . (fedavg.py:16)
2024-11-17 20:00:32,929 - FedCSP-2024 - INFO - load model in local_client.pt (run_model.py:200)
2024-11-17 20:00:33,858 - FedCSP-2024 - INFO - Client 7 is trainning . . . (fedavg.py:16)
2024-11-17 20:00:33,860 - FedCSP-2024 - INFO - load model in local_client.pt (run_model.py:200)
2024-11-17 20:00:34,863 - FedCSP-2024 - INFO - Client 8 is trainning . . . (fedavg.py:16)
2024-11-17 20:00:34,865 - FedCSP-2024 - INFO - load model in local_client.pt (run_model.py:200)
2024-11-17 20:00:35,827 - FedCSP-2024 - INFO - Client 9 is trainning . . . (fedavg.py:16)
2024-11-17 20:00:35,828 - FedCSP-2024 - INFO - load model in local_client.pt (run_model.py:200)
2024-11-17 20:00:36,742 - FedCSP-2024 - INFO - Client 10 is trainning . . . (fedavg.py:16)
2024-11-17 20:00:36,745 - FedCSP-2024 - INFO - load model in local_client.pt (run_model.py:200)
2024-11-17 20:00:37,707 - FedCSP-2024 - INFO - Do get_Dataset (handle_data.py:32)
2024-11-17 20:00:38,427 - FedCSP-2024 - INFO - argumentation: 0 (handle_data.py:96)
2024-11-17 20:00:40,124 - FedCSP-2024 - INFO - Do get_Dataset (handle_data.py:32)
2024-11-17 20:00:40,830 - FedCSP-2024 - INFO - argumentation: 0 (handle_data.py:96)
2024-11-17 20:00:40,830 - FedCSP-2024 - INFO - Do split_data 
 it take a very long time! ~ 2 minutes (handle_data.py:208)
2024-11-17 20:00:48,882 - FedCSP-2024 - INFO - Do split_data 
 it take a very long time! ~ 2 minutes (handle_data.py:208)
2024-11-17 20:00:50,200 - FedCSP-2024 - INFO - {'client_0': <torch.utils.data.dataset.TensorDataset object at 0x0000026294EA7650>, 'client_1': <torch.utils.data.dataset.TensorDataset object at 0x0000026294C1D160>, 'client_2': <torch.utils.data.dataset.TensorDataset object at 0x000002629C98A0F0>, 'client_3': <torch.utils.data.dataset.TensorDataset object at 0x000002628CA2C4D0>, 'client_4': <torch.utils.data.dataset.TensorDataset object at 0x0000026294E3D4C0>, 'client_5': <torch.utils.data.dataset.TensorDataset object at 0x000002628CDCDDC0>, 'client_6': <torch.utils.data.dataset.TensorDataset object at 0x0000026294FA6AE0>, 'client_7': <torch.utils.data.dataset.TensorDataset object at 0x0000026294FA7E90>, 'client_8': <torch.utils.data.dataset.TensorDataset object at 0x0000026294FA6990>, 'client_9': <torch.utils.data.dataset.TensorDataset object at 0x0000026294FA6360>} (Local.py:32)
2024-11-17 20:00:50,264 - FedCSP-2024 - INFO - Client 1 is trainning . . . (fedavg.py:16)
2024-11-17 20:00:50,279 - FedCSP-2024 - INFO - load model in local_client.pt (run_model.py:200)
2024-11-17 20:00:51,424 - FedCSP-2024 - INFO - Client 2 is trainning . . . (fedavg.py:16)
2024-11-17 20:00:51,425 - FedCSP-2024 - INFO - load model in local_client.pt (run_model.py:200)
2024-11-17 20:00:52,429 - FedCSP-2024 - INFO - Client 3 is trainning . . . (fedavg.py:16)
2024-11-17 20:00:52,430 - FedCSP-2024 - INFO - load model in local_client.pt (run_model.py:200)
2024-11-17 20:00:53,424 - FedCSP-2024 - INFO - Client 4 is trainning . . . (fedavg.py:16)
2024-11-17 20:00:53,426 - FedCSP-2024 - INFO - load model in local_client.pt (run_model.py:200)
2024-11-17 20:00:54,366 - FedCSP-2024 - INFO - Client 5 is trainning . . . (fedavg.py:16)
2024-11-17 20:00:54,368 - FedCSP-2024 - INFO - load model in local_client.pt (run_model.py:200)
2024-11-17 20:00:55,339 - FedCSP-2024 - INFO - Client 6 is trainning . . . (fedavg.py:16)
2024-11-17 20:00:55,342 - FedCSP-2024 - INFO - load model in local_client.pt (run_model.py:200)
2024-11-17 20:00:56,244 - FedCSP-2024 - INFO - Client 7 is trainning . . . (fedavg.py:16)
2024-11-17 20:00:56,247 - FedCSP-2024 - INFO - load model in local_client.pt (run_model.py:200)
2024-11-17 20:00:57,169 - FedCSP-2024 - INFO - Client 8 is trainning . . . (fedavg.py:16)
2024-11-17 20:00:57,170 - FedCSP-2024 - INFO - load model in local_client.pt (run_model.py:200)
2024-11-17 20:00:58,132 - FedCSP-2024 - INFO - Client 9 is trainning . . . (fedavg.py:16)
2024-11-17 20:00:58,134 - FedCSP-2024 - INFO - load model in local_client.pt (run_model.py:200)
2024-11-17 20:00:59,145 - FedCSP-2024 - INFO - Client 10 is trainning . . . (fedavg.py:16)
2024-11-17 20:00:59,146 - FedCSP-2024 - INFO - load model in local_client.pt (run_model.py:200)
2024-11-17 20:01:00,232 - FedCSP-2024 - INFO - Do get_Dataset (handle_data.py:32)
2024-11-17 20:01:00,936 - FedCSP-2024 - INFO - argumentation: 0 (handle_data.py:96)
2024-11-17 20:01:02,631 - FedCSP-2024 - INFO - Do get_Dataset (handle_data.py:32)
2024-11-17 20:01:03,330 - FedCSP-2024 - INFO - argumentation: 0 (handle_data.py:96)
2024-11-17 20:01:03,330 - FedCSP-2024 - INFO - Do split_data 
 it take a very long time! ~ 2 minutes (handle_data.py:208)
2024-11-17 20:01:11,233 - FedCSP-2024 - INFO - Do split_data 
 it take a very long time! ~ 2 minutes (handle_data.py:208)
2024-11-17 20:01:12,355 - FedCSP-2024 - INFO - {'client_0': <torch.utils.data.dataset.TensorDataset object at 0x0000026294EFDD30>, 'client_1': <torch.utils.data.dataset.TensorDataset object at 0x00000262898F3CE0>, 'client_2': <torch.utils.data.dataset.TensorDataset object at 0x0000026294EA73E0>, 'client_3': <torch.utils.data.dataset.TensorDataset object at 0x0000026294FA6570>, 'client_4': <torch.utils.data.dataset.TensorDataset object at 0x0000026294FA63F0>, 'client_5': <torch.utils.data.dataset.TensorDataset object at 0x0000026294FA7530>, 'client_6': <torch.utils.data.dataset.TensorDataset object at 0x0000026294FA65D0>, 'client_7': <torch.utils.data.dataset.TensorDataset object at 0x0000026294FA7FE0>, 'client_8': <torch.utils.data.dataset.TensorDataset object at 0x0000026294FA6960>, 'client_9': <torch.utils.data.dataset.TensorDataset object at 0x0000026294FA7C20>} (Local.py:32)
2024-11-17 20:01:12,419 - FedCSP-2024 - INFO - Client 1 is trainning . . . (fedavg.py:16)
2024-11-17 20:01:12,429 - FedCSP-2024 - INFO - load model in local_client.pt (run_model.py:200)
2024-11-17 20:01:13,574 - FedCSP-2024 - INFO - Client 2 is trainning . . . (fedavg.py:16)
2024-11-17 20:01:13,576 - FedCSP-2024 - INFO - load model in local_client.pt (run_model.py:200)
2024-11-17 20:01:14,425 - FedCSP-2024 - INFO - Client 3 is trainning . . . (fedavg.py:16)
2024-11-17 20:01:14,427 - FedCSP-2024 - INFO - load model in local_client.pt (run_model.py:200)
2024-11-17 20:01:15,369 - FedCSP-2024 - INFO - Client 4 is trainning . . . (fedavg.py:16)
2024-11-17 20:01:15,370 - FedCSP-2024 - INFO - load model in local_client.pt (run_model.py:200)
2024-11-17 20:01:16,373 - FedCSP-2024 - INFO - Client 5 is trainning . . . (fedavg.py:16)
2024-11-17 20:01:16,375 - FedCSP-2024 - INFO - load model in local_client.pt (run_model.py:200)
2024-11-17 20:01:17,370 - FedCSP-2024 - INFO - Client 6 is trainning . . . (fedavg.py:16)
2024-11-17 20:01:17,372 - FedCSP-2024 - INFO - load model in local_client.pt (run_model.py:200)
2024-11-17 20:01:18,280 - FedCSP-2024 - INFO - Client 7 is trainning . . . (fedavg.py:16)
2024-11-17 20:01:18,282 - FedCSP-2024 - INFO - load model in local_client.pt (run_model.py:200)
2024-11-17 20:01:19,140 - FedCSP-2024 - INFO - Client 8 is trainning . . . (fedavg.py:16)
2024-11-17 20:01:19,142 - FedCSP-2024 - INFO - load model in local_client.pt (run_model.py:200)
2024-11-17 20:01:20,086 - FedCSP-2024 - INFO - Client 9 is trainning . . . (fedavg.py:16)
2024-11-17 20:01:20,087 - FedCSP-2024 - INFO - load model in local_client.pt (run_model.py:200)
2024-11-17 20:01:21,051 - FedCSP-2024 - INFO - Client 10 is trainning . . . (fedavg.py:16)
2024-11-17 20:01:21,053 - FedCSP-2024 - INFO - load model in local_client.pt (run_model.py:200)
2024-11-17 20:01:22,022 - FedCSP-2024 - INFO - Do get_Dataset (handle_data.py:32)
2024-11-17 20:01:22,732 - FedCSP-2024 - INFO - argumentation: 0 (handle_data.py:96)
2024-11-17 20:01:24,372 - FedCSP-2024 - INFO - Do get_Dataset (handle_data.py:32)
2024-11-17 20:01:25,078 - FedCSP-2024 - INFO - argumentation: 0 (handle_data.py:96)
2024-11-17 20:01:25,079 - FedCSP-2024 - INFO - Do split_data 
 it take a very long time! ~ 2 minutes (handle_data.py:208)
2024-11-17 20:01:32,857 - FedCSP-2024 - INFO - Do split_data 
 it take a very long time! ~ 2 minutes (handle_data.py:208)
2024-11-17 20:01:33,907 - FedCSP-2024 - INFO - {'client_0': <torch.utils.data.dataset.TensorDataset object at 0x000002629ED6DBB0>, 'client_1': <torch.utils.data.dataset.TensorDataset object at 0x0000026294ED6090>, 'client_2': <torch.utils.data.dataset.TensorDataset object at 0x0000026294DF09E0>, 'client_3': <torch.utils.data.dataset.TensorDataset object at 0x0000026294CC3DA0>, 'client_4': <torch.utils.data.dataset.TensorDataset object at 0x0000026294EA7830>, 'client_5': <torch.utils.data.dataset.TensorDataset object at 0x0000026294D6DEB0>, 'client_6': <torch.utils.data.dataset.TensorDataset object at 0x0000026294FA5EE0>, 'client_7': <torch.utils.data.dataset.TensorDataset object at 0x0000026294FA64E0>, 'client_8': <torch.utils.data.dataset.TensorDataset object at 0x0000026294FA7AA0>, 'client_9': <torch.utils.data.dataset.TensorDataset object at 0x0000026294FA6A20>} (Local.py:32)
2024-11-17 20:01:33,966 - FedCSP-2024 - INFO - Client 1 is trainning . . . (fedavg.py:16)
2024-11-17 20:01:33,988 - FedCSP-2024 - INFO - load model in local_client.pt (run_model.py:200)
2024-11-17 20:01:35,192 - FedCSP-2024 - INFO - Client 2 is trainning . . . (fedavg.py:16)
2024-11-17 20:01:35,194 - FedCSP-2024 - INFO - load model in local_client.pt (run_model.py:200)
2024-11-17 20:01:36,102 - FedCSP-2024 - INFO - Client 3 is trainning . . . (fedavg.py:16)
2024-11-17 20:01:36,103 - FedCSP-2024 - INFO - load model in local_client.pt (run_model.py:200)
2024-11-17 20:01:37,083 - FedCSP-2024 - INFO - Client 4 is trainning . . . (fedavg.py:16)
2024-11-17 20:01:37,084 - FedCSP-2024 - INFO - load model in local_client.pt (run_model.py:200)
2024-11-17 20:01:38,158 - FedCSP-2024 - INFO - Client 5 is trainning . . . (fedavg.py:16)
2024-11-17 20:01:38,159 - FedCSP-2024 - INFO - load model in local_client.pt (run_model.py:200)
2024-11-17 20:01:39,084 - FedCSP-2024 - INFO - Client 6 is trainning . . . (fedavg.py:16)
2024-11-17 20:01:39,086 - FedCSP-2024 - INFO - load model in local_client.pt (run_model.py:200)
2024-11-17 20:01:40,073 - FedCSP-2024 - INFO - Client 7 is trainning . . . (fedavg.py:16)
2024-11-17 20:01:40,077 - FedCSP-2024 - INFO - load model in local_client.pt (run_model.py:200)
2024-11-17 20:01:41,058 - FedCSP-2024 - INFO - Client 8 is trainning . . . (fedavg.py:16)
2024-11-17 20:01:41,060 - FedCSP-2024 - INFO - load model in local_client.pt (run_model.py:200)
2024-11-17 20:01:41,941 - FedCSP-2024 - INFO - Client 9 is trainning . . . (fedavg.py:16)
2024-11-17 20:01:41,943 - FedCSP-2024 - INFO - load model in local_client.pt (run_model.py:200)
2024-11-17 20:01:42,863 - FedCSP-2024 - INFO - Client 10 is trainning . . . (fedavg.py:16)
2024-11-17 20:01:42,867 - FedCSP-2024 - INFO - load model in local_client.pt (run_model.py:200)
2024-11-17 20:01:43,802 - FedCSP-2024 - INFO - Do get_Dataset (handle_data.py:32)
2024-11-17 20:01:44,493 - FedCSP-2024 - INFO - argumentation: 0 (handle_data.py:96)
2024-11-17 20:01:46,046 - FedCSP-2024 - INFO - Do get_Dataset (handle_data.py:32)
2024-11-17 20:01:46,754 - FedCSP-2024 - INFO - argumentation: 0 (handle_data.py:96)
2024-11-17 20:01:46,755 - FedCSP-2024 - INFO - Do split_data 
 it take a very long time! ~ 2 minutes (handle_data.py:208)
2024-11-17 20:01:54,509 - FedCSP-2024 - INFO - Do split_data 
 it take a very long time! ~ 2 minutes (handle_data.py:208)
2024-11-17 20:01:55,559 - FedCSP-2024 - INFO - {'client_0': <torch.utils.data.dataset.TensorDataset object at 0x0000026287B95790>, 'client_1': <torch.utils.data.dataset.TensorDataset object at 0x000002628A5E93A0>, 'client_2': <torch.utils.data.dataset.TensorDataset object at 0x0000026294ED7EC0>, 'client_3': <torch.utils.data.dataset.TensorDataset object at 0x0000026294ED5B80>, 'client_4': <torch.utils.data.dataset.TensorDataset object at 0x0000026294FA6990>, 'client_5': <torch.utils.data.dataset.TensorDataset object at 0x0000026294FA7B90>, 'client_6': <torch.utils.data.dataset.TensorDataset object at 0x0000026294FA6BA0>, 'client_7': <torch.utils.data.dataset.TensorDataset object at 0x0000026294FA5460>, 'client_8': <torch.utils.data.dataset.TensorDataset object at 0x0000026294FA66F0>, 'client_9': <torch.utils.data.dataset.TensorDataset object at 0x0000026294FA4740>} (Local.py:32)
2024-11-17 20:01:55,625 - FedCSP-2024 - INFO - Client 1 is trainning . . . (fedavg.py:16)
2024-11-17 20:01:55,633 - FedCSP-2024 - INFO - load model in local_client.pt (run_model.py:200)
2024-11-17 20:01:56,759 - FedCSP-2024 - INFO - Client 2 is trainning . . . (fedavg.py:16)
2024-11-17 20:01:56,760 - FedCSP-2024 - INFO - load model in local_client.pt (run_model.py:200)
2024-11-17 20:01:57,664 - FedCSP-2024 - INFO - Client 3 is trainning . . . (fedavg.py:16)
2024-11-17 20:01:57,666 - FedCSP-2024 - INFO - load model in local_client.pt (run_model.py:200)
2024-11-17 20:01:58,566 - FedCSP-2024 - INFO - Client 4 is trainning . . . (fedavg.py:16)
2024-11-17 20:01:58,568 - FedCSP-2024 - INFO - load model in local_client.pt (run_model.py:200)
2024-11-17 20:01:59,420 - FedCSP-2024 - INFO - Client 5 is trainning . . . (fedavg.py:16)
2024-11-17 20:01:59,422 - FedCSP-2024 - INFO - load model in local_client.pt (run_model.py:200)
2024-11-17 20:02:00,339 - FedCSP-2024 - INFO - Client 6 is trainning . . . (fedavg.py:16)
2024-11-17 20:02:00,341 - FedCSP-2024 - INFO - load model in local_client.pt (run_model.py:200)
2024-11-17 20:02:01,413 - FedCSP-2024 - INFO - Client 7 is trainning . . . (fedavg.py:16)
2024-11-17 20:02:01,414 - FedCSP-2024 - INFO - load model in local_client.pt (run_model.py:200)
2024-11-17 20:02:02,349 - FedCSP-2024 - INFO - Client 8 is trainning . . . (fedavg.py:16)
2024-11-17 20:02:02,351 - FedCSP-2024 - INFO - load model in local_client.pt (run_model.py:200)
2024-11-17 20:02:03,262 - FedCSP-2024 - INFO - Client 9 is trainning . . . (fedavg.py:16)
2024-11-17 20:02:03,264 - FedCSP-2024 - INFO - load model in local_client.pt (run_model.py:200)
2024-11-17 20:02:04,330 - FedCSP-2024 - INFO - Client 10 is trainning . . . (fedavg.py:16)
2024-11-17 20:02:04,334 - FedCSP-2024 - INFO - load model in local_client.pt (run_model.py:200)
2024-11-17 20:02:05,440 - FedCSP-2024 - INFO - Do get_Dataset (handle_data.py:32)
2024-11-17 20:02:06,148 - FedCSP-2024 - INFO - argumentation: 0 (handle_data.py:96)
2024-11-17 20:02:07,685 - FedCSP-2024 - INFO - Do get_Dataset (handle_data.py:32)
2024-11-17 20:02:08,388 - FedCSP-2024 - INFO - argumentation: 0 (handle_data.py:96)
2024-11-17 20:02:08,389 - FedCSP-2024 - INFO - Do split_data 
 it take a very long time! ~ 2 minutes (handle_data.py:208)
2024-11-17 20:02:16,019 - FedCSP-2024 - INFO - Do split_data 
 it take a very long time! ~ 2 minutes (handle_data.py:208)
2024-11-17 20:02:17,088 - FedCSP-2024 - INFO - {'client_0': <torch.utils.data.dataset.TensorDataset object at 0x0000026294C1D160>, 'client_1': <torch.utils.data.dataset.TensorDataset object at 0x000002628C61CA10>, 'client_2': <torch.utils.data.dataset.TensorDataset object at 0x0000026294FA7A40>, 'client_3': <torch.utils.data.dataset.TensorDataset object at 0x0000026294FA6810>, 'client_4': <torch.utils.data.dataset.TensorDataset object at 0x0000026294FA7DD0>, 'client_5': <torch.utils.data.dataset.TensorDataset object at 0x0000026294FA7890>, 'client_6': <torch.utils.data.dataset.TensorDataset object at 0x0000026294FA7530>, 'client_7': <torch.utils.data.dataset.TensorDataset object at 0x0000026294FA7650>, 'client_8': <torch.utils.data.dataset.TensorDataset object at 0x0000026294FA59A0>, 'client_9': <torch.utils.data.dataset.TensorDataset object at 0x0000026294FA7FE0>} (Local.py:32)
2024-11-17 20:02:17,248 - FedCSP-2024 - INFO - Client 1 is trainning . . . (fedavg.py:16)
2024-11-17 20:02:17,264 - FedCSP-2024 - INFO - load model in local_client.pt (run_model.py:200)
2024-11-17 20:02:18,402 - FedCSP-2024 - INFO - Client 2 is trainning . . . (fedavg.py:16)
2024-11-17 20:02:18,403 - FedCSP-2024 - INFO - load model in local_client.pt (run_model.py:200)
2024-11-17 20:02:19,326 - FedCSP-2024 - INFO - Client 3 is trainning . . . (fedavg.py:16)
2024-11-17 20:02:19,329 - FedCSP-2024 - INFO - load model in local_client.pt (run_model.py:200)
2024-11-17 20:02:20,235 - FedCSP-2024 - INFO - Client 4 is trainning . . . (fedavg.py:16)
2024-11-17 20:02:20,236 - FedCSP-2024 - INFO - load model in local_client.pt (run_model.py:200)
2024-11-17 20:02:21,160 - FedCSP-2024 - INFO - Client 5 is trainning . . . (fedavg.py:16)
2024-11-17 20:02:21,162 - FedCSP-2024 - INFO - load model in local_client.pt (run_model.py:200)
2024-11-17 20:02:22,149 - FedCSP-2024 - INFO - Client 6 is trainning . . . (fedavg.py:16)
2024-11-17 20:02:22,150 - FedCSP-2024 - INFO - load model in local_client.pt (run_model.py:200)
2024-11-17 20:02:23,074 - FedCSP-2024 - INFO - Client 7 is trainning . . . (fedavg.py:16)
2024-11-17 20:02:23,076 - FedCSP-2024 - INFO - load model in local_client.pt (run_model.py:200)
2024-11-17 20:02:23,952 - FedCSP-2024 - INFO - Client 8 is trainning . . . (fedavg.py:16)
2024-11-17 20:02:23,953 - FedCSP-2024 - INFO - load model in local_client.pt (run_model.py:200)
2024-11-17 20:02:24,855 - FedCSP-2024 - INFO - Client 9 is trainning . . . (fedavg.py:16)
2024-11-17 20:02:24,856 - FedCSP-2024 - INFO - load model in local_client.pt (run_model.py:200)
2024-11-17 20:02:25,747 - FedCSP-2024 - INFO - Client 10 is trainning . . . (fedavg.py:16)
2024-11-17 20:02:25,749 - FedCSP-2024 - INFO - load model in local_client.pt (run_model.py:200)
2024-11-17 20:02:26,702 - FedCSP-2024 - INFO - Do get_Dataset (handle_data.py:32)
2024-11-17 20:02:27,400 - FedCSP-2024 - INFO - argumentation: 0 (handle_data.py:96)
2024-11-17 20:02:28,907 - FedCSP-2024 - INFO - Do get_Dataset (handle_data.py:32)
2024-11-17 20:02:29,616 - FedCSP-2024 - INFO - argumentation: 0 (handle_data.py:96)
2024-11-17 20:02:29,616 - FedCSP-2024 - INFO - Do split_data 
 it take a very long time! ~ 2 minutes (handle_data.py:208)
2024-11-17 20:02:37,562 - FedCSP-2024 - INFO - Do split_data 
 it take a very long time! ~ 2 minutes (handle_data.py:208)
2024-11-17 20:02:38,660 - FedCSP-2024 - INFO - {'client_0': <torch.utils.data.dataset.TensorDataset object at 0x0000026294EA7650>, 'client_1': <torch.utils.data.dataset.TensorDataset object at 0x0000026294DF0710>, 'client_2': <torch.utils.data.dataset.TensorDataset object at 0x0000026294F575C0>, 'client_3': <torch.utils.data.dataset.TensorDataset object at 0x0000026294FA65D0>, 'client_4': <torch.utils.data.dataset.TensorDataset object at 0x0000026294FA6510>, 'client_5': <torch.utils.data.dataset.TensorDataset object at 0x0000026294FA6570>, 'client_6': <torch.utils.data.dataset.TensorDataset object at 0x0000026294FA56A0>, 'client_7': <torch.utils.data.dataset.TensorDataset object at 0x0000026294FA76E0>, 'client_8': <torch.utils.data.dataset.TensorDataset object at 0x0000026294FA6A20>, 'client_9': <torch.utils.data.dataset.TensorDataset object at 0x0000026306DD68A0>} (Local.py:32)
2024-11-17 20:02:38,737 - FedCSP-2024 - INFO - Client 1 is trainning . . . (fedavg.py:16)
2024-11-17 20:02:38,758 - FedCSP-2024 - INFO - load model in local_client.pt (run_model.py:200)
2024-11-17 20:02:40,028 - FedCSP-2024 - INFO - Client 2 is trainning . . . (fedavg.py:16)
2024-11-17 20:02:40,029 - FedCSP-2024 - INFO - load model in local_client.pt (run_model.py:200)
2024-11-17 20:02:40,975 - FedCSP-2024 - INFO - Client 3 is trainning . . . (fedavg.py:16)
2024-11-17 20:02:40,976 - FedCSP-2024 - INFO - load model in local_client.pt (run_model.py:200)
2024-11-17 20:02:41,942 - FedCSP-2024 - INFO - Client 4 is trainning . . . (fedavg.py:16)
2024-11-17 20:02:41,944 - FedCSP-2024 - INFO - load model in local_client.pt (run_model.py:200)
2024-11-17 20:02:42,949 - FedCSP-2024 - INFO - Client 5 is trainning . . . (fedavg.py:16)
2024-11-17 20:02:42,951 - FedCSP-2024 - INFO - load model in local_client.pt (run_model.py:200)
2024-11-17 20:02:43,876 - FedCSP-2024 - INFO - Client 6 is trainning . . . (fedavg.py:16)
2024-11-17 20:02:43,877 - FedCSP-2024 - INFO - load model in local_client.pt (run_model.py:200)
2024-11-17 20:02:44,813 - FedCSP-2024 - INFO - Client 7 is trainning . . . (fedavg.py:16)
2024-11-17 20:02:44,816 - FedCSP-2024 - INFO - load model in local_client.pt (run_model.py:200)
2024-11-17 20:02:45,825 - FedCSP-2024 - INFO - Client 8 is trainning . . . (fedavg.py:16)
2024-11-17 20:02:45,826 - FedCSP-2024 - INFO - load model in local_client.pt (run_model.py:200)
2024-11-17 20:02:46,985 - FedCSP-2024 - INFO - Client 9 is trainning . . . (fedavg.py:16)
2024-11-17 20:02:46,986 - FedCSP-2024 - INFO - load model in local_client.pt (run_model.py:200)
2024-11-17 20:02:48,096 - FedCSP-2024 - INFO - Client 10 is trainning . . . (fedavg.py:16)
2024-11-17 20:02:48,097 - FedCSP-2024 - INFO - load model in local_client.pt (run_model.py:200)
2024-11-17 20:02:49,080 - FedCSP-2024 - INFO - Do get_Dataset (handle_data.py:32)
2024-11-17 20:02:49,792 - FedCSP-2024 - INFO - argumentation: 0 (handle_data.py:96)
2024-11-17 20:02:51,314 - FedCSP-2024 - INFO - Do get_Dataset (handle_data.py:32)
2024-11-17 20:02:52,049 - FedCSP-2024 - INFO - argumentation: 0 (handle_data.py:96)
2024-11-17 20:02:52,049 - FedCSP-2024 - INFO - Do split_data 
 it take a very long time! ~ 2 minutes (handle_data.py:208)
2024-11-17 20:02:59,999 - FedCSP-2024 - INFO - Do split_data 
 it take a very long time! ~ 2 minutes (handle_data.py:208)
2024-11-17 20:03:01,062 - FedCSP-2024 - INFO - {'client_0': <torch.utils.data.dataset.TensorDataset object at 0x0000026294CC3DA0>, 'client_1': <torch.utils.data.dataset.TensorDataset object at 0x000002628C61CA10>, 'client_2': <torch.utils.data.dataset.TensorDataset object at 0x0000026294ED5B80>, 'client_3': <torch.utils.data.dataset.TensorDataset object at 0x0000026294FA7560>, 'client_4': <torch.utils.data.dataset.TensorDataset object at 0x0000026294FA66F0>, 'client_5': <torch.utils.data.dataset.TensorDataset object at 0x0000026294FA7E90>, 'client_6': <torch.utils.data.dataset.TensorDataset object at 0x0000026294FA7A40>, 'client_7': <torch.utils.data.dataset.TensorDataset object at 0x0000026294FA6120>, 'client_8': <torch.utils.data.dataset.TensorDataset object at 0x0000026294FA7710>, 'client_9': <torch.utils.data.dataset.TensorDataset object at 0x0000026294FA6390>} (Local.py:32)
2024-11-17 20:03:01,116 - FedCSP-2024 - INFO - Client 1 is trainning . . . (fedavg.py:16)
2024-11-17 20:03:01,133 - FedCSP-2024 - INFO - load model in local_client.pt (run_model.py:200)
2024-11-17 20:03:02,229 - FedCSP-2024 - INFO - Client 2 is trainning . . . (fedavg.py:16)
2024-11-17 20:03:02,230 - FedCSP-2024 - INFO - load model in local_client.pt (run_model.py:200)
2024-11-17 20:03:03,103 - FedCSP-2024 - INFO - Client 3 is trainning . . . (fedavg.py:16)
2024-11-17 20:03:03,104 - FedCSP-2024 - INFO - load model in local_client.pt (run_model.py:200)
2024-11-17 20:03:04,042 - FedCSP-2024 - INFO - Client 4 is trainning . . . (fedavg.py:16)
2024-11-17 20:03:04,044 - FedCSP-2024 - INFO - load model in local_client.pt (run_model.py:200)
2024-11-17 20:03:04,957 - FedCSP-2024 - INFO - Client 5 is trainning . . . (fedavg.py:16)
2024-11-17 20:03:04,959 - FedCSP-2024 - INFO - load model in local_client.pt (run_model.py:200)
2024-11-17 20:03:05,874 - FedCSP-2024 - INFO - Client 6 is trainning . . . (fedavg.py:16)
2024-11-17 20:03:05,877 - FedCSP-2024 - INFO - load model in local_client.pt (run_model.py:200)
2024-11-17 20:03:06,793 - FedCSP-2024 - INFO - Client 7 is trainning . . . (fedavg.py:16)
2024-11-17 20:03:06,795 - FedCSP-2024 - INFO - load model in local_client.pt (run_model.py:200)
2024-11-17 20:03:07,707 - FedCSP-2024 - INFO - Client 8 is trainning . . . (fedavg.py:16)
2024-11-17 20:03:07,709 - FedCSP-2024 - INFO - load model in local_client.pt (run_model.py:200)
2024-11-17 20:03:08,602 - FedCSP-2024 - INFO - Client 9 is trainning . . . (fedavg.py:16)
2024-11-17 20:03:08,603 - FedCSP-2024 - INFO - load model in local_client.pt (run_model.py:200)
2024-11-17 20:03:09,499 - FedCSP-2024 - INFO - Client 10 is trainning . . . (fedavg.py:16)
2024-11-17 20:03:09,500 - FedCSP-2024 - INFO - load model in local_client.pt (run_model.py:200)
2024-11-17 20:03:10,443 - FedCSP-2024 - INFO - Do get_Dataset (handle_data.py:32)
2024-11-17 20:03:11,130 - FedCSP-2024 - INFO - argumentation: 0 (handle_data.py:96)
2024-11-17 20:03:12,740 - FedCSP-2024 - INFO - Do get_Dataset (handle_data.py:32)
2024-11-17 20:03:13,466 - FedCSP-2024 - INFO - argumentation: 0 (handle_data.py:96)
2024-11-17 20:03:13,466 - FedCSP-2024 - INFO - Do split_data 
 it take a very long time! ~ 2 minutes (handle_data.py:208)
2024-11-17 20:03:21,332 - FedCSP-2024 - INFO - Do split_data 
 it take a very long time! ~ 2 minutes (handle_data.py:208)
2024-11-17 20:03:22,417 - FedCSP-2024 - INFO - {'client_0': <torch.utils.data.dataset.TensorDataset object at 0x000002628A5E93A0>, 'client_1': <torch.utils.data.dataset.TensorDataset object at 0x000002628CE130E0>, 'client_2': <torch.utils.data.dataset.TensorDataset object at 0x0000026294ED6180>, 'client_3': <torch.utils.data.dataset.TensorDataset object at 0x0000026294F795E0>, 'client_4': <torch.utils.data.dataset.TensorDataset object at 0x0000026294EA73E0>, 'client_5': <torch.utils.data.dataset.TensorDataset object at 0x0000026294FA6990>, 'client_6': <torch.utils.data.dataset.TensorDataset object at 0x0000026294FA7620>, 'client_7': <torch.utils.data.dataset.TensorDataset object at 0x0000026294FA68A0>, 'client_8': <torch.utils.data.dataset.TensorDataset object at 0x0000026294FA59A0>, 'client_9': <torch.utils.data.dataset.TensorDataset object at 0x0000026306DD6510>} (Local.py:32)
2024-11-17 20:03:22,461 - FedCSP-2024 - INFO - Client 1 is trainning . . . (fedavg.py:16)
2024-11-17 20:03:22,480 - FedCSP-2024 - INFO - load model in local_client.pt (run_model.py:200)
2024-11-17 20:03:23,651 - FedCSP-2024 - INFO - Client 2 is trainning . . . (fedavg.py:16)
2024-11-17 20:03:23,653 - FedCSP-2024 - INFO - load model in local_client.pt (run_model.py:200)
2024-11-17 20:03:24,685 - FedCSP-2024 - INFO - Client 3 is trainning . . . (fedavg.py:16)
2024-11-17 20:03:24,686 - FedCSP-2024 - INFO - load model in local_client.pt (run_model.py:200)
2024-11-17 20:03:25,726 - FedCSP-2024 - INFO - Client 4 is trainning . . . (fedavg.py:16)
2024-11-17 20:03:25,729 - FedCSP-2024 - INFO - load model in local_client.pt (run_model.py:200)
2024-11-17 20:03:27,173 - FedCSP-2024 - INFO - Client 5 is trainning . . . (fedavg.py:16)
2024-11-17 20:03:27,174 - FedCSP-2024 - INFO - load model in local_client.pt (run_model.py:200)
2024-11-17 20:03:28,076 - FedCSP-2024 - INFO - Client 6 is trainning . . . (fedavg.py:16)
2024-11-17 20:03:28,078 - FedCSP-2024 - INFO - load model in local_client.pt (run_model.py:200)
2024-11-17 20:03:29,028 - FedCSP-2024 - INFO - Client 7 is trainning . . . (fedavg.py:16)
2024-11-17 20:03:29,029 - FedCSP-2024 - INFO - load model in local_client.pt (run_model.py:200)
2024-11-17 20:03:29,914 - FedCSP-2024 - INFO - Client 8 is trainning . . . (fedavg.py:16)
2024-11-17 20:03:29,916 - FedCSP-2024 - INFO - load model in local_client.pt (run_model.py:200)
2024-11-17 20:03:30,809 - FedCSP-2024 - INFO - Client 9 is trainning . . . (fedavg.py:16)
2024-11-17 20:03:30,810 - FedCSP-2024 - INFO - load model in local_client.pt (run_model.py:200)
2024-11-17 20:03:31,754 - FedCSP-2024 - INFO - Client 10 is trainning . . . (fedavg.py:16)
2024-11-17 20:03:31,756 - FedCSP-2024 - INFO - load model in local_client.pt (run_model.py:200)
2024-11-17 20:03:32,710 - FedCSP-2024 - INFO - Do get_Dataset (handle_data.py:32)
2024-11-17 20:03:33,416 - FedCSP-2024 - INFO - argumentation: 0 (handle_data.py:96)
2024-11-17 20:03:34,985 - FedCSP-2024 - INFO - Do get_Dataset (handle_data.py:32)
2024-11-17 20:03:35,732 - FedCSP-2024 - INFO - argumentation: 0 (handle_data.py:96)
2024-11-17 20:03:35,732 - FedCSP-2024 - INFO - Do split_data 
 it take a very long time! ~ 2 minutes (handle_data.py:208)
2024-11-17 20:03:43,496 - FedCSP-2024 - INFO - Do split_data 
 it take a very long time! ~ 2 minutes (handle_data.py:208)
2024-11-17 20:03:44,626 - FedCSP-2024 - INFO - {'client_0': <torch.utils.data.dataset.TensorDataset object at 0x00000262898F3CE0>, 'client_1': <torch.utils.data.dataset.TensorDataset object at 0x000002628C61CA10>, 'client_2': <torch.utils.data.dataset.TensorDataset object at 0x0000026294C1D160>, 'client_3': <torch.utils.data.dataset.TensorDataset object at 0x0000026294FA6A20>, 'client_4': <torch.utils.data.dataset.TensorDataset object at 0x0000026294FA6570>, 'client_5': <torch.utils.data.dataset.TensorDataset object at 0x0000026294FA77D0>, 'client_6': <torch.utils.data.dataset.TensorDataset object at 0x0000026294FA6780>, 'client_7': <torch.utils.data.dataset.TensorDataset object at 0x0000026294FA7C20>, 'client_8': <torch.utils.data.dataset.TensorDataset object at 0x0000026294FA6660>, 'client_9': <torch.utils.data.dataset.TensorDataset object at 0x0000026306DD6120>} (Local.py:32)
2024-11-17 20:03:44,703 - FedCSP-2024 - INFO - Client 1 is trainning . . . (fedavg.py:16)
2024-11-17 20:03:44,709 - FedCSP-2024 - INFO - load model in local_client.pt (run_model.py:200)
2024-11-17 20:03:46,025 - FedCSP-2024 - INFO - Client 2 is trainning . . . (fedavg.py:16)
2024-11-17 20:03:46,026 - FedCSP-2024 - INFO - load model in local_client.pt (run_model.py:200)
2024-11-17 20:03:46,994 - FedCSP-2024 - INFO - Client 3 is trainning . . . (fedavg.py:16)
2024-11-17 20:03:46,996 - FedCSP-2024 - INFO - load model in local_client.pt (run_model.py:200)
2024-11-17 20:03:47,972 - FedCSP-2024 - INFO - Client 4 is trainning . . . (fedavg.py:16)
2024-11-17 20:03:47,974 - FedCSP-2024 - INFO - load model in local_client.pt (run_model.py:200)
2024-11-17 20:03:48,956 - FedCSP-2024 - INFO - Client 5 is trainning . . . (fedavg.py:16)
2024-11-17 20:03:48,959 - FedCSP-2024 - INFO - load model in local_client.pt (run_model.py:200)
2024-11-17 20:03:49,942 - FedCSP-2024 - INFO - Client 6 is trainning . . . (fedavg.py:16)
2024-11-17 20:03:49,945 - FedCSP-2024 - INFO - load model in local_client.pt (run_model.py:200)
2024-11-17 20:03:50,888 - FedCSP-2024 - INFO - Client 7 is trainning . . . (fedavg.py:16)
2024-11-17 20:03:50,890 - FedCSP-2024 - INFO - load model in local_client.pt (run_model.py:200)
2024-11-17 20:03:51,879 - FedCSP-2024 - INFO - Client 8 is trainning . . . (fedavg.py:16)
2024-11-17 20:03:51,880 - FedCSP-2024 - INFO - load model in local_client.pt (run_model.py:200)
2024-11-17 20:03:52,884 - FedCSP-2024 - INFO - Client 9 is trainning . . . (fedavg.py:16)
2024-11-17 20:03:52,887 - FedCSP-2024 - INFO - load model in local_client.pt (run_model.py:200)
2024-11-17 20:03:53,805 - FedCSP-2024 - INFO - Client 10 is trainning . . . (fedavg.py:16)
2024-11-17 20:03:53,806 - FedCSP-2024 - INFO - load model in local_client.pt (run_model.py:200)
2024-11-17 20:03:54,868 - FedCSP-2024 - INFO - Do get_Dataset (handle_data.py:32)
2024-11-17 20:03:55,596 - FedCSP-2024 - INFO - argumentation: 0 (handle_data.py:96)
2024-11-17 20:03:57,253 - FedCSP-2024 - INFO - Do get_Dataset (handle_data.py:32)
2024-11-17 20:03:58,033 - FedCSP-2024 - INFO - argumentation: 0 (handle_data.py:96)
2024-11-17 20:03:58,033 - FedCSP-2024 - INFO - Do split_data 
 it take a very long time! ~ 2 minutes (handle_data.py:208)
2024-11-17 20:04:06,781 - FedCSP-2024 - INFO - Do split_data 
 it take a very long time! ~ 2 minutes (handle_data.py:208)
2024-11-17 20:04:08,030 - FedCSP-2024 - INFO - {'client_0': <torch.utils.data.dataset.TensorDataset object at 0x0000026294DF09E0>, 'client_1': <torch.utils.data.dataset.TensorDataset object at 0x0000026294D6DEB0>, 'client_2': <torch.utils.data.dataset.TensorDataset object at 0x0000026294ED6090>, 'client_3': <torch.utils.data.dataset.TensorDataset object at 0x000002628A5E93A0>, 'client_4': <torch.utils.data.dataset.TensorDataset object at 0x0000026294FA64E0>, 'client_5': <torch.utils.data.dataset.TensorDataset object at 0x0000026294FA69F0>, 'client_6': <torch.utils.data.dataset.TensorDataset object at 0x0000026294FA76E0>, 'client_7': <torch.utils.data.dataset.TensorDataset object at 0x0000026306DD6690>, 'client_8': <torch.utils.data.dataset.TensorDataset object at 0x0000026306DD6510>, 'client_9': <torch.utils.data.dataset.TensorDataset object at 0x0000026306DD7D10>} (Local.py:32)
2024-11-17 20:04:08,100 - FedCSP-2024 - INFO - Client 1 is trainning . . . (fedavg.py:16)
2024-11-17 20:04:08,113 - FedCSP-2024 - INFO - load model in local_client.pt (run_model.py:200)
2024-11-17 20:04:09,309 - FedCSP-2024 - INFO - Client 2 is trainning . . . (fedavg.py:16)
2024-11-17 20:04:09,310 - FedCSP-2024 - INFO - load model in local_client.pt (run_model.py:200)
2024-11-17 20:04:10,296 - FedCSP-2024 - INFO - Client 3 is trainning . . . (fedavg.py:16)
2024-11-17 20:04:10,297 - FedCSP-2024 - INFO - load model in local_client.pt (run_model.py:200)
2024-11-17 20:04:11,347 - FedCSP-2024 - INFO - Client 4 is trainning . . . (fedavg.py:16)
2024-11-17 20:04:11,350 - FedCSP-2024 - INFO - load model in local_client.pt (run_model.py:200)
2024-11-17 20:04:12,346 - FedCSP-2024 - INFO - Client 5 is trainning . . . (fedavg.py:16)
2024-11-17 20:04:12,347 - FedCSP-2024 - INFO - load model in local_client.pt (run_model.py:200)
2024-11-17 20:04:13,303 - FedCSP-2024 - INFO - Client 6 is trainning . . . (fedavg.py:16)
2024-11-17 20:04:13,306 - FedCSP-2024 - INFO - load model in local_client.pt (run_model.py:200)
2024-11-17 20:04:14,290 - FedCSP-2024 - INFO - Client 7 is trainning . . . (fedavg.py:16)
2024-11-17 20:04:14,293 - FedCSP-2024 - INFO - load model in local_client.pt (run_model.py:200)
2024-11-17 20:04:15,354 - FedCSP-2024 - INFO - Client 8 is trainning . . . (fedavg.py:16)
2024-11-17 20:04:15,355 - FedCSP-2024 - INFO - load model in local_client.pt (run_model.py:200)
2024-11-17 20:04:16,361 - FedCSP-2024 - INFO - Client 9 is trainning . . . (fedavg.py:16)
2024-11-17 20:04:16,362 - FedCSP-2024 - INFO - load model in local_client.pt (run_model.py:200)
2024-11-17 20:04:17,499 - FedCSP-2024 - INFO - Client 10 is trainning . . . (fedavg.py:16)
2024-11-17 20:04:17,501 - FedCSP-2024 - INFO - load model in local_client.pt (run_model.py:200)
2024-11-17 20:04:18,469 - FedCSP-2024 - INFO - Do get_Dataset (handle_data.py:32)
2024-11-17 20:04:19,164 - FedCSP-2024 - INFO - argumentation: 0 (handle_data.py:96)
2024-11-17 20:04:20,910 - FedCSP-2024 - INFO - Do get_Dataset (handle_data.py:32)
2024-11-17 20:04:21,646 - FedCSP-2024 - INFO - argumentation: 0 (handle_data.py:96)
2024-11-17 20:04:21,646 - FedCSP-2024 - INFO - Do split_data 
 it take a very long time! ~ 2 minutes (handle_data.py:208)
2024-11-17 20:04:29,978 - FedCSP-2024 - INFO - Do split_data 
 it take a very long time! ~ 2 minutes (handle_data.py:208)
2024-11-17 20:04:31,253 - FedCSP-2024 - INFO - {'client_0': <torch.utils.data.dataset.TensorDataset object at 0x0000026294CC3DA0>, 'client_1': <torch.utils.data.dataset.TensorDataset object at 0x000002628C8BB020>, 'client_2': <torch.utils.data.dataset.TensorDataset object at 0x0000026294ED7EC0>, 'client_3': <torch.utils.data.dataset.TensorDataset object at 0x000002629ED6DBB0>, 'client_4': <torch.utils.data.dataset.TensorDataset object at 0x0000026287B95790>, 'client_5': <torch.utils.data.dataset.TensorDataset object at 0x0000026294FA6AE0>, 'client_6': <torch.utils.data.dataset.TensorDataset object at 0x0000026294FA4860>, 'client_7': <torch.utils.data.dataset.TensorDataset object at 0x0000026294FA58E0>, 'client_8': <torch.utils.data.dataset.TensorDataset object at 0x0000026294FA7C20>, 'client_9': <torch.utils.data.dataset.TensorDataset object at 0x0000026294FA67E0>} (Local.py:32)
2024-11-17 20:04:31,310 - FedCSP-2024 - INFO - Client 1 is trainning . . . (fedavg.py:16)
2024-11-17 20:04:31,313 - FedCSP-2024 - INFO - load model in local_client.pt (run_model.py:200)
2024-11-17 20:04:32,434 - FedCSP-2024 - INFO - Client 2 is trainning . . . (fedavg.py:16)
2024-11-17 20:04:32,435 - FedCSP-2024 - INFO - load model in local_client.pt (run_model.py:200)
2024-11-17 20:04:33,397 - FedCSP-2024 - INFO - Client 3 is trainning . . . (fedavg.py:16)
2024-11-17 20:04:33,399 - FedCSP-2024 - INFO - load model in local_client.pt (run_model.py:200)
2024-11-17 20:04:34,343 - FedCSP-2024 - INFO - Client 4 is trainning . . . (fedavg.py:16)
2024-11-17 20:04:34,344 - FedCSP-2024 - INFO - load model in local_client.pt (run_model.py:200)
2024-11-17 20:04:35,283 - FedCSP-2024 - INFO - Client 5 is trainning . . . (fedavg.py:16)
2024-11-17 20:04:35,284 - FedCSP-2024 - INFO - load model in local_client.pt (run_model.py:200)
2024-11-17 20:04:36,215 - FedCSP-2024 - INFO - Client 6 is trainning . . . (fedavg.py:16)
2024-11-17 20:04:36,217 - FedCSP-2024 - INFO - load model in local_client.pt (run_model.py:200)
2024-11-17 20:04:37,194 - FedCSP-2024 - INFO - Client 7 is trainning . . . (fedavg.py:16)
2024-11-17 20:04:37,196 - FedCSP-2024 - INFO - load model in local_client.pt (run_model.py:200)
2024-11-17 20:04:38,255 - FedCSP-2024 - INFO - Client 8 is trainning . . . (fedavg.py:16)
2024-11-17 20:04:38,256 - FedCSP-2024 - INFO - load model in local_client.pt (run_model.py:200)
2024-11-17 20:04:39,197 - FedCSP-2024 - INFO - Client 9 is trainning . . . (fedavg.py:16)
2024-11-17 20:04:39,198 - FedCSP-2024 - INFO - load model in local_client.pt (run_model.py:200)
2024-11-17 20:04:40,177 - FedCSP-2024 - INFO - Client 10 is trainning . . . (fedavg.py:16)
2024-11-17 20:04:40,179 - FedCSP-2024 - INFO - load model in local_client.pt (run_model.py:200)
2024-11-17 20:04:41,122 - FedCSP-2024 - INFO - Do get_Dataset (handle_data.py:32)
2024-11-17 20:04:41,860 - FedCSP-2024 - INFO - argumentation: 0 (handle_data.py:96)
2024-11-17 20:04:43,691 - FedCSP-2024 - INFO - Do get_Dataset (handle_data.py:32)
2024-11-17 20:04:44,415 - FedCSP-2024 - INFO - argumentation: 0 (handle_data.py:96)
2024-11-17 20:04:44,415 - FedCSP-2024 - INFO - Do split_data 
 it take a very long time! ~ 2 minutes (handle_data.py:208)
2024-11-17 20:04:52,717 - FedCSP-2024 - INFO - Do split_data 
 it take a very long time! ~ 2 minutes (handle_data.py:208)
2024-11-17 20:04:53,823 - FedCSP-2024 - INFO - {'client_0': <torch.utils.data.dataset.TensorDataset object at 0x000002628C8BBDA0>, 'client_1': <torch.utils.data.dataset.TensorDataset object at 0x000002628CE130E0>, 'client_2': <torch.utils.data.dataset.TensorDataset object at 0x000002628A5E93A0>, 'client_3': <torch.utils.data.dataset.TensorDataset object at 0x000002628C2FD670>, 'client_4': <torch.utils.data.dataset.TensorDataset object at 0x0000026294FA77D0>, 'client_5': <torch.utils.data.dataset.TensorDataset object at 0x0000026294FA66F0>, 'client_6': <torch.utils.data.dataset.TensorDataset object at 0x0000026294FA5460>, 'client_7': <torch.utils.data.dataset.TensorDataset object at 0x0000026294FA6390>, 'client_8': <torch.utils.data.dataset.TensorDataset object at 0x0000026294FA7710>, 'client_9': <torch.utils.data.dataset.TensorDataset object at 0x0000026306DD6090>} (Local.py:32)
2024-11-17 20:04:53,905 - FedCSP-2024 - INFO - Client 1 is trainning . . . (fedavg.py:16)
2024-11-17 20:04:53,915 - FedCSP-2024 - INFO - load model in local_client.pt (run_model.py:200)
2024-11-17 20:04:55,087 - FedCSP-2024 - INFO - Client 2 is trainning . . . (fedavg.py:16)
2024-11-17 20:04:55,089 - FedCSP-2024 - INFO - load model in local_client.pt (run_model.py:200)
2024-11-17 20:04:56,055 - FedCSP-2024 - INFO - Client 3 is trainning . . . (fedavg.py:16)
2024-11-17 20:04:56,056 - FedCSP-2024 - INFO - load model in local_client.pt (run_model.py:200)
2024-11-17 20:04:57,033 - FedCSP-2024 - INFO - Client 4 is trainning . . . (fedavg.py:16)
2024-11-17 20:04:57,034 - FedCSP-2024 - INFO - load model in local_client.pt (run_model.py:200)
2024-11-17 20:04:57,965 - FedCSP-2024 - INFO - Client 5 is trainning . . . (fedavg.py:16)
2024-11-17 20:04:57,966 - FedCSP-2024 - INFO - load model in local_client.pt (run_model.py:200)
2024-11-17 20:04:58,954 - FedCSP-2024 - INFO - Client 6 is trainning . . . (fedavg.py:16)
2024-11-17 20:04:58,957 - FedCSP-2024 - INFO - load model in local_client.pt (run_model.py:200)
2024-11-17 20:04:59,963 - FedCSP-2024 - INFO - Client 7 is trainning . . . (fedavg.py:16)
2024-11-17 20:04:59,964 - FedCSP-2024 - INFO - load model in local_client.pt (run_model.py:200)
2024-11-17 20:05:00,900 - FedCSP-2024 - INFO - Client 8 is trainning . . . (fedavg.py:16)
2024-11-17 20:05:00,900 - FedCSP-2024 - INFO - load model in local_client.pt (run_model.py:200)
2024-11-17 20:05:01,854 - FedCSP-2024 - INFO - Client 9 is trainning . . . (fedavg.py:16)
2024-11-17 20:05:01,854 - FedCSP-2024 - INFO - load model in local_client.pt (run_model.py:200)
2024-11-17 20:05:02,850 - FedCSP-2024 - INFO - Client 10 is trainning . . . (fedavg.py:16)
2024-11-17 20:05:02,853 - FedCSP-2024 - INFO - load model in local_client.pt (run_model.py:200)
2024-11-17 20:05:03,920 - FedCSP-2024 - INFO - Do get_Dataset (handle_data.py:32)
2024-11-17 20:05:04,640 - FedCSP-2024 - INFO - argumentation: 0 (handle_data.py:96)
2024-11-17 20:05:06,165 - FedCSP-2024 - INFO - Do get_Dataset (handle_data.py:32)
2024-11-17 20:05:06,927 - FedCSP-2024 - INFO - argumentation: 0 (handle_data.py:96)
2024-11-17 20:05:06,927 - FedCSP-2024 - INFO - Do split_data 
 it take a very long time! ~ 2 minutes (handle_data.py:208)
2024-11-17 20:05:14,647 - FedCSP-2024 - INFO - Do split_data 
 it take a very long time! ~ 2 minutes (handle_data.py:208)
2024-11-17 20:05:15,677 - FedCSP-2024 - INFO - {'client_0': <torch.utils.data.dataset.TensorDataset object at 0x000002628C61CA10>, 'client_1': <torch.utils.data.dataset.TensorDataset object at 0x000002628CD4E060>, 'client_2': <torch.utils.data.dataset.TensorDataset object at 0x0000026294EA73E0>, 'client_3': <torch.utils.data.dataset.TensorDataset object at 0x000002628C9E3950>, 'client_4': <torch.utils.data.dataset.TensorDataset object at 0x0000026294FA5EE0>, 'client_5': <torch.utils.data.dataset.TensorDataset object at 0x0000026294FA5E50>, 'client_6': <torch.utils.data.dataset.TensorDataset object at 0x0000026294FA7D10>, 'client_7': <torch.utils.data.dataset.TensorDataset object at 0x0000026294FA6B10>, 'client_8': <torch.utils.data.dataset.TensorDataset object at 0x0000026294FA7E60>, 'client_9': <torch.utils.data.dataset.TensorDataset object at 0x0000026294FA7530>} (Local.py:32)
2024-11-17 20:05:15,753 - FedCSP-2024 - INFO - Client 1 is trainning . . . (fedavg.py:16)
2024-11-17 20:05:15,763 - FedCSP-2024 - INFO - load model in local_client.pt (run_model.py:200)
2024-11-17 20:05:16,964 - FedCSP-2024 - INFO - Client 2 is trainning . . . (fedavg.py:16)
2024-11-17 20:05:16,965 - FedCSP-2024 - INFO - load model in local_client.pt (run_model.py:200)
2024-11-17 20:05:17,897 - FedCSP-2024 - INFO - Client 3 is trainning . . . (fedavg.py:16)
2024-11-17 20:05:17,898 - FedCSP-2024 - INFO - load model in local_client.pt (run_model.py:200)
2024-11-17 20:05:18,841 - FedCSP-2024 - INFO - Client 4 is trainning . . . (fedavg.py:16)
2024-11-17 20:05:18,842 - FedCSP-2024 - INFO - load model in local_client.pt (run_model.py:200)
2024-11-17 20:05:19,832 - FedCSP-2024 - INFO - Client 5 is trainning . . . (fedavg.py:16)
2024-11-17 20:05:19,834 - FedCSP-2024 - INFO - load model in local_client.pt (run_model.py:200)
2024-11-17 20:05:20,757 - FedCSP-2024 - INFO - Client 6 is trainning . . . (fedavg.py:16)
2024-11-17 20:05:20,758 - FedCSP-2024 - INFO - load model in local_client.pt (run_model.py:200)
2024-11-17 20:05:21,690 - FedCSP-2024 - INFO - Client 7 is trainning . . . (fedavg.py:16)
2024-11-17 20:05:21,693 - FedCSP-2024 - INFO - load model in local_client.pt (run_model.py:200)
2024-11-17 20:05:22,640 - FedCSP-2024 - INFO - Client 8 is trainning . . . (fedavg.py:16)
2024-11-17 20:05:22,641 - FedCSP-2024 - INFO - load model in local_client.pt (run_model.py:200)
2024-11-17 20:05:23,548 - FedCSP-2024 - INFO - Client 9 is trainning . . . (fedavg.py:16)
2024-11-17 20:05:23,551 - FedCSP-2024 - INFO - load model in local_client.pt (run_model.py:200)
2024-11-17 20:05:24,454 - FedCSP-2024 - INFO - Client 10 is trainning . . . (fedavg.py:16)
2024-11-17 20:05:24,456 - FedCSP-2024 - INFO - load model in local_client.pt (run_model.py:200)
2024-11-17 20:05:25,488 - FedCSP-2024 - INFO - Do get_Dataset (handle_data.py:32)
2024-11-17 20:05:26,180 - FedCSP-2024 - INFO - argumentation: 0 (handle_data.py:96)
2024-11-17 20:05:27,665 - FedCSP-2024 - INFO - Do get_Dataset (handle_data.py:32)
2024-11-17 20:05:28,378 - FedCSP-2024 - INFO - argumentation: 0 (handle_data.py:96)
2024-11-17 20:05:28,378 - FedCSP-2024 - INFO - Do split_data 
 it take a very long time! ~ 2 minutes (handle_data.py:208)
2024-11-17 20:05:35,987 - FedCSP-2024 - INFO - Do split_data 
 it take a very long time! ~ 2 minutes (handle_data.py:208)
2024-11-17 20:05:37,160 - FedCSP-2024 - INFO - {'client_0': <torch.utils.data.dataset.TensorDataset object at 0x0000026294CC3DA0>, 'client_1': <torch.utils.data.dataset.TensorDataset object at 0x000002628A5E93A0>, 'client_2': <torch.utils.data.dataset.TensorDataset object at 0x0000026294FA7D70>, 'client_3': <torch.utils.data.dataset.TensorDataset object at 0x0000026294FA7530>, 'client_4': <torch.utils.data.dataset.TensorDataset object at 0x0000026294FA5FA0>, 'client_5': <torch.utils.data.dataset.TensorDataset object at 0x0000026294FA6750>, 'client_6': <torch.utils.data.dataset.TensorDataset object at 0x0000026294FA7680>, 'client_7': <torch.utils.data.dataset.TensorDataset object at 0x0000026294FA56A0>, 'client_8': <torch.utils.data.dataset.TensorDataset object at 0x0000026294FA6810>, 'client_9': <torch.utils.data.dataset.TensorDataset object at 0x0000026294FA6120>} (Local.py:32)
2024-11-17 20:05:37,203 - FedCSP-2024 - INFO - Client 1 is trainning . . . (fedavg.py:16)
2024-11-17 20:05:37,206 - FedCSP-2024 - INFO - load model in local_client.pt (run_model.py:200)
2024-11-17 20:05:38,330 - FedCSP-2024 - INFO - Client 2 is trainning . . . (fedavg.py:16)
2024-11-17 20:05:38,331 - FedCSP-2024 - INFO - load model in local_client.pt (run_model.py:200)
2024-11-17 20:05:39,353 - FedCSP-2024 - INFO - Client 3 is trainning . . . (fedavg.py:16)
2024-11-17 20:05:39,355 - FedCSP-2024 - INFO - load model in local_client.pt (run_model.py:200)
2024-11-17 20:05:40,360 - FedCSP-2024 - INFO - Client 4 is trainning . . . (fedavg.py:16)
2024-11-17 20:05:40,362 - FedCSP-2024 - INFO - load model in local_client.pt (run_model.py:200)
2024-11-17 20:05:41,384 - FedCSP-2024 - INFO - Client 5 is trainning . . . (fedavg.py:16)
2024-11-17 20:05:41,387 - FedCSP-2024 - INFO - load model in local_client.pt (run_model.py:200)
2024-11-17 20:05:42,381 - FedCSP-2024 - INFO - Client 6 is trainning . . . (fedavg.py:16)
2024-11-17 20:05:42,384 - FedCSP-2024 - INFO - load model in local_client.pt (run_model.py:200)
2024-11-17 20:05:43,379 - FedCSP-2024 - INFO - Client 7 is trainning . . . (fedavg.py:16)
2024-11-17 20:05:43,382 - FedCSP-2024 - INFO - load model in local_client.pt (run_model.py:200)
2024-11-17 20:05:44,302 - FedCSP-2024 - INFO - Client 8 is trainning . . . (fedavg.py:16)
2024-11-17 20:05:44,304 - FedCSP-2024 - INFO - load model in local_client.pt (run_model.py:200)
2024-11-17 20:05:45,205 - FedCSP-2024 - INFO - Client 9 is trainning . . . (fedavg.py:16)
2024-11-17 20:05:45,208 - FedCSP-2024 - INFO - load model in local_client.pt (run_model.py:200)
2024-11-17 20:05:46,146 - FedCSP-2024 - INFO - Client 10 is trainning . . . (fedavg.py:16)
2024-11-17 20:05:46,148 - FedCSP-2024 - INFO - load model in local_client.pt (run_model.py:200)
2024-11-17 20:05:47,071 - FedCSP-2024 - INFO - Do get_Dataset (handle_data.py:32)
2024-11-17 20:05:47,797 - FedCSP-2024 - INFO - argumentation: 0 (handle_data.py:96)
2024-11-17 20:05:49,392 - FedCSP-2024 - INFO - Do get_Dataset (handle_data.py:32)
2024-11-17 20:05:50,145 - FedCSP-2024 - INFO - argumentation: 0 (handle_data.py:96)
2024-11-17 20:05:50,145 - FedCSP-2024 - INFO - Do split_data 
 it take a very long time! ~ 2 minutes (handle_data.py:208)
2024-11-17 20:05:57,949 - FedCSP-2024 - INFO - Do split_data 
 it take a very long time! ~ 2 minutes (handle_data.py:208)
2024-11-17 20:05:59,099 - FedCSP-2024 - INFO - {'client_0': <torch.utils.data.dataset.TensorDataset object at 0x000002628C8BB020>, 'client_1': <torch.utils.data.dataset.TensorDataset object at 0x000002628C61CA10>, 'client_2': <torch.utils.data.dataset.TensorDataset object at 0x0000026306DD5A90>, 'client_3': <torch.utils.data.dataset.TensorDataset object at 0x0000026306DD4C20>, 'client_4': <torch.utils.data.dataset.TensorDataset object at 0x0000026306DD7740>, 'client_5': <torch.utils.data.dataset.TensorDataset object at 0x0000026306DD5A00>, 'client_6': <torch.utils.data.dataset.TensorDataset object at 0x0000026306DD5580>, 'client_7': <torch.utils.data.dataset.TensorDataset object at 0x0000026306DD4920>, 'client_8': <torch.utils.data.dataset.TensorDataset object at 0x0000026306DD7650>, 'client_9': <torch.utils.data.dataset.TensorDataset object at 0x0000026306DD6600>} (Local.py:32)
2024-11-17 20:05:59,171 - FedCSP-2024 - INFO - Client 1 is trainning . . . (fedavg.py:16)
2024-11-17 20:05:59,181 - FedCSP-2024 - INFO - load model in local_client.pt (run_model.py:200)
2024-11-17 20:06:00,303 - FedCSP-2024 - INFO - Client 2 is trainning . . . (fedavg.py:16)
2024-11-17 20:06:00,305 - FedCSP-2024 - INFO - load model in local_client.pt (run_model.py:200)
2024-11-17 20:06:01,204 - FedCSP-2024 - INFO - Client 3 is trainning . . . (fedavg.py:16)
2024-11-17 20:06:01,205 - FedCSP-2024 - INFO - load model in local_client.pt (run_model.py:200)
2024-11-17 20:06:02,122 - FedCSP-2024 - INFO - Client 4 is trainning . . . (fedavg.py:16)
2024-11-17 20:06:02,123 - FedCSP-2024 - INFO - load model in local_client.pt (run_model.py:200)
2024-11-17 20:06:03,165 - FedCSP-2024 - INFO - Client 5 is trainning . . . (fedavg.py:16)
2024-11-17 20:06:03,168 - FedCSP-2024 - INFO - load model in local_client.pt (run_model.py:200)
2024-11-17 20:06:04,019 - FedCSP-2024 - INFO - Client 6 is trainning . . . (fedavg.py:16)
2024-11-17 20:06:04,020 - FedCSP-2024 - INFO - load model in local_client.pt (run_model.py:200)
2024-11-17 20:06:04,918 - FedCSP-2024 - INFO - Client 7 is trainning . . . (fedavg.py:16)
2024-11-17 20:06:04,920 - FedCSP-2024 - INFO - load model in local_client.pt (run_model.py:200)
2024-11-17 20:06:05,838 - FedCSP-2024 - INFO - Client 8 is trainning . . . (fedavg.py:16)
2024-11-17 20:06:05,840 - FedCSP-2024 - INFO - load model in local_client.pt (run_model.py:200)
2024-11-17 20:06:06,743 - FedCSP-2024 - INFO - Client 9 is trainning . . . (fedavg.py:16)
2024-11-17 20:06:06,744 - FedCSP-2024 - INFO - load model in local_client.pt (run_model.py:200)
2024-11-17 20:06:07,607 - FedCSP-2024 - INFO - Client 10 is trainning . . . (fedavg.py:16)
2024-11-17 20:06:07,608 - FedCSP-2024 - INFO - load model in local_client.pt (run_model.py:200)
2024-11-17 20:06:08,540 - FedCSP-2024 - INFO - Do get_Dataset (handle_data.py:32)
2024-11-17 20:06:09,230 - FedCSP-2024 - INFO - argumentation: 0 (handle_data.py:96)
2024-11-17 20:06:10,785 - FedCSP-2024 - INFO - Do get_Dataset (handle_data.py:32)
2024-11-17 20:06:11,503 - FedCSP-2024 - INFO - argumentation: 0 (handle_data.py:96)
2024-11-17 20:06:11,503 - FedCSP-2024 - INFO - Do split_data 
 it take a very long time! ~ 2 minutes (handle_data.py:208)
2024-11-17 20:06:19,438 - FedCSP-2024 - INFO - Do split_data 
 it take a very long time! ~ 2 minutes (handle_data.py:208)
2024-11-17 20:06:20,717 - FedCSP-2024 - INFO - {'client_0': <torch.utils.data.dataset.TensorDataset object at 0x0000026294CC3DA0>, 'client_1': <torch.utils.data.dataset.TensorDataset object at 0x000002628C8BBDA0>, 'client_2': <torch.utils.data.dataset.TensorDataset object at 0x0000026294E8E870>, 'client_3': <torch.utils.data.dataset.TensorDataset object at 0x0000026294FA5EE0>, 'client_4': <torch.utils.data.dataset.TensorDataset object at 0x0000026294FA7680>, 'client_5': <torch.utils.data.dataset.TensorDataset object at 0x0000026294FA6570>, 'client_6': <torch.utils.data.dataset.TensorDataset object at 0x0000026294FA7890>, 'client_7': <torch.utils.data.dataset.TensorDataset object at 0x0000026294FA69F0>, 'client_8': <torch.utils.data.dataset.TensorDataset object at 0x0000026294FA58E0>, 'client_9': <torch.utils.data.dataset.TensorDataset object at 0x0000026294FA68A0>} (Local.py:32)
2024-11-17 20:06:20,767 - FedCSP-2024 - INFO - Client 1 is trainning . . . (fedavg.py:16)
2024-11-17 20:06:20,777 - FedCSP-2024 - INFO - load model in local_client.pt (run_model.py:200)
2024-11-17 20:06:21,866 - FedCSP-2024 - INFO - Client 2 is trainning . . . (fedavg.py:16)
2024-11-17 20:06:21,868 - FedCSP-2024 - INFO - load model in local_client.pt (run_model.py:200)
2024-11-17 20:06:22,797 - FedCSP-2024 - INFO - Client 3 is trainning . . . (fedavg.py:16)
2024-11-17 20:06:22,799 - FedCSP-2024 - INFO - load model in local_client.pt (run_model.py:200)
2024-11-17 20:06:23,766 - FedCSP-2024 - INFO - Client 4 is trainning . . . (fedavg.py:16)
2024-11-17 20:06:23,767 - FedCSP-2024 - INFO - load model in local_client.pt (run_model.py:200)
2024-11-17 20:06:24,730 - FedCSP-2024 - INFO - Client 5 is trainning . . . (fedavg.py:16)
2024-11-17 20:06:24,730 - FedCSP-2024 - INFO - load model in local_client.pt (run_model.py:200)
2024-11-17 20:06:25,640 - FedCSP-2024 - INFO - Client 6 is trainning . . . (fedavg.py:16)
2024-11-17 20:06:25,642 - FedCSP-2024 - INFO - load model in local_client.pt (run_model.py:200)
2024-11-17 20:06:26,584 - FedCSP-2024 - INFO - Client 7 is trainning . . . (fedavg.py:16)
2024-11-17 20:06:26,586 - FedCSP-2024 - INFO - load model in local_client.pt (run_model.py:200)
2024-11-17 20:06:27,592 - FedCSP-2024 - INFO - Client 8 is trainning . . . (fedavg.py:16)
2024-11-17 20:06:27,594 - FedCSP-2024 - INFO - load model in local_client.pt (run_model.py:200)
2024-11-17 20:06:28,616 - FedCSP-2024 - INFO - Client 9 is trainning . . . (fedavg.py:16)
2024-11-17 20:06:28,618 - FedCSP-2024 - INFO - load model in local_client.pt (run_model.py:200)
2024-11-17 20:06:29,575 - FedCSP-2024 - INFO - Client 10 is trainning . . . (fedavg.py:16)
2024-11-17 20:06:29,577 - FedCSP-2024 - INFO - load model in local_client.pt (run_model.py:200)
2024-11-17 20:06:30,544 - FedCSP-2024 - INFO - Do get_Dataset (handle_data.py:32)
2024-11-17 20:06:31,238 - FedCSP-2024 - INFO - argumentation: 0 (handle_data.py:96)
2024-11-17 20:06:32,831 - FedCSP-2024 - INFO - Do get_Dataset (handle_data.py:32)
2024-11-17 20:06:33,557 - FedCSP-2024 - INFO - argumentation: 0 (handle_data.py:96)
2024-11-17 20:06:33,558 - FedCSP-2024 - INFO - Do split_data 
 it take a very long time! ~ 2 minutes (handle_data.py:208)
2024-11-17 20:06:41,435 - FedCSP-2024 - INFO - Do split_data 
 it take a very long time! ~ 2 minutes (handle_data.py:208)
2024-11-17 20:06:42,473 - FedCSP-2024 - INFO - {'client_0': <torch.utils.data.dataset.TensorDataset object at 0x0000026294E8E0F0>, 'client_1': <torch.utils.data.dataset.TensorDataset object at 0x0000026294ED5B80>, 'client_2': <torch.utils.data.dataset.TensorDataset object at 0x000002628C9E3950>, 'client_3': <torch.utils.data.dataset.TensorDataset object at 0x0000026294FA6750>, 'client_4': <torch.utils.data.dataset.TensorDataset object at 0x0000026294FA7650>, 'client_5': <torch.utils.data.dataset.TensorDataset object at 0x0000026294FA5E50>, 'client_6': <torch.utils.data.dataset.TensorDataset object at 0x0000026294FA6990>, 'client_7': <torch.utils.data.dataset.TensorDataset object at 0x0000026294FA7560>, 'client_8': <torch.utils.data.dataset.TensorDataset object at 0x0000026294FA7AA0>, 'client_9': <torch.utils.data.dataset.TensorDataset object at 0x0000026294FA7DA0>} (Local.py:32)
2024-11-17 20:06:42,550 - FedCSP-2024 - INFO - Client 1 is trainning . . . (fedavg.py:16)
2024-11-17 20:06:42,554 - FedCSP-2024 - INFO - load model in local_client.pt (run_model.py:200)
2024-11-17 20:06:43,618 - FedCSP-2024 - INFO - Client 2 is trainning . . . (fedavg.py:16)
2024-11-17 20:06:43,619 - FedCSP-2024 - INFO - load model in local_client.pt (run_model.py:200)
2024-11-17 20:06:44,619 - FedCSP-2024 - INFO - Client 3 is trainning . . . (fedavg.py:16)
2024-11-17 20:06:44,621 - FedCSP-2024 - INFO - load model in local_client.pt (run_model.py:200)
2024-11-17 20:06:45,537 - FedCSP-2024 - INFO - Client 4 is trainning . . . (fedavg.py:16)
2024-11-17 20:06:45,539 - FedCSP-2024 - INFO - load model in local_client.pt (run_model.py:200)
2024-11-17 20:06:46,459 - FedCSP-2024 - INFO - Client 5 is trainning . . . (fedavg.py:16)
2024-11-17 20:06:46,460 - FedCSP-2024 - INFO - load model in local_client.pt (run_model.py:200)
2024-11-17 20:06:47,501 - FedCSP-2024 - INFO - Client 6 is trainning . . . (fedavg.py:16)
2024-11-17 20:06:47,503 - FedCSP-2024 - INFO - load model in local_client.pt (run_model.py:200)
2024-11-17 20:06:48,443 - FedCSP-2024 - INFO - Client 7 is trainning . . . (fedavg.py:16)
2024-11-17 20:06:48,445 - FedCSP-2024 - INFO - load model in local_client.pt (run_model.py:200)
2024-11-17 20:06:49,309 - FedCSP-2024 - INFO - Client 8 is trainning . . . (fedavg.py:16)
2024-11-17 20:06:49,312 - FedCSP-2024 - INFO - load model in local_client.pt (run_model.py:200)
2024-11-17 20:06:50,293 - FedCSP-2024 - INFO - Client 9 is trainning . . . (fedavg.py:16)
2024-11-17 20:06:50,295 - FedCSP-2024 - INFO - load model in local_client.pt (run_model.py:200)
2024-11-17 20:06:51,201 - FedCSP-2024 - INFO - Client 10 is trainning . . . (fedavg.py:16)
2024-11-17 20:06:51,203 - FedCSP-2024 - INFO - load model in local_client.pt (run_model.py:200)
2024-11-17 20:06:52,324 - FedCSP-2024 - INFO - Do get_Dataset (handle_data.py:32)
2024-11-17 20:06:53,050 - FedCSP-2024 - INFO - argumentation: 0 (handle_data.py:96)
