2024-11-17 20:19:42,128 - FedCSP-2024 - INFO - -----------Server start Federated Learning----------- 
 (server.py:24)
2024-11-17 20:19:42,128 - FedCSP-2024 - INFO - Round 0: 
 (utils.py:66)
2024-11-17 20:19:42,948 - FedCSP-2024 - INFO - argumentation: 0 (handle_data.py:96)
2024-11-17 20:19:51,971 - FedCSP-2024 - INFO - Client 1 is trainning . . . (fedavg.py:16)
2024-11-17 20:19:53,418 - FedCSP-2024 - INFO - Client 2 is trainning . . . (fedavg.py:16)
2024-11-17 20:19:54,325 - FedCSP-2024 - INFO - Client 3 is trainning . . . (fedavg.py:16)
2024-11-17 20:19:55,264 - FedCSP-2024 - INFO - Client 4 is trainning . . . (fedavg.py:16)
2024-11-17 20:19:56,194 - FedCSP-2024 - INFO - Client 5 is trainning . . . (fedavg.py:16)
2024-11-17 20:19:57,107 - FedCSP-2024 - INFO - Client 6 is trainning . . . (fedavg.py:16)
2024-11-17 20:19:57,977 - FedCSP-2024 - INFO - Client 7 is trainning . . . (fedavg.py:16)
2024-11-17 20:19:58,889 - FedCSP-2024 - INFO - Client 8 is trainning . . . (fedavg.py:16)
2024-11-17 20:19:59,801 - FedCSP-2024 - INFO - Client 9 is trainning . . . (fedavg.py:16)
2024-11-17 20:20:00,735 - FedCSP-2024 - INFO - Client 10 is trainning . . . (fedavg.py:16)
2024-11-17 20:20:02,374 - FedCSP-2024 - INFO - argumentation: 0 (handle_data.py:96)
2024-11-17 20:20:04,005 - FedCSP-2024 - INFO - Testing 
: Acc: 10.07, Loss: 0.0 (utils.py:66)
2024-11-17 20:20:04,006 - FedCSP-2024 - INFO - Round 1: 
 (utils.py:66)
2024-11-17 20:20:04,713 - FedCSP-2024 - INFO - argumentation: 0 (handle_data.py:96)
2024-11-17 20:20:14,470 - FedCSP-2024 - INFO - Client 1 is trainning . . . (fedavg.py:16)
2024-11-17 20:20:15,655 - FedCSP-2024 - INFO - Client 2 is trainning . . . (fedavg.py:16)
2024-11-17 20:20:16,638 - FedCSP-2024 - INFO - Client 3 is trainning . . . (fedavg.py:16)
2024-11-17 20:20:17,660 - FedCSP-2024 - INFO - Client 4 is trainning . . . (fedavg.py:16)
2024-11-17 20:20:18,678 - FedCSP-2024 - INFO - Client 5 is trainning . . . (fedavg.py:16)
2024-11-17 20:20:19,712 - FedCSP-2024 - INFO - Client 6 is trainning . . . (fedavg.py:16)
2024-11-17 20:20:20,731 - FedCSP-2024 - INFO - Client 7 is trainning . . . (fedavg.py:16)
2024-11-17 20:20:21,797 - FedCSP-2024 - INFO - Client 8 is trainning . . . (fedavg.py:16)
2024-11-17 20:20:22,758 - FedCSP-2024 - INFO - Client 9 is trainning . . . (fedavg.py:16)
2024-11-17 20:20:23,843 - FedCSP-2024 - INFO - Client 10 is trainning . . . (fedavg.py:16)
2024-11-17 20:20:25,665 - FedCSP-2024 - INFO - argumentation: 0 (handle_data.py:96)
2024-11-17 20:20:27,470 - FedCSP-2024 - INFO - Testing 
: Acc: 18.19, Loss: 0.0 (utils.py:66)
2024-11-17 20:20:27,471 - FedCSP-2024 - INFO - Round 2: 
 (utils.py:66)
2024-11-17 20:20:28,183 - FedCSP-2024 - INFO - argumentation: 0 (handle_data.py:96)
2024-11-17 20:20:37,324 - FedCSP-2024 - INFO - Client 1 is trainning . . . (fedavg.py:16)
2024-11-17 20:20:38,448 - FedCSP-2024 - INFO - Client 2 is trainning . . . (fedavg.py:16)
2024-11-17 20:20:39,443 - FedCSP-2024 - INFO - Client 3 is trainning . . . (fedavg.py:16)
2024-11-17 20:20:40,395 - FedCSP-2024 - INFO - Client 4 is trainning . . . (fedavg.py:16)
2024-11-17 20:20:41,343 - FedCSP-2024 - INFO - Client 5 is trainning . . . (fedavg.py:16)
2024-11-17 20:20:42,363 - FedCSP-2024 - INFO - Client 6 is trainning . . . (fedavg.py:16)
2024-11-17 20:20:43,326 - FedCSP-2024 - INFO - Client 7 is trainning . . . (fedavg.py:16)
2024-11-17 20:20:44,321 - FedCSP-2024 - INFO - Client 8 is trainning . . . (fedavg.py:16)
2024-11-17 20:20:45,301 - FedCSP-2024 - INFO - Client 9 is trainning . . . (fedavg.py:16)
2024-11-17 20:20:46,303 - FedCSP-2024 - INFO - Client 10 is trainning . . . (fedavg.py:16)
2024-11-17 20:20:48,012 - FedCSP-2024 - INFO - argumentation: 0 (handle_data.py:96)
2024-11-17 20:20:49,709 - FedCSP-2024 - INFO - Testing 
: Acc: 22.22, Loss: 0.0 (utils.py:66)
2024-11-17 20:20:49,710 - FedCSP-2024 - INFO - Round 3: 
 (utils.py:66)
2024-11-17 20:20:50,421 - FedCSP-2024 - INFO - argumentation: 0 (handle_data.py:96)
2024-11-17 20:20:59,954 - FedCSP-2024 - INFO - Client 1 is trainning . . . (fedavg.py:16)
2024-11-17 20:21:01,021 - FedCSP-2024 - INFO - Client 2 is trainning . . . (fedavg.py:16)
2024-11-17 20:21:02,011 - FedCSP-2024 - INFO - Client 3 is trainning . . . (fedavg.py:16)
2024-11-17 20:21:03,051 - FedCSP-2024 - INFO - Client 4 is trainning . . . (fedavg.py:16)
2024-11-17 20:21:04,101 - FedCSP-2024 - INFO - Client 5 is trainning . . . (fedavg.py:16)
2024-11-17 20:21:05,158 - FedCSP-2024 - INFO - Client 6 is trainning . . . (fedavg.py:16)
2024-11-17 20:21:06,185 - FedCSP-2024 - INFO - Client 7 is trainning . . . (fedavg.py:16)
2024-11-17 20:21:07,165 - FedCSP-2024 - INFO - Client 8 is trainning . . . (fedavg.py:16)
2024-11-17 20:21:08,123 - FedCSP-2024 - INFO - Client 9 is trainning . . . (fedavg.py:16)
2024-11-17 20:21:09,106 - FedCSP-2024 - INFO - Client 10 is trainning . . . (fedavg.py:16)
2024-11-17 20:21:10,749 - FedCSP-2024 - INFO - argumentation: 0 (handle_data.py:96)
2024-11-17 20:21:12,419 - FedCSP-2024 - INFO - Testing 
: Acc: 23.79, Loss: 0.0 (utils.py:66)
2024-11-17 20:21:12,419 - FedCSP-2024 - INFO - Round 4: 
 (utils.py:66)
2024-11-17 20:21:13,119 - FedCSP-2024 - INFO - argumentation: 0 (handle_data.py:96)
2024-11-17 20:21:22,275 - FedCSP-2024 - INFO - Client 1 is trainning . . . (fedavg.py:16)
2024-11-17 20:21:23,270 - FedCSP-2024 - INFO - Client 2 is trainning . . . (fedavg.py:16)
2024-11-17 20:21:24,304 - FedCSP-2024 - INFO - Client 3 is trainning . . . (fedavg.py:16)
2024-11-17 20:21:25,391 - FedCSP-2024 - INFO - Client 4 is trainning . . . (fedavg.py:16)
2024-11-17 20:21:26,317 - FedCSP-2024 - INFO - Client 5 is trainning . . . (fedavg.py:16)
2024-11-17 20:21:27,289 - FedCSP-2024 - INFO - Client 6 is trainning . . . (fedavg.py:16)
2024-11-17 20:21:28,285 - FedCSP-2024 - INFO - Client 7 is trainning . . . (fedavg.py:16)
2024-11-17 20:21:29,404 - FedCSP-2024 - INFO - Client 8 is trainning . . . (fedavg.py:16)
2024-11-17 20:21:30,428 - FedCSP-2024 - INFO - Client 9 is trainning . . . (fedavg.py:16)
2024-11-17 20:21:31,679 - FedCSP-2024 - INFO - Client 10 is trainning . . . (fedavg.py:16)
2024-11-17 20:21:33,536 - FedCSP-2024 - INFO - argumentation: 0 (handle_data.py:96)
2024-11-17 20:21:35,145 - FedCSP-2024 - INFO - Testing 
: Acc: 24.66, Loss: 0.0 (utils.py:66)
2024-11-17 20:21:35,146 - FedCSP-2024 - INFO - Round 5: 
 (utils.py:66)
2024-11-17 20:21:35,865 - FedCSP-2024 - INFO - argumentation: 0 (handle_data.py:96)
2024-11-17 20:21:45,534 - FedCSP-2024 - INFO - Client 1 is trainning . . . (fedavg.py:16)
2024-11-17 20:21:46,669 - FedCSP-2024 - INFO - Client 2 is trainning . . . (fedavg.py:16)
2024-11-17 20:21:47,698 - FedCSP-2024 - INFO - Client 3 is trainning . . . (fedavg.py:16)
2024-11-17 20:21:48,654 - FedCSP-2024 - INFO - Client 4 is trainning . . . (fedavg.py:16)
2024-11-17 20:21:49,618 - FedCSP-2024 - INFO - Client 5 is trainning . . . (fedavg.py:16)
2024-11-17 20:21:50,551 - FedCSP-2024 - INFO - Client 6 is trainning . . . (fedavg.py:16)
2024-11-17 20:21:51,535 - FedCSP-2024 - INFO - Client 7 is trainning . . . (fedavg.py:16)
2024-11-17 20:21:52,520 - FedCSP-2024 - INFO - Client 8 is trainning . . . (fedavg.py:16)
2024-11-17 20:21:53,504 - FedCSP-2024 - INFO - Client 9 is trainning . . . (fedavg.py:16)
2024-11-17 20:21:54,487 - FedCSP-2024 - INFO - Client 10 is trainning . . . (fedavg.py:16)
2024-11-17 20:21:56,204 - FedCSP-2024 - INFO - argumentation: 0 (handle_data.py:96)
2024-11-17 20:21:57,881 - FedCSP-2024 - INFO - Testing 
: Acc: 26.07, Loss: 0.0 (utils.py:66)
2024-11-17 20:21:57,882 - FedCSP-2024 - INFO - Round 6: 
 (utils.py:66)
2024-11-17 20:21:58,611 - FedCSP-2024 - INFO - argumentation: 0 (handle_data.py:96)
2024-11-17 20:22:07,673 - FedCSP-2024 - INFO - Client 1 is trainning . . . (fedavg.py:16)
2024-11-17 20:22:08,785 - FedCSP-2024 - INFO - Client 2 is trainning . . . (fedavg.py:16)
2024-11-17 20:22:09,676 - FedCSP-2024 - INFO - Client 3 is trainning . . . (fedavg.py:16)
2024-11-17 20:22:10,641 - FedCSP-2024 - INFO - Client 4 is trainning . . . (fedavg.py:16)
2024-11-17 20:22:11,663 - FedCSP-2024 - INFO - Client 5 is trainning . . . (fedavg.py:16)
2024-11-17 20:22:12,673 - FedCSP-2024 - INFO - Client 6 is trainning . . . (fedavg.py:16)
2024-11-17 20:22:13,660 - FedCSP-2024 - INFO - Client 7 is trainning . . . (fedavg.py:16)
2024-11-17 20:22:14,733 - FedCSP-2024 - INFO - Client 8 is trainning . . . (fedavg.py:16)
2024-11-17 20:22:15,754 - FedCSP-2024 - INFO - Client 9 is trainning . . . (fedavg.py:16)
2024-11-17 20:22:16,794 - FedCSP-2024 - INFO - Client 10 is trainning . . . (fedavg.py:16)
2024-11-17 20:22:18,575 - FedCSP-2024 - INFO - argumentation: 0 (handle_data.py:96)
2024-11-17 20:22:20,111 - FedCSP-2024 - INFO - Testing 
: Acc: 27.13, Loss: 0.0 (utils.py:66)
2024-11-17 20:22:20,112 - FedCSP-2024 - INFO - Round 7: 
 (utils.py:66)
2024-11-17 20:22:20,829 - FedCSP-2024 - INFO - argumentation: 0 (handle_data.py:96)
2024-11-17 20:22:29,648 - FedCSP-2024 - INFO - Client 1 is trainning . . . (fedavg.py:16)
2024-11-17 20:22:30,810 - FedCSP-2024 - INFO - Client 2 is trainning . . . (fedavg.py:16)
2024-11-17 20:22:31,729 - FedCSP-2024 - INFO - Client 3 is trainning . . . (fedavg.py:16)
2024-11-17 20:22:32,662 - FedCSP-2024 - INFO - Client 4 is trainning . . . (fedavg.py:16)
2024-11-17 20:22:33,578 - FedCSP-2024 - INFO - Client 5 is trainning . . . (fedavg.py:16)
2024-11-17 20:22:34,520 - FedCSP-2024 - INFO - Client 6 is trainning . . . (fedavg.py:16)
2024-11-17 20:22:35,392 - FedCSP-2024 - INFO - Client 7 is trainning . . . (fedavg.py:16)
2024-11-17 20:22:36,240 - FedCSP-2024 - INFO - Client 8 is trainning . . . (fedavg.py:16)
2024-11-17 20:22:37,206 - FedCSP-2024 - INFO - Client 9 is trainning . . . (fedavg.py:16)
2024-11-17 20:22:38,142 - FedCSP-2024 - INFO - Client 10 is trainning . . . (fedavg.py:16)
2024-11-17 20:22:39,807 - FedCSP-2024 - INFO - argumentation: 0 (handle_data.py:96)
2024-11-17 20:22:41,321 - FedCSP-2024 - INFO - Testing 
: Acc: 28.19, Loss: 0.0 (utils.py:66)
2024-11-17 20:22:41,322 - FedCSP-2024 - INFO - Round 8: 
 (utils.py:66)
2024-11-17 20:22:42,006 - FedCSP-2024 - INFO - argumentation: 0 (handle_data.py:96)
2024-11-17 20:22:50,972 - FedCSP-2024 - INFO - Client 1 is trainning . . . (fedavg.py:16)
2024-11-17 20:22:52,271 - FedCSP-2024 - INFO - Client 2 is trainning . . . (fedavg.py:16)
2024-11-17 20:22:53,272 - FedCSP-2024 - INFO - Client 3 is trainning . . . (fedavg.py:16)
2024-11-17 20:22:54,147 - FedCSP-2024 - INFO - Client 4 is trainning . . . (fedavg.py:16)
2024-11-17 20:22:55,126 - FedCSP-2024 - INFO - Client 5 is trainning . . . (fedavg.py:16)
2024-11-17 20:22:56,077 - FedCSP-2024 - INFO - Client 6 is trainning . . . (fedavg.py:16)
2024-11-17 20:22:57,021 - FedCSP-2024 - INFO - Client 7 is trainning . . . (fedavg.py:16)
2024-11-17 20:22:57,995 - FedCSP-2024 - INFO - Client 8 is trainning . . . (fedavg.py:16)
2024-11-17 20:22:58,909 - FedCSP-2024 - INFO - Client 9 is trainning . . . (fedavg.py:16)
2024-11-17 20:22:59,912 - FedCSP-2024 - INFO - Client 10 is trainning . . . (fedavg.py:16)
2024-11-17 20:23:01,618 - FedCSP-2024 - INFO - argumentation: 0 (handle_data.py:96)
2024-11-17 20:23:03,129 - FedCSP-2024 - INFO - Testing 
: Acc: 29.14, Loss: 0.0 (utils.py:66)
2024-11-17 20:23:03,129 - FedCSP-2024 - INFO - Round 9: 
 (utils.py:66)
2024-11-17 20:23:03,830 - FedCSP-2024 - INFO - argumentation: 0 (handle_data.py:96)
2024-11-17 20:23:12,816 - FedCSP-2024 - INFO - Client 1 is trainning . . . (fedavg.py:16)
2024-11-17 20:23:13,911 - FedCSP-2024 - INFO - Client 2 is trainning . . . (fedavg.py:16)
2024-11-17 20:23:14,916 - FedCSP-2024 - INFO - Client 3 is trainning . . . (fedavg.py:16)
2024-11-17 20:23:15,900 - FedCSP-2024 - INFO - Client 4 is trainning . . . (fedavg.py:16)
2024-11-17 20:23:16,912 - FedCSP-2024 - INFO - Client 5 is trainning . . . (fedavg.py:16)
2024-11-17 20:23:17,860 - FedCSP-2024 - INFO - Client 6 is trainning . . . (fedavg.py:16)
2024-11-17 20:23:18,856 - FedCSP-2024 - INFO - Client 7 is trainning . . . (fedavg.py:16)
2024-11-17 20:23:19,852 - FedCSP-2024 - INFO - Client 8 is trainning . . . (fedavg.py:16)
2024-11-17 20:23:20,902 - FedCSP-2024 - INFO - Client 9 is trainning . . . (fedavg.py:16)
2024-11-17 20:23:21,827 - FedCSP-2024 - INFO - Client 10 is trainning . . . (fedavg.py:16)
2024-11-17 20:23:23,522 - FedCSP-2024 - INFO - argumentation: 0 (handle_data.py:96)
2024-11-17 20:23:25,121 - FedCSP-2024 - INFO - Testing 
: Acc: 29.62, Loss: 0.0 (utils.py:66)
2024-11-17 20:23:25,121 - FedCSP-2024 - INFO - Round 10: 
 (utils.py:66)
2024-11-17 20:23:25,846 - FedCSP-2024 - INFO - argumentation: 0 (handle_data.py:96)
2024-11-17 20:23:34,788 - FedCSP-2024 - INFO - Client 1 is trainning . . . (fedavg.py:16)
2024-11-17 20:23:35,985 - FedCSP-2024 - INFO - Client 2 is trainning . . . (fedavg.py:16)
2024-11-17 20:23:36,903 - FedCSP-2024 - INFO - Client 3 is trainning . . . (fedavg.py:16)
2024-11-17 20:23:37,801 - FedCSP-2024 - INFO - Client 4 is trainning . . . (fedavg.py:16)
2024-11-17 20:23:38,738 - FedCSP-2024 - INFO - Client 5 is trainning . . . (fedavg.py:16)
2024-11-17 20:23:39,637 - FedCSP-2024 - INFO - Client 6 is trainning . . . (fedavg.py:16)
2024-11-17 20:23:40,542 - FedCSP-2024 - INFO - Client 7 is trainning . . . (fedavg.py:16)
2024-11-17 20:23:41,454 - FedCSP-2024 - INFO - Client 8 is trainning . . . (fedavg.py:16)
2024-11-17 20:23:42,360 - FedCSP-2024 - INFO - Client 9 is trainning . . . (fedavg.py:16)
2024-11-17 20:23:43,238 - FedCSP-2024 - INFO - Client 10 is trainning . . . (fedavg.py:16)
2024-11-17 20:23:44,915 - FedCSP-2024 - INFO - argumentation: 0 (handle_data.py:96)
2024-11-17 20:23:46,461 - FedCSP-2024 - INFO - Testing 
: Acc: 30.25, Loss: 0.0 (utils.py:66)
2024-11-17 20:23:46,461 - FedCSP-2024 - INFO - Round 11: 
 (utils.py:66)
2024-11-17 20:23:47,152 - FedCSP-2024 - INFO - argumentation: 0 (handle_data.py:96)
2024-11-17 20:23:56,188 - FedCSP-2024 - INFO - Client 1 is trainning . . . (fedavg.py:16)
2024-11-17 20:23:57,394 - FedCSP-2024 - INFO - Client 2 is trainning . . . (fedavg.py:16)
2024-11-17 20:23:58,252 - FedCSP-2024 - INFO - Client 3 is trainning . . . (fedavg.py:16)
2024-11-17 20:23:59,182 - FedCSP-2024 - INFO - Client 4 is trainning . . . (fedavg.py:16)
2024-11-17 20:24:00,239 - FedCSP-2024 - INFO - Client 5 is trainning . . . (fedavg.py:16)
2024-11-17 20:24:01,214 - FedCSP-2024 - INFO - Client 6 is trainning . . . (fedavg.py:16)
2024-11-17 20:24:02,191 - FedCSP-2024 - INFO - Client 7 is trainning . . . (fedavg.py:16)
2024-11-17 20:24:03,099 - FedCSP-2024 - INFO - Client 8 is trainning . . . (fedavg.py:16)
2024-11-17 20:24:04,022 - FedCSP-2024 - INFO - Client 9 is trainning . . . (fedavg.py:16)
2024-11-17 20:24:04,964 - FedCSP-2024 - INFO - Client 10 is trainning . . . (fedavg.py:16)
2024-11-17 20:24:06,634 - FedCSP-2024 - INFO - argumentation: 0 (handle_data.py:96)
2024-11-17 20:24:08,159 - FedCSP-2024 - INFO - Testing 
: Acc: 30.7, Loss: 0.0 (utils.py:66)
2024-11-17 20:24:08,160 - FedCSP-2024 - INFO - Round 12: 
 (utils.py:66)
2024-11-17 20:24:08,880 - FedCSP-2024 - INFO - argumentation: 0 (handle_data.py:96)
2024-11-17 20:24:18,632 - FedCSP-2024 - INFO - Client 1 is trainning . . . (fedavg.py:16)
2024-11-17 20:24:19,759 - FedCSP-2024 - INFO - Client 2 is trainning . . . (fedavg.py:16)
2024-11-17 20:24:20,780 - FedCSP-2024 - INFO - Client 3 is trainning . . . (fedavg.py:16)
2024-11-17 20:24:21,697 - FedCSP-2024 - INFO - Client 4 is trainning . . . (fedavg.py:16)
2024-11-17 20:24:22,598 - FedCSP-2024 - INFO - Client 5 is trainning . . . (fedavg.py:16)
2024-11-17 20:24:23,534 - FedCSP-2024 - INFO - Client 6 is trainning . . . (fedavg.py:16)
2024-11-17 20:24:24,391 - FedCSP-2024 - INFO - Client 7 is trainning . . . (fedavg.py:16)
2024-11-17 20:24:25,472 - FedCSP-2024 - INFO - Client 8 is trainning . . . (fedavg.py:16)
2024-11-17 20:24:26,734 - FedCSP-2024 - INFO - Client 9 is trainning . . . (fedavg.py:16)
2024-11-17 20:24:28,409 - FedCSP-2024 - INFO - Client 10 is trainning . . . (fedavg.py:16)
2024-11-17 20:24:30,105 - FedCSP-2024 - INFO - argumentation: 0 (handle_data.py:96)
2024-11-17 20:24:31,677 - FedCSP-2024 - INFO - Testing 
: Acc: 31.23, Loss: 0.0 (utils.py:66)
2024-11-17 20:24:31,677 - FedCSP-2024 - INFO - Round 13: 
 (utils.py:66)
2024-11-17 20:24:32,364 - FedCSP-2024 - INFO - argumentation: 0 (handle_data.py:96)
2024-11-17 20:24:41,531 - FedCSP-2024 - INFO - Client 1 is trainning . . . (fedavg.py:16)
2024-11-17 20:24:42,820 - FedCSP-2024 - INFO - Client 2 is trainning . . . (fedavg.py:16)
2024-11-17 20:24:43,732 - FedCSP-2024 - INFO - Client 3 is trainning . . . (fedavg.py:16)
2024-11-17 20:24:44,659 - FedCSP-2024 - INFO - Client 4 is trainning . . . (fedavg.py:16)
2024-11-17 20:24:45,652 - FedCSP-2024 - INFO - Client 5 is trainning . . . (fedavg.py:16)
2024-11-17 20:24:46,608 - FedCSP-2024 - INFO - Client 6 is trainning . . . (fedavg.py:16)
2024-11-17 20:24:47,694 - FedCSP-2024 - INFO - Client 7 is trainning . . . (fedavg.py:16)
2024-11-17 20:24:48,674 - FedCSP-2024 - INFO - Client 8 is trainning . . . (fedavg.py:16)
2024-11-17 20:24:49,661 - FedCSP-2024 - INFO - Client 9 is trainning . . . (fedavg.py:16)
2024-11-17 20:24:50,576 - FedCSP-2024 - INFO - Client 10 is trainning . . . (fedavg.py:16)
2024-11-17 20:24:52,569 - FedCSP-2024 - INFO - argumentation: 0 (handle_data.py:96)
2024-11-17 20:24:54,197 - FedCSP-2024 - INFO - Testing 
: Acc: 31.56, Loss: 0.0 (utils.py:66)
2024-11-17 20:24:54,197 - FedCSP-2024 - INFO - Round 14: 
 (utils.py:66)
2024-11-17 20:24:55,114 - FedCSP-2024 - INFO - argumentation: 0 (handle_data.py:96)
2024-11-17 20:25:06,359 - FedCSP-2024 - INFO - Client 1 is trainning . . . (fedavg.py:16)
2024-11-17 20:25:07,449 - FedCSP-2024 - INFO - Client 2 is trainning . . . (fedavg.py:16)
2024-11-17 20:25:08,430 - FedCSP-2024 - INFO - Client 3 is trainning . . . (fedavg.py:16)
2024-11-17 20:25:09,529 - FedCSP-2024 - INFO - Client 4 is trainning . . . (fedavg.py:16)
2024-11-17 20:25:10,484 - FedCSP-2024 - INFO - Client 5 is trainning . . . (fedavg.py:16)
2024-11-17 20:25:11,604 - FedCSP-2024 - INFO - Client 6 is trainning . . . (fedavg.py:16)
2024-11-17 20:25:12,643 - FedCSP-2024 - INFO - Client 7 is trainning . . . (fedavg.py:16)
2024-11-17 20:25:13,666 - FedCSP-2024 - INFO - Client 8 is trainning . . . (fedavg.py:16)
2024-11-17 20:25:14,682 - FedCSP-2024 - INFO - Client 9 is trainning . . . (fedavg.py:16)
2024-11-17 20:25:15,628 - FedCSP-2024 - INFO - Client 10 is trainning . . . (fedavg.py:16)
2024-11-17 20:25:17,305 - FedCSP-2024 - INFO - argumentation: 0 (handle_data.py:96)
2024-11-17 20:25:19,202 - FedCSP-2024 - INFO - Testing 
: Acc: 32.2, Loss: 0.0 (utils.py:66)
2024-11-17 20:25:19,202 - FedCSP-2024 - INFO - Round 15: 
 (utils.py:66)
2024-11-17 20:25:19,907 - FedCSP-2024 - INFO - argumentation: 0 (handle_data.py:96)
2024-11-17 20:25:28,851 - FedCSP-2024 - INFO - Client 1 is trainning . . . (fedavg.py:16)
2024-11-17 20:25:29,935 - FedCSP-2024 - INFO - Client 2 is trainning . . . (fedavg.py:16)
2024-11-17 20:25:30,864 - FedCSP-2024 - INFO - Client 3 is trainning . . . (fedavg.py:16)
2024-11-17 20:25:31,777 - FedCSP-2024 - INFO - Client 4 is trainning . . . (fedavg.py:16)
2024-11-17 20:25:32,673 - FedCSP-2024 - INFO - Client 5 is trainning . . . (fedavg.py:16)
2024-11-17 20:25:33,568 - FedCSP-2024 - INFO - Client 6 is trainning . . . (fedavg.py:16)
2024-11-17 20:25:34,418 - FedCSP-2024 - INFO - Client 7 is trainning . . . (fedavg.py:16)
2024-11-17 20:25:35,340 - FedCSP-2024 - INFO - Client 8 is trainning . . . (fedavg.py:16)
2024-11-17 20:25:36,355 - FedCSP-2024 - INFO - Client 9 is trainning . . . (fedavg.py:16)
2024-11-17 20:25:37,280 - FedCSP-2024 - INFO - Client 10 is trainning . . . (fedavg.py:16)
2024-11-17 20:25:38,888 - FedCSP-2024 - INFO - argumentation: 0 (handle_data.py:96)
2024-11-17 20:25:40,407 - FedCSP-2024 - INFO - Testing 
: Acc: 32.55, Loss: 0.0 (utils.py:66)
2024-11-17 20:25:40,408 - FedCSP-2024 - INFO - Round 16: 
 (utils.py:66)
2024-11-17 20:25:41,120 - FedCSP-2024 - INFO - argumentation: 0 (handle_data.py:96)
2024-11-17 20:25:50,102 - FedCSP-2024 - INFO - Client 1 is trainning . . . (fedavg.py:16)
2024-11-17 20:25:51,419 - FedCSP-2024 - INFO - Client 2 is trainning . . . (fedavg.py:16)
2024-11-17 20:25:52,469 - FedCSP-2024 - INFO - Client 3 is trainning . . . (fedavg.py:16)
2024-11-17 20:25:53,477 - FedCSP-2024 - INFO - Client 4 is trainning . . . (fedavg.py:16)
2024-11-17 20:25:54,445 - FedCSP-2024 - INFO - Client 5 is trainning . . . (fedavg.py:16)
2024-11-17 20:25:55,379 - FedCSP-2024 - INFO - Client 6 is trainning . . . (fedavg.py:16)
2024-11-17 20:25:56,365 - FedCSP-2024 - INFO - Client 7 is trainning . . . (fedavg.py:16)
2024-11-17 20:25:57,345 - FedCSP-2024 - INFO - Client 8 is trainning . . . (fedavg.py:16)
2024-11-17 20:25:58,325 - FedCSP-2024 - INFO - Client 9 is trainning . . . (fedavg.py:16)
2024-11-17 20:25:59,287 - FedCSP-2024 - INFO - Client 10 is trainning . . . (fedavg.py:16)
2024-11-17 20:26:00,914 - FedCSP-2024 - INFO - argumentation: 0 (handle_data.py:96)
2024-11-17 20:26:02,515 - FedCSP-2024 - INFO - Testing 
: Acc: 32.96, Loss: 0.0 (utils.py:66)
2024-11-17 20:26:02,515 - FedCSP-2024 - INFO - Round 17: 
 (utils.py:66)
2024-11-17 20:26:03,216 - FedCSP-2024 - INFO - argumentation: 0 (handle_data.py:96)
2024-11-17 20:26:12,432 - FedCSP-2024 - INFO - Client 1 is trainning . . . (fedavg.py:16)
2024-11-17 20:26:13,786 - FedCSP-2024 - INFO - Client 2 is trainning . . . (fedavg.py:16)
2024-11-17 20:26:14,691 - FedCSP-2024 - INFO - Client 3 is trainning . . . (fedavg.py:16)
2024-11-17 20:26:15,619 - FedCSP-2024 - INFO - Client 4 is trainning . . . (fedavg.py:16)
2024-11-17 20:26:16,610 - FedCSP-2024 - INFO - Client 5 is trainning . . . (fedavg.py:16)
2024-11-17 20:26:17,437 - FedCSP-2024 - INFO - Client 6 is trainning . . . (fedavg.py:16)
2024-11-17 20:26:18,403 - FedCSP-2024 - INFO - Client 7 is trainning . . . (fedavg.py:16)
2024-11-17 20:26:19,389 - FedCSP-2024 - INFO - Client 8 is trainning . . . (fedavg.py:16)
2024-11-17 20:26:20,287 - FedCSP-2024 - INFO - Client 9 is trainning . . . (fedavg.py:16)
2024-11-17 20:26:21,149 - FedCSP-2024 - INFO - Client 10 is trainning . . . (fedavg.py:16)
2024-11-17 20:26:22,862 - FedCSP-2024 - INFO - argumentation: 0 (handle_data.py:96)
2024-11-17 20:26:24,515 - FedCSP-2024 - INFO - Testing 
: Acc: 33.33, Loss: 0.0 (utils.py:66)
2024-11-17 20:26:24,516 - FedCSP-2024 - INFO - Round 18: 
 (utils.py:66)
2024-11-17 20:26:25,216 - FedCSP-2024 - INFO - argumentation: 0 (handle_data.py:96)
2024-11-17 20:26:34,812 - FedCSP-2024 - INFO - Client 1 is trainning . . . (fedavg.py:16)
