2024-11-17 20:49:33,578 - FedCSP-2024 - INFO - -----------Server start Federated Learning----------- 
 (server.py:24)
2024-11-17 20:49:33,579 - FedCSP-2024 - INFO - Round 0: 
 (utils.py:66)
2024-11-17 20:52:26,680 - FedCSP-2024 - INFO - server_df: 
      Client_id c_labels                                           c_protos  s_labels
0     client_1    c_1_3  [0.13244788, 0.20016989, 0.26011768, 0.3253045...         0
1     client_1    c_1_4  [0.095404066, 0.18801957, 0.2584877, 0.3199468...         0
2     client_1    c_1_8  [0.03526353, 0.060684763, 0.09392258, 0.123367...         0
3     client_1    c_1_5  [0.03343086, 0.057917073, 0.063630484, 0.07118...         0
4     client_1    c_1_0  [0.052778624, 0.080141515, 0.10975672, 0.14590...         0
5     client_1    c_1_1  [-2.2688808, -1.9905261, -1.8109535, -1.449139...         0
6     client_1    c_1_6  [-2.3618526, -2.3653483, -2.37377, -2.3863225,...         0
7     client_1    c_1_7  [-1.9897236, -1.3998028, -0.90339494, -0.10706...         0
8     client_1    c_1_9  [-2.1981435, -2.174839, -2.145391, -2.135857, ...         0
9     client_1    c_1_2  [-2.429063, -2.429063, -2.3646426, -2.3090334,...         0
10    client_2    c_2_7  [0.06377107, 0.09659116, 0.1282768, 0.16105208...         0
11    client_2    c_2_6  [0.061106436, 0.09043859, 0.11631714, 0.149817...         0
12    client_2    c_2_2  [-1.9943886, -1.9176469, -1.9060159, -1.846036...         0
13    client_2    c_2_3  [0.16388704, 0.22207056, 0.2896482, 0.35508144...         0
14    client_2    c_2_1  [-0.017760316, -0.018651571, 0.01521633, 0.035...         0
15    client_2    c_2_0  [-2.1300256, -2.135135, -2.1617327, -2.163236,...         0
16    client_2    c_2_9  [-2.3987098, -2.3309236, -2.2959328, -2.223025...         0
17    client_2    c_2_4  [-2.080138, -1.7595123, -1.3888196, -0.8150036...         0
18    client_2    c_2_5  [-1.3873678, -0.54097474, 0.15155132, 0.607339...         0
19    client_2    c_2_8  [-2.4290636, -2.4290636, -2.4290636, -2.429063...         0
20    client_3    c_3_5  [0.03965138, 0.06136467, 0.08414851, 0.1166868...         0
21    client_3    c_3_4  [0.15036951, 0.20292059, 0.26019844, 0.3178416...         0
22    client_3    c_3_0  [0.041793942, 0.06434787, 0.09153331, 0.119239...         0
23    client_3    c_3_9  [0.099799186, 0.17014691, 0.24531847, 0.333918...         0
24    client_3    c_3_1  [-2.397239, -2.1401258, -1.4227517, -0.5871054...         0
25    client_3    c_3_3  [-1.9679003, -1.8489729, -1.6802258, -1.578940...         0
26    client_3    c_3_8  [0.035890643, 0.107074656, 0.17211476, 0.19033...         0
27    client_3    c_3_2  [-0.83983684, 0.011094203, 0.15414153, 0.24003...         0
28    client_3    c_3_6  [-2.4290655, -2.4290655, -2.4290655, -2.429065...         0
29    client_3    c_3_7  [-2.069605, -2.0720704, -2.05347, -2.0505567, ...         0
30    client_4    c_4_1  [-2.1032743, -2.0608776, -1.8770326, -1.838637...         0
31    client_4    c_4_6  [-2.426835, -2.398943, -2.3158245, -2.2658978,...         0
32    client_4    c_4_3  [0.13546993, 0.1889974, 0.25227013, 0.30362362...         0
33    client_4    c_4_8  [0.066844374, 0.09129822, 0.1209918, 0.1510122...         0
34    client_4    c_4_2  [0.36843237, 0.5595401, 0.553666, 0.5885197, 0...         0
35    client_4    c_4_9  [-2.1985083, -1.9086962, -1.5259472, -0.983720...         0
36    client_4    c_4_7  [-1.80836, -1.7911179, -1.8029052, -1.7919949,...         0
37    client_4    c_4_4  [-2.4136014, -2.0949044, -1.3774331, -0.284955...         0
38    client_4    c_4_5  [-2.4290628, -2.4290628, -2.4290628, -2.429062...         0
39    client_4    c_4_0  [0.6091011, 0.65122145, 0.6954957, 0.6823331, ...         0
40    client_5    c_5_8  [-2.1496766, -1.7120489, -1.1418839, -0.530132...         0
41    client_5    c_5_9  [0.09765135, 0.17895131, 0.242188, 0.31612107,...         0
42    client_5    c_5_5  [-1.9405682, -1.8840503, -1.8485538, -1.826497...         0
43    client_5    c_5_3  [0.057977237, 0.08617985, 0.11525513, 0.138346...         0
44    client_5    c_5_6  [0.13752922, 0.22077163, 0.2831738, 0.34315336...         0
45    client_5    c_5_1  [0.072776064, 0.090972185, 0.1219951, 0.155133...         0
46    client_5    c_5_2  [0.29433894, 0.37798765, 0.38374442, 0.4108832...         0
47    client_5    c_5_7  [-2.4290633, -2.404895, -1.784579, -1.3236216,...         0
48    client_5    c_5_4  [-2.4021184, -2.367249, -2.3259966, -2.2541304...         0
49    client_5    c_5_0  [-2.3826594, -2.3901489, -2.386184, -2.3876524...         0
50    client_6    c_6_7  [0.03839346, 0.07059992, 0.09905053, 0.1244874...         0
51    client_6    c_6_6  [0.059008002, 0.07676178, 0.10014338, 0.126502...         0
52    client_6    c_6_9  [-2.4177442, -2.2818453, -1.8921047, -1.532665...         0
53    client_6    c_6_3  [0.12332166, 0.17628372, 0.24522945, 0.3005422...         0
54    client_6    c_6_1  [0.108967654, 0.17217389, 0.2352694, 0.2870387...         0
55    client_6    c_6_8  [-2.0451565, -1.9512396, -1.7697556, -1.672719...         0
56    client_6    c_6_5  [-2.4229605, -2.42314, -2.42314, -2.4227812, -...         0
57    client_6    c_6_4  [-0.29830515, -0.1356404, -0.05630977, -0.0435...         0
58    client_6    c_6_0  [-0.7941289, -0.53871685, -0.005525078, 0.6968...         0
59    client_6    c_6_2  [-2.1218219, -2.087982, -2.080811, -2.0815952,...         0
60    client_7    c_7_0  [0.5235294, 0.5789608, 0.5044649, 0.48011348, ...         0
61    client_7    c_7_1  [0.037676204, 0.06872646, 0.10030982, 0.124500...         0
62    client_7    c_7_4  [0.0868526, 0.1623769, 0.24480645, 0.29860765,...         0
63    client_7    c_7_8  [-2.4290657, -2.4036136, -2.3139396, -2.202068...         0
64    client_7    c_7_9  [0.10733891, 0.1508218, 0.20358685, 0.25359973...         0
65    client_7    c_7_7  [-2.416026, -2.4218588, -2.4222019, -2.422888,...         0
66    client_7    c_7_5  [-2.212401, -1.6232481, -0.999502, -0.34384522...         0
67    client_7    c_7_6  [-2.0789819, -2.0458605, -1.9960502, -1.998489...         0
68    client_7    c_7_3  [-1.0077398, -0.7713614, -0.5030273, -0.334319...         0
69    client_7    c_7_2  [-2.2328103, -2.1957784, -2.1757247, -2.054468...         0
70    client_8    c_8_6  [0.05666097, 0.082343765, 0.108266935, 0.13581...         0
71    client_8    c_8_5  [-0.026932653, 0.027763303, 0.08369896, 0.1487...         0
72    client_8    c_8_8  [-2.1952379, -2.093653, -1.9752929, -1.8540431...         0
73    client_8    c_8_0  [0.06402697, 0.09814509, 0.13037017, 0.1586177...         0
74    client_8    c_8_7  [-2.1036463, -2.085636, -2.0852234, -2.0821993...         0
75    client_8    c_8_9  [0.13132195, 0.20738615, 0.28083983, 0.3395403...         0
76    client_8    c_8_3  [-0.25562888, -0.19138172, -0.13666087, -0.164...         0
77    client_8    c_8_2  [-2.41777, -2.3989794, -2.3628259, -2.2515109,...         0
78    client_8    c_8_1  [-1.9872335, -1.5812483, -0.7769587, -0.003573...         0
79    client_8    c_8_4  [-0.7518901, -0.7558811, -0.76538354, -0.74770...         0
80    client_9    c_9_1  [0.13028352, 0.1836277, 0.23672979, 0.29118973...         0
81    client_9    c_9_3  [0.13416408, 0.19645248, 0.26956856, 0.3153839...         0
82    client_9    c_9_7  [0.032798458, 0.06056634, 0.08306045, 0.107765...         0
83    client_9    c_9_4  [-2.1498349, -1.9882555, -1.8077396, -1.456008...         0
84    client_9    c_9_2  [-2.0615702, -2.0076194, -1.9870667, -1.973053...         0
85    client_9    c_9_8  [-2.3084686, -2.3129578, -2.3188753, -2.309285...         0
86    client_9    c_9_9  [0.19792014, 0.27677858, 0.30539435, 0.3346695...         0
87    client_9    c_9_5  [-2.429063, -2.429063, -2.429063, -2.4133706, ...         0
88    client_9    c_9_0  [-2.0895827, -1.6740295, -0.9209513, -0.096196...         0
89    client_9    c_9_6  [-2.0853956, -1.9973363, -1.9629247, -1.951504...         0
90   client_10   c_10_0  [0.085497096, 0.15930954, 0.23051162, 0.295110...         0
91   client_10   c_10_8  [0.123790435, 0.19215304, 0.26778048, 0.339294...         0
92   client_10   c_10_5  [-1.5623533, -1.2155882, -0.6438821, -0.199111...         0
93   client_10   c_10_4  [0.06557777, 0.08994483, 0.12134304, 0.1541133...         0
94   client_10   c_10_3  [0.034151595, 0.063374676, 0.09420327, 0.12113...         0
95   client_10   c_10_2  [-1.2027197, -1.1683806, -1.1878765, -1.182781...         0
96   client_10   c_10_6  [-2.3345408, -2.2919145, -2.2418883, -2.116303...         0
97   client_10   c_10_1  [0.3335156, 0.38382417, 0.70552135, 0.83567727...         0
98   client_10   c_10_9  [-2.425219, -2.425219, -2.359218, -2.0316725, ...         0
99   client_10   c_10_7  [-2.413432, -2.4118686, -2.413119, -2.4139009,...         0
100  client_11   c_11_0  [0.08641801, 0.12482004, 0.16659376, 0.2085936...         0
101  client_11   c_11_7  [-0.20769273, -0.11146044, -0.06770594, -0.122...         0
102  client_11   c_11_4  [-2.2015886, -2.1859524, -2.1616404, -2.142684...         0
103  client_11   c_11_1  [-2.3347645, -2.3303916, -2.332578, -2.3407402...         0
104  client_11   c_11_6  [-2.4290662, -2.414242, -2.3870177, -2.3304305...         0
105  client_11   c_11_9  [-2.3246017, -1.9179788, -1.5195123, -0.769193...         0
106  client_11   c_11_8  [-2.372121, -1.8091516, -1.0915064, -0.3027826...         0
107  client_11   c_11_3  [-1.9080385, -1.5870781, -1.3119906, -1.127020...         0
108  client_11   c_11_5  [0.39807132, 0.47193807, 0.48724204, 0.5117280...         0
109  client_11   c_11_2  [-2.2158318, -2.2933714, -2.2546015, -2.273986...         0
110  client_12   c_12_4  [0.0697899, 0.100660235, 0.13091949, 0.1647479...         0
111  client_12   c_12_6  [0.0664776, 0.09962746, 0.1350143, 0.1705377, ...         0
112  client_12   c_12_7  [0.15792671, 0.21813779, 0.29307833, 0.3615741...         0
113  client_12   c_12_0  [-0.21698833, -0.1820954, -0.23004074, -0.2569...         0
114  client_12   c_12_5  [-2.429064, -2.429064, -2.4133873, -2.4056334,...         0
115  client_12   c_12_3  [-1.9691485, -1.9087133, -1.8264856, -1.698139...         0
116  client_12   c_12_9  [-2.0522566, -1.493084, -1.0645821, -0.6406276...         0
117  client_12   c_12_1  [-2.1817505, -2.0982459, -2.057878, -2.0656536...         0
118  client_12   c_12_8  [-2.3919687, -2.3709085, -2.3725839, -2.372105...         0
119  client_12   c_12_2  [-2.0124052, -1.433194, -0.7390747, 0.09237473...         0
120  client_13   c_13_0  [0.121403195, 0.17829461, 0.2418623, 0.2980334...         0
121  client_13   c_13_3  [0.066363886, 0.09533395, 0.12624866, 0.157735...         0
122  client_13   c_13_4  [0.7360233, 0.885978, 0.9730984, 0.97688645, 0...         0
123  client_13   c_13_6  [-0.16061206, -0.05810912, -0.123515725, -0.11...         0
124  client_13   c_13_1  [-2.4270346, -2.42726, -2.4119322, -2.399084, ...         0
125  client_13   c_13_8  [-2.142405, -2.0625148, -1.8987414, -1.7497709...         0
126  client_13   c_13_7  [-2.1997628, -1.5714089, -0.80519575, -0.29289...         0
127  client_13   c_13_9  [-1.6624106, -1.4453763, -1.4632406, -1.441575...         0
128  client_13   c_13_2  [-2.3846922, -2.3038201, -2.2081068, -2.204623...         0
129  client_13   c_13_5  [-2.2270312, -2.2222924, -2.2105181, -2.219421...         0
130  client_14   c_14_9  [0.11018392, 0.18097644, 0.24314234, 0.29216, ...         0
131  client_14   c_14_6  [0.13104285, 0.19542013, 0.25767815, 0.3169736...         0
132  client_14   c_14_1  [0.043852165, 0.066788636, 0.0906345, 0.114483...         0
133  client_14   c_14_8  [0.6690882, 0.77348393, 0.82436943, 0.8302253,...         0
134  client_14   c_14_5  [-1.3725396, -0.8697609, -0.49378908, -0.15062...         0
135  client_14   c_14_3  [-1.9372569, -1.9062138, -1.8762555, -1.866223...         0
136  client_14   c_14_4  [-2.429063, -2.429063, -2.429063, -2.429063, -...         0
137  client_14   c_14_2  [-2.104402, -2.0253708, -1.9098743, -1.8014272...         0
138  client_14   c_14_0  [-2.4169476, -2.4200315, -2.0442293, -1.642654...         0
139  client_14   c_14_7  [-2.4126031, -2.3762949, -2.3246017, -2.202445...         0
140  client_15   c_15_3  [0.048674535, 0.07364892, 0.102811225, 0.13284...         0
141  client_15   c_15_1  [-2.3959684, -2.3959684, -2.3986475, -2.397229...         0
142  client_15   c_15_2  [0.0068109026, 0.12313987, 0.20889987, 0.28599...         0
143  client_15   c_15_0  [0.10627895, 0.1577459, 0.21200012, 0.26455948...         0
144  client_15   c_15_7  [-2.384379, -2.356877, -2.3241231, -2.2398028,...         0
145  client_15   c_15_5  [-1.0891848, -0.8544766, -0.71796954, -0.59457...         0
146  client_15   c_15_6  [-2.429063, -2.429063, -2.429063, -2.4041955, ...         0
147  client_15   c_15_4  [0.37730974, 0.69634354, 0.7061527, 0.69821185...         0
148  client_15   c_15_8  [-2.3344905, -1.8199074, -1.2073746, -0.313466...         0
149  client_15   c_15_9  [-0.92971706, -0.9021307, -0.88423705, -0.9006...         0
150  client_16   c_16_1  [0.072277226, 0.10283684, 0.13290763, 0.16712,...         0
151  client_16   c_16_5  [0.14006549, 0.20427145, 0.26585358, 0.3251984...         0
152  client_16   c_16_2  [0.010302378, 0.08978053, 0.13093624, 0.149426...         0
153  client_16   c_16_8  [-2.2171783, -2.1704526, -2.1780717, -2.189501...         0
154  client_16   c_16_0  [-2.1095123, -1.7666482, -1.4336547, -1.002906...         0
155  client_16   c_16_3  [-2.4290633, -2.4290633, -2.376652, -2.3673184...         0
156  client_16   c_16_7  [-2.3629017, -2.363323, -2.3706977, -2.3744903...         0
157  client_16   c_16_4  [-2.205029, -2.1727698, -2.1029246, -2.023313,...         0
158  client_16   c_16_6  [0.47887582, 0.91656685, 0.95492846, 1.0055331...         0
159  client_16   c_16_9  [-2.3517601, -1.8900688, -0.94871986, -0.40972...         0
160  client_17   c_17_2  [0.030436443, 0.06014501, 0.09245532, 0.113363...         0
161  client_17   c_17_0  [0.095726065, 0.16448052, 0.2403231, 0.3110521...         0
162  client_17   c_17_9  [0.1584862, 0.21038055, 0.27114242, 0.32243755...         0
163  client_17   c_17_3  [0.052966326, 0.07911879, 0.10927444, 0.140470...         0
164  client_17   c_17_1  [-2.3631415, -2.3614142, -2.3209167, -2.278596...         0
165  client_17   c_17_4  [-1.2551436, -1.1161494, -1.0002524, -0.934261...         0
166  client_17   c_17_6  [-1.8714384, -1.3958905, -1.1409998, -0.824860...         0
167  client_17   c_17_7  [0.59925246, 0.6429509, 0.6304656, 0.64952224,...         0
168  client_17   c_17_5  [-2.4290655, -1.9719152, -1.3651838, -0.451956...         0
169  client_17   c_17_8  [-2.4290679, -2.4290679, -2.4290679, -2.429067...         0
170  client_18   c_18_9  [0.118788294, 0.16007271, 0.21731465, 0.279551...         0
171  client_18   c_18_1  [0.041635938, 0.0662569, 0.09055735, 0.1113076...         0
172  client_18   c_18_3  [-0.4258626, -0.304992, -0.16915505, -0.100167...         0
173  client_18   c_18_0  [0.11309155, 0.16951275, 0.21864219, 0.2811179...         0
174  client_18   c_18_2  [-2.1814783, -2.0885344, -2.06162, -2.037995, ...         0
175  client_18   c_18_4  [-2.4290633, -2.4290633, -2.4290633, -2.412550...         0
176  client_18   c_18_8  [-2.2656782, -2.2467303, -2.2502284, -2.24571,...         0
177  client_18   c_18_5  [-2.3249078, -2.109358, -1.7368492, -1.3181934...         0
178  client_18   c_18_6  [0.37609336, 0.3876704, 0.32197702, 0.2963997,...         0
179  client_18   c_18_7  [-1.9260347, -1.2536341, -0.4310485, 0.2591718...         0
180  client_19   c_19_9  [0.060825203, 0.08388953, 0.12068305, 0.153060...         0
181  client_19   c_19_3  [-1.8808905, -1.8585081, -1.8363253, -1.816940...         0
182  client_19   c_19_0  [0.12018738, 0.17889346, 0.2405823, 0.28939757...         0
183  client_19   c_19_4  [0.22435327, 0.69595647, 0.8380161, 1.0767108,...         0
184  client_19   c_19_6  [-2.3328016, -2.2935035, -2.2564483, -2.242074...         0
185  client_19   c_19_1  [-2.4214122, -2.4219222, -2.409339, -2.3965855...         0
186  client_19   c_19_7  [-0.22212979, -0.12716821, -0.11318167, -0.090...         0
187  client_19   c_19_2  [-1.904765, -1.279195, -0.78116643, -0.2286058...         0
188  client_19   c_19_8  [-2.0308232, -1.9707978, -1.8718328, -1.791913...         0
189  client_19   c_19_5  [-2.3273284, -2.0797472, -1.7569674, -1.327117...         0
190  client_20   c_20_3  [0.12720299, 0.18794423, 0.25657204, 0.3077457...         0
191  client_20   c_20_0  [0.10424825, 0.18606482, 0.27340624, 0.3447508...         0
192  client_20   c_20_2  [0.042623777, 0.07257592, 0.10052071, 0.123820...         0
193  client_20   c_20_8  [-2.0686212, -1.735288, -1.0878618, -0.5579110...         0
194  client_20   c_20_1  [-1.8190539, -1.738045, -1.6104103, -1.4348229...         0
195  client_20   c_20_4  [-2.4083898, -2.3840935, -2.3557916, -2.253309...         0
196  client_20   c_20_9  [0.055974204, 0.0817602, 0.114395976, 0.145732...         0
197  client_20   c_20_6  [-2.4290628, -2.4290628, -2.4290628, -2.429062...         0
198  client_20   c_20_5  [-2.1509352, -2.1437113, -2.1057837, -2.127697...         0
199  client_20   c_20_7  [0.41295812, 0.40161985, 0.47733077, 0.5076881...         0
200  client_21   c_21_8  [0.09088937, 0.15217994, 0.20406708, 0.2663800...         0
201  client_21   c_21_1  [0.03508096, 0.058276832, 0.077812195, 0.09837...         0
202  client_21   c_21_9  [0.13525729, 0.19324921, 0.25717294, 0.3147603...         0
203  client_21   c_21_0  [-2.429063, -2.429063, -2.418317, -2.4174743, ...         0
204  client_21   c_21_2  [-2.4051764, -2.3053849, -2.1631372, -2.053107...         0
205  client_21   c_21_5  [-2.199236, -1.7159342, -0.7725362, -0.2062618...         0
206  client_21   c_21_6  [-1.9211807, -1.8876977, -1.9063774, -1.894629...         0
207  client_21   c_21_4  [0.37480682, 0.39993563, 0.43032917, 0.4894412...         0
208  client_21   c_21_3  [-1.9453427, -1.811452, -1.6692959, -1.5224819...         0
209  client_21   c_21_7  [-2.2320244, -2.2217185, -2.2106767, -2.199634...         0
210  client_22   c_22_4  [0.10695282, 0.15110147, 0.19449708, 0.2441372...         0
211  client_22   c_22_6  [0.079590075, 0.19809543, 0.29178882, 0.363543...         0
212  client_22   c_22_3  [-1.9840194, -1.9628844, -1.9605961, -1.957096...         0
213  client_22   c_22_5  [-2.329315, -2.0658884, -1.5893317, -0.9145266...         0
214  client_22   c_22_7  [0.037955556, 0.06619226, 0.09346778, 0.120640...         0
215  client_22   c_22_9  [-2.392205, -2.332875, -2.2501953, -2.1889565,...         0
216  client_22   c_22_0  [-1.3103713, -1.1738105, -1.0752618, -1.003137...         0
217  client_22   c_22_8  [-2.2354345, -2.241823, -2.2237597, -2.218473,...         0
218  client_22   c_22_2  [0.5729528, 0.79781795, 0.85509163, 0.8346495,...         0
219  client_22   c_22_1  [-2.429063, -2.429063, -2.429063, -2.429063, -...         0
220  client_23   c_23_2  [0.049876805, 0.078637466, 0.104863055, 0.1332...         0
221  client_23   c_23_7  [-0.010467572, 0.101806246, 0.15808289, 0.2206...         0
222  client_23   c_23_5  [-2.0497296, -1.7808737, -1.4694482, -1.076175...         0
223  client_23   c_23_1  [0.123789474, 0.16883294, 0.22360319, 0.278109...         0
224  client_23   c_23_9  [-2.429066, -2.429066, -2.429066, -2.429066, -...         0
225  client_23   c_23_4  [0.018280039, 0.6079045, 0.80760974, 0.9594581...         0
226  client_23   c_23_8  [-0.79705054, -0.7570894, -0.7953176, -0.85390...         0
227  client_23   c_23_0  [-2.2160602, -1.6349757, -0.98235065, -0.48849...         0
228  client_23   c_23_6  [-2.0046992, -1.927043, -1.8865207, -1.8605971...         0
229  client_23   c_23_3  [-2.3450148, -2.3334725, -2.2930744, -2.276353...         0
230  client_24   c_24_9  [0.030883087, 0.056635007, 0.082002036, 0.1020...         0
231  client_24   c_24_8  [0.10053659, 0.13632792, 0.18103816, 0.2260108...         0
232  client_24   c_24_7  [0.10559084, 0.1989132, 0.27337998, 0.3380392,...         0
233  client_24   c_24_2  [-1.8839091, -1.7818702, -1.6317852, -1.418432...         0
234  client_24   c_24_1  [-0.9996665, -1.0349406, -0.9898151, -0.943736...         0
235  client_24   c_24_3  [-2.272013, -1.9710538, -1.1680601, -0.5799417...         0
236  client_24   c_24_0  [-2.4290633, -2.4185708, -2.374643, -2.350634,...         0
237  client_24   c_24_6  [-2.35768, -2.3160083, -2.2949982, -2.2912836,...         0
238  client_24   c_24_5  [-0.47135058, -0.00530498, 0.2833688, 0.394993...         0
239  client_24   c_24_4  [-1.0457829, -0.98731214, -0.9623436, -0.93389...         0
240  client_25   c_25_4  [0.12511936, 0.17992261, 0.22520854, 0.2672230...         0
241  client_25   c_25_1  [0.0326739, 0.05450631, 0.07974007, 0.10494988...         0
242  client_25   c_25_3  [-2.288525, -1.8711938, -1.261954, -0.45097327...         0
243  client_25   c_25_0  [0.08319272, 0.16796426, 0.23392922, 0.3101448...         0
244  client_25   c_25_7  [0.38007963, 0.43052214, 0.4165567, 0.43510777...         0
245  client_25   c_25_5  [-2.356067, -2.2737422, -2.031798, -1.8573332,...         0
246  client_25   c_25_8  [-2.186277, -2.1891484, -2.1828065, -2.2081742...         0
247  client_25   c_25_2  [-0.12415846, -0.01625363, -0.009475672, 0.011...         0
248  client_25   c_25_6  [-2.0481095, -1.9712715, -1.8107135, -1.73486,...         0
249  client_25   c_25_9  [-2.429063, -2.4155388, -2.4074242, -2.4087765...         0
250  client_26   c_26_6  [0.106666036, 0.14965296, 0.19846866, 0.248740...         0
251  client_26   c_26_2  [-2.2191973, -2.1972544, -2.1563306, -2.073405...         0
252  client_26   c_26_1  [0.033878334, 0.06403425, 0.087341726, 0.11381...         0
253  client_26   c_26_7  [0.55922276, 0.56091654, 0.5644923, 0.5550822,...         0
254  client_26   c_26_3  [-2.4220617, -2.3173125, -2.1268492, -1.791582...         0
255  client_26   c_26_0  [0.093580484, 0.1647977, 0.2280973, 0.2775376,...         0
256  client_26   c_26_4  [-2.2330494, -2.2028236, -2.199253, -2.193514,...         0
257  client_26   c_26_8  [-0.8768673, -0.72389543, -0.5653044, -0.44028...         0
258  client_26   c_26_5  [-1.3523548, -0.7056901, -0.109086394, 0.42183...         0
259  client_26   c_26_9  [-2.4290633, -2.4290633, -2.4290633, -2.429063...         0
260  client_27   c_27_3  [-1.7445365, -1.6231788, -1.4318529, -1.358250...         0
261  client_27   c_27_7  [-2.2392108, -1.8121499, -1.0243247, -0.247892...         0
262  client_27   c_27_9  [-2.4101343, -2.4128711, -2.4128711, -2.411959...         0
263  client_27   c_27_8  [0.10418364, 0.13911356, 0.18017113, 0.2220863...         0
264  client_27   c_27_2  [0.048563484, 0.07027823, 0.0953244, 0.1227423...         0
265  client_27   c_27_1  [0.15868048, 0.25376713, 0.36135247, 0.4240561...         0
266  client_27   c_27_0  [-2.1604228, -2.1372216, -2.1364589, -2.140275...         0
267  client_27   c_27_4  [0.374255, 0.40588927, 0.40588927, 0.42705798,...         0
268  client_27   c_27_6  [-2.3800356, -2.3092234, -2.1793442, -1.964170...         0
269  client_27   c_27_5  [-2.4290633, -2.4290633, -2.3282619, -2.273209...         0
270  client_28   c_28_3  [0.039814927, 0.06309531, 0.092272, 0.11750396...         0
271  client_28   c_28_6  [0.09105879, 0.15311879, 0.2073641, 0.26063356...         0
272  client_28   c_28_0  [0.11140335, 0.17353164, 0.22978294, 0.2817451...         0
273  client_28   c_28_7  [-2.1458886, -1.7494128, -1.1118069, -0.428489...         0
274  client_28   c_28_8  [-2.4290633, -2.4290633, -2.4290633, -2.429063...         0
275  client_28   c_28_2  [-2.2818704, -2.2689466, -2.2661035, -2.262356...         0
276  client_28   c_28_5  [0.5628152, 0.6544141, 0.6940361, 0.71022546, ...         0
277  client_28   c_28_9  [-0.6972313, -0.6473843, -0.5820754, -0.529343...         0
278  client_28   c_28_1  [-2.4164305, -2.3593795, -2.2314143, -2.079769...         0
279  client_28   c_28_4  [-2.0991657, -2.0127063, -1.8923533, -1.791385...         0
280  client_29   c_29_2  [0.1219742, 0.16575134, 0.2124587, 0.26015586,...         0
281  client_29   c_29_9  [0.048666753, 0.07305376, 0.10222502, 0.131431...         0
282  client_29   c_29_0  [0.15141042, 0.22767211, 0.27406314, 0.3237215...         0
283  client_29   c_29_6  [-2.1047301, -1.9369962, -1.7724925, -1.653490...         0
284  client_29   c_29_5  [-2.401001, -2.4037702, -2.404324, -2.406724, ...         0
285  client_29   c_29_1  [-2.4107738, -2.3885217, -2.3227222, -2.165458...         0
286  client_29   c_29_3  [-1.9260979, -1.8959146, -1.8896698, -1.888758...         0
287  client_29   c_29_4  [0.095762655, 0.15631205, 0.123813786, 0.13441...         0
288  client_29   c_29_7  [-2.1912394, -1.622975, -0.90160537, -0.278237...         0
289  client_29   c_29_8  [-2.4290638, -2.180585, -2.0540545, -2.0033011...         0
290  client_30   c_30_7  [0.09781972, 0.16434218, 0.23313709, 0.2954077...         0
291  client_30   c_30_0  [0.07060598, 0.10478487, 0.13539937, 0.1640350...         0
292  client_30   c_30_6  [-1.5855495, -1.5326486, -1.5257639, -1.520872...         0
293  client_30   c_30_5  [-2.4290628, -2.4290628, -2.421002, -2.3753228...         0
294  client_30   c_30_3  [-1.7898661, -1.6994874, -1.5601424, -1.450378...         0
295  client_30   c_30_2  [0.7443171, 0.9915345, 1.033176, 1.0008682, 0....         0
296  client_30   c_30_8  [-2.3044305, -2.0111835, -1.2186134, -0.471839...         0
297  client_30   c_30_9  [-2.4090178, -2.3857822, -2.3101013, -2.259116...         0
298  client_30   c_30_1  [-0.3579991, 0.034378413, 0.09676668, 0.007417...         0
299  client_30   c_30_4  [-2.3019428, -2.3064163, -2.3079073, -2.314990...         0
300  client_31   c_31_0  [0.13372348, 0.19540189, 0.2503548, 0.30610913...         0
301  client_31   c_31_6  [0.05909894, 0.08080747, 0.11014659, 0.1368578...         0
302  client_31   c_31_3  [-2.4280334, -2.4276457, -2.4276457, -2.428162...         0
303  client_31   c_31_2  [0.038959034, 0.06606619, 0.086816385, 0.10854...         0
304  client_31   c_31_4  [-0.80448437, -0.67910814, -0.6145956, -0.5361...         0
305  client_31   c_31_7  [0.12324499, 0.20918773, 0.28092584, 0.3507156...         0
306  client_31   c_31_5  [-2.3123236, -2.277046, -2.2465718, -2.2048328...         0
307  client_31   c_31_1  [-2.3071373, -2.0129912, -1.5653114, -0.894004...         0
308  client_31   c_31_9  [-2.3060234, -2.0322118, -1.3814722, -0.546036...         0
309  client_31   c_31_8  [0.583425, 0.6714026, 0.71781445, 0.78584826, ...         0
310  client_32   c_32_6  [0.029315745, 0.05215088, 0.07929132, 0.102159...         0
311  client_32   c_32_2  [0.12020598, 0.16483256, 0.21839337, 0.2679518...         0
312  client_32   c_32_0  [-2.4049177, -2.41376, -2.4226024, -2.425663, ...         0
313  client_32   c_32_3  [0.11450384, 0.1841967, 0.26130494, 0.32593387...         0
314  client_32   c_32_7  [-2.4098208, -2.371469, -2.3106644, -2.2024431...         0
315  client_32   c_32_9  [0.31918067, 0.33990243, 0.36303076, 0.3837526...         0
316  client_32   c_32_4  [-2.055551, -1.4264562, -0.887454, -0.21979743...         0
317  client_32   c_32_8  [-1.87352, -1.838348, -1.825579, -1.8471704, -...         0
318  client_32   c_32_1  [-2.0341527, -1.9876288, -1.8634568, -1.792809...         0
319  client_32   c_32_5  [-2.4290636, -2.4290636, -2.4290636, -2.429063...         0
320  client_33   c_33_6  [0.04375601, 0.066962294, 0.08836689, 0.111372...         0
321  client_33   c_33_2  [0.082094654, 0.13708356, 0.19589517, 0.242512...         0
322  client_33   c_33_1  [-0.1238857, -0.09428602, -0.038452752, -0.015...         0
323  client_33   c_33_0  [0.13516317, 0.19402136, 0.26286557, 0.3222496...         0
324  client_33   c_33_7  [-2.2850635, -1.7209604, -1.1043825, -0.361941...         0
325  client_33   c_33_5  [-2.4290633, -2.4290633, -2.4173827, -2.413654...         0
326  client_33   c_33_4  [-2.2318184, -2.2209933, -2.2456648, -2.259763...         0
327  client_33   c_33_8  [-2.391838, -2.3273923, -2.129819, -2.0336645,...         0
328  client_33   c_33_3  [-2.0984373, -1.9928371, -1.9284463, -1.900927...         0
329  client_33   c_33_9  [-0.057056837, -0.08466565, 0.061602347, 0.119...         0
330  client_34   c_34_0  [0.046791513, 0.06949143, 0.090518996, 0.11532...         0
331  client_34   c_34_5  [0.087742, 0.13331835, 0.19010831, 0.24610247,...         0
332  client_34   c_34_3  [0.13162425, 0.18538202, 0.24236888, 0.3013677...         0
333  client_34   c_34_9  [-1.9509045, -1.6182442, -1.271739, -0.7406163...         0
334  client_34   c_34_6  [0.4532952, 0.6986025, 1.019687, 1.1708896, 1....         0
335  client_34   c_34_1  [-0.60613376, -0.5584745, -0.57325417, -0.5896...         0
336  client_34   c_34_4  [-2.2724183, -2.2724183, -2.2380664, -2.222530...         0
337  client_34   c_34_8  [-1.6916212, -1.2720914, -0.60667944, -0.01635...         0
338  client_34   c_34_2  [-1.900656, -1.8527634, -1.807266, -1.793697, ...         0
339  client_34   c_34_7  [-2.4155867, -2.388781, -2.3590977, -2.3654583...         0
340  client_35   c_35_0  [0.046154343, 0.06928433, 0.0907911, 0.1122295...         0
341  client_35   c_35_4  [-2.429063, -2.429063, -2.429063, -2.429063, -...         0
342  client_35   c_35_3  [0.1029234, 0.16696951, 0.23445138, 0.28225046...         0
343  client_35   c_35_6  [-2.1541982, -2.0514328, -2.0233495, -1.957490...         0
344  client_35   c_35_5  [0.12669821, 0.17865142, 0.22645792, 0.2783693...         0
345  client_35   c_35_9  [-2.3854828, -1.9823256, -1.5072037, -0.650214...         0
346  client_35   c_35_7  [-2.2299664, -2.2364283, -2.228486, -2.259448,...         0
347  client_35   c_35_1  [-2.4033086, -2.3243084, -2.2370756, -2.183966...         0
348  client_35   c_35_2  [-0.47597247, -0.26261246, -0.1680795, -0.1358...         0
349  client_35   c_35_8  [0.5949814, 0.61552006, 0.58644265, 0.6019044,...         0
350  client_36   c_36_6  [0.0643249, 0.14345093, 0.21689473, 0.2901744,...         0
351  client_36   c_36_1  [0.13306455, 0.18977417, 0.25194418, 0.3128761...         0
352  client_36   c_36_8  [0.027844759, 0.06151836, 0.09059199, 0.112077...         0
353  client_36   c_36_4  [0.061135516, 0.08097551, 0.104387924, 0.13113...         0
354  client_36   c_36_9  [-0.69841737, -0.5190813, -0.3961373, -0.37778...         0
355  client_36   c_36_5  [-2.4234471, -2.423628, -2.411671, -2.3828652,...         0
356  client_36   c_36_2  [-2.236386, -2.2235403, -2.222256, -2.208593, ...         0
357  client_36   c_36_0  [-2.3257718, -2.0276582, -1.1369215, -0.299909...         0
358  client_36   c_36_7  [-2.3167672, -2.2209601, -2.1284153, -2.020493...         0
359  client_36   c_36_3  [0.53515136, 0.76705235, 0.8486606, 0.89556706...         0
360  client_37   c_37_0  [0.11487322, 0.15425704, 0.2033606, 0.25230256...         0
361  client_37   c_37_5  [0.12639314, 0.20299369, 0.29429471, 0.3450932...         0
362  client_37   c_37_8  [0.04183416, 0.06854979, 0.0927478, 0.11840248...         0
363  client_37   c_37_1  [-2.242804, -2.1953957, -2.1353436, -2.1033158...         0
364  client_37   c_37_9  [-2.1214519, -2.1342945, -2.1304173, -2.127025...         0
365  client_37   c_37_4  [-2.4290633, -2.4290633, -2.4290633, -2.429063...         0
366  client_37   c_37_2  [-2.1493206, -1.5435102, -0.9410695, -0.389702...         0
367  client_37   c_37_3  [-0.65952235, -0.67149997, -0.6306812, -0.6461...         0
368  client_37   c_37_6  [0.80029464, 0.90055406, 0.8763752, 0.8849211,...         0
369  client_37   c_37_7  [-2.4290628, -2.3988671, -2.2916913, -2.199799...         0
370  client_38   c_38_0  [0.03244246, 0.05556751, 0.08387954, 0.1099056...         0
371  client_38   c_38_2  [0.12079069, 0.15792881, 0.20764484, 0.2496267...         0
372  client_38   c_38_9  [0.41967422, 1.042731, 1.1567227, 1.1752648, 1...         0
373  client_38   c_38_8  [-2.0480871, -1.9333073, -1.814447, -1.7437931...         0
374  client_38   c_38_3  [-2.337629, -2.0500238, -1.4417747, -0.6416299...         0
375  client_38   c_38_5  [0.05280395, 0.14391121, 0.23800243, 0.3256309...         0
376  client_38   c_38_6  [-2.4211953, -2.4197378, -2.398458, -2.364935,...         0
377  client_38   c_38_7  [-2.0978656, -2.0917192, -2.0881732, -2.080608...         0
378  client_38   c_38_4  [-2.3951905, -2.3939664, -2.3992715, -2.400904...         0
379  client_38   c_38_1  [-0.16572033, -0.08818067, -0.073173, -0.05660...         0
380  client_39   c_39_4  [0.046083253, 0.07062977, 0.09737147, 0.123045...         0
381  client_39   c_39_3  [-2.3315752, -1.751299, -1.0562733, -0.3459654...         0
382  client_39   c_39_0  [0.118376754, 0.16140904, 0.21015525, 0.258529...         0
383  client_39   c_39_7  [-2.429063, -2.419264, -2.3992403, -2.3892283,...         0
384  client_39   c_39_8  [-2.3683593, -2.3133385, -2.269345, -2.1736968...         0
385  client_39   c_39_9  [0.0478921, 0.10965456, 0.18047398, 0.25949448...         0
386  client_39   c_39_5  [0.66225827, 0.6998879, 0.7190448, 0.7571306, ...         0
387  client_39   c_39_1  [-2.3859222, -2.388773, -2.389533, -2.388583, ...         0
388  client_39   c_39_2  [-0.38819045, -0.26608786, -0.0932947, -0.0893...         0
389  client_39   c_39_6  [-2.1248815, -2.030273, -1.9216441, -1.8377641...         0
390  client_40   c_40_7  [0.11092729, 0.15805396, 0.2080237, 0.2560901,...         0
391  client_40   c_40_0  [0.05098933, 0.0766637, 0.09917091, 0.12537277...         0
392  client_40   c_40_2  [-2.2209523, -2.055635, -1.9889852, -1.8784478...         0
393  client_40   c_40_9  [0.08340192, 0.15128502, 0.2523086, 0.31764272...         0
394  client_40   c_40_4  [-2.3493578, -2.309232, -2.3050294, -2.2506702...         0
395  client_40   c_40_3  [-2.4290648, -2.4290648, -2.4290648, -2.429064...         0
396  client_40   c_40_1  [0.86771613, 1.0386803, 1.1049123, 1.1154126, ...         0
397  client_40   c_40_8  [-0.18996741, -0.14614062, 0.009360144, 0.0360...         0
398  client_40   c_40_5  [-2.3513834, -1.4720767, -0.9955791, -0.347895...         0
399  client_40   c_40_6  [-1.3491096, -1.2474467, -1.1933123, -1.180102...         0
400  client_41   c_41_0  [0.09090606, 0.12816876, 0.17075661, 0.2131527...         0
401  client_41   c_41_5  [-2.0787067, -1.1702701, -0.08185837, 0.530092...         0
402  client_41   c_41_2  [-2.4290636, -2.4164896, -2.4103773, -2.337377...         0
403  client_41   c_41_6  [-0.8146392, -0.6848447, -0.6755734, -0.674590...         0
404  client_41   c_41_8  [-2.2512574, -2.259279, -2.2572734, -2.2599473...         0
405  client_41   c_41_9  [-2.2587218, -2.22911, -2.2023983, -2.148365, ...         0
406  client_41   c_41_1  [-2.2977655, -2.1406887, -2.0231798, -1.913865...         0
407  client_41   c_41_7  [1.0162158, 1.0396713, 1.0047785, 0.9801596, 0...         0
408  client_41   c_41_3  [-2.1977928, -1.811843, -1.4638575, -1.0396788...         0
409  client_41   c_41_4  [-2.299427, -2.298942, -2.2984576, -2.2989426,...         0
410  client_42   c_42_9  [0.072417244, 0.14593124, 0.24000736, 0.319119...         0
411  client_42   c_42_6  [0.046006776, 0.06803962, 0.08999988, 0.115700...         0
412  client_42   c_42_7  [-1.9833193, -1.9616164, -1.8979824, -1.890713...         0
413  client_42   c_42_0  [0.12118138, 0.18161507, 0.2549098, 0.321039, ...         0
414  client_42   c_42_5  [0.070649564, 0.0948519, 0.123527095, 0.159179...         0
415  client_42   c_42_4  [-2.425256, -2.4249098, -2.4249098, -2.4247367...         0
416  client_42   c_42_2  [-2.4134498, -2.351639, -2.0168881, -1.6288555...         0
417  client_42   c_42_3  [-2.2284682, -2.1090724, -2.0268064, -1.898923...         0
418  client_42   c_42_8  [0.45515865, 0.7385735, 0.832267, 0.8469853, 0...         0
419  client_42   c_42_1  [-1.008638, -0.700407, -0.37199724, -0.2432179...         0
420  client_43   c_43_2  [0.07054909, 0.09998484, 0.13154861, 0.1619241...         0
421  client_43   c_43_0  [0.106130935, 0.16917689, 0.22975598, 0.283653...         0
422  client_43   c_43_5  [-1.1844198, -0.95024127, -0.60588074, -0.3803...         0
423  client_43   c_43_6  [-2.418847, -2.3665528, -2.217784, -2.1446023,...         0
424  client_43   c_43_7  [-2.2011912, -2.1610658, -2.1157892, -2.091659...         0
425  client_43   c_43_8  [-1.7115256, -1.1860626, -0.3755963, 0.1588946...         0
426  client_43   c_43_1  [-2.2641516, -2.2265055, -2.2270675, -2.177341...         0
427  client_43   c_43_9  [-2.429063, -2.3998768, -2.3855014, -2.386155,...         0
428  client_43   c_43_4  [0.62433034, 0.6263232, 0.6408169, 0.61255467,...         0
429  client_43   c_43_3  [-2.1769197, -2.1552708, -2.1153688, -2.138433...         0
430  client_44   c_44_4  [0.046642534, 0.06589881, 0.09214021, 0.112596...         0
431  client_44   c_44_6  [0.12952846, 0.17910863, 0.23696792, 0.3026012...         0
432  client_44   c_44_9  [-2.4013703, -2.4041395, -2.4098759, -2.410271...         0
433  client_44   c_44_7  [0.076105624, 0.11534641, 0.1661748, 0.2196043...         0
434  client_44   c_44_0  [0.49006298, 0.60817105, 0.61756366, 0.6171642...         0
435  client_44   c_44_8  [-2.4240837, -2.3911846, -2.3341374, -2.308549...         0
436  client_44   c_44_5  [-1.2286571, -1.2401978, -1.2154344, -1.206134...         0
437  client_44   c_44_2  [-2.2405486, -1.9074895, -1.4644221, -0.763174...         0
438  client_44   c_44_3  [-2.2595947, -2.1846082, -2.1400347, -2.036028...         0
439  client_44   c_44_1  [-0.93674487, 0.09955372, 0.6544072, 0.9299272...         0
440  client_45   c_45_7  [0.040430393, 0.055211306, 0.079765916, 0.0999...         0
441  client_45   c_45_8  [0.12455603, 0.17373964, 0.22553569, 0.2736540...         0
442  client_45   c_45_6  [0.36101612, 0.41082463, 0.44326743, 0.4408442...         0
443  client_45   c_45_0  [-2.4210305, -2.4213796, -2.421554, -2.4213796...         0
444  client_45   c_45_9  [-2.3625653, -2.2260628, -1.9160374, -1.465472...         0
445  client_45   c_45_5  [0.11594947, 0.18010464, 0.23867263, 0.297529,...         0
446  client_45   c_45_1  [-2.2779434, -2.242935, -2.2178595, -2.2028146...         0
447  client_45   c_45_4  [-2.4290633, -2.4290633, -2.3597145, -2.062115...         0
448  client_45   c_45_2  [-1.8244971, -1.048698, 0.005760573, 0.4433346...         0
449  client_45   c_45_3  [-1.5546787, -1.4568365, -1.3619769, -1.160213...         0
450  client_46   c_46_6  [0.034641255, 0.063218035, 0.08481901, 0.10690...         0
451  client_46   c_46_9  [0.040269364, 0.07368181, 0.0986746, 0.1226288...         0
452  client_46   c_46_0  [-2.4290633, -2.4290633, -2.0718274, -1.801270...         0
453  client_46   c_46_4  [0.12418152, 0.1835143, 0.26033607, 0.31655756...         0
454  client_46   c_46_8  [-2.426224, -2.414593, -2.3437731, -2.0887957,...         0
455  client_46   c_46_7  [0.14751399, 0.1981641, 0.25037673, 0.30357307...         0
456  client_46   c_46_5  [0.21581721, 0.24276096, 0.25605, 0.22922811, ...         0
457  client_46   c_46_3  [-2.0485725, -1.9633852, -1.8725961, -1.809105...         0
458  client_46   c_46_2  [-2.0705066, -2.0772974, -2.076063, -2.0605054...         0
459  client_46   c_46_1  [-2.1748135, -1.5432576, -0.9389551, -0.308103...         0
460  client_47   c_47_1  [0.0714324, 0.10170567, 0.13130721, 0.16071376...         0
461  client_47   c_47_0  [-2.3054206, -2.3059444, -1.7212543, -0.508911...         0
462  client_47   c_47_6  [0.115567856, 0.163574, 0.21981516, 0.27960438...         0
463  client_47   c_47_7  [-2.1832154, -1.7677726, -1.1572051, -0.457840...         0
464  client_47   c_47_5  [-2.428413, -2.4166844, -2.3953445, -2.3986027...         0
465  client_47   c_47_8  [0.30349842, 0.42122632, 0.41177014, 0.4495945...         0
466  client_47   c_47_2  [-2.3252928, -2.3289108, -2.2945352, -2.282516...         0
467  client_47   c_47_4  [-2.2452188, -2.2079306, -2.154591, -2.0512452...         0
468  client_47   c_47_3  [-2.1966486, -2.2168496, -2.2009335, -2.173386...         0
469  client_47   c_47_9  [-0.5238795, -0.30999509, -0.27694973, -0.2409...         0
470  client_48   c_48_4  [0.03813379, 0.05512486, 0.07576596, 0.0927376...         0
471  client_48   c_48_5  [0.11720947, 0.17137718, 0.23497523, 0.2913556...         0
472  client_48   c_48_1  [0.11179452, 0.16233456, 0.21166311, 0.2639862...         0
473  client_48   c_48_0  [-2.2878578, -2.285007, -2.2815862, -2.2755044...         0
474  client_48   c_48_9  [-0.036921136, 0.10026442, 0.15279865, 0.15360...         0
475  client_48   c_48_3  [-0.06703618, 0.012982981, 0.024929501, 0.0287...         0
476  client_48   c_48_6  [-2.1892278, -1.9406989, -1.6959138, -1.449658...         0
477  client_48   c_48_7  [-2.4290648, -2.4088788, -2.342233, -2.2999384...         0
478  client_48   c_48_2  [-2.2261147, -2.2084434, -2.1671035, -2.145790...         0
479  client_48   c_48_8  [-2.2305996, -1.7907462, -0.96642673, -0.21195...         0
480  client_49   c_49_3  [0.12645099, 0.18015145, 0.23225401, 0.2891565...         0
481  client_49   c_49_6  [-1.9965233, -1.9956181, -1.9819198, -1.958011...         0
482  client_49   c_49_1  [0.06501356, 0.10081235, 0.13193578, 0.162938,...         0
483  client_49   c_49_0  [0.24667811, 0.33259705, 0.36311266, 0.3848738...         0
484  client_49   c_49_4  [-2.2085428, -1.9176224, -1.4841595, -1.056817...         0
485  client_49   c_49_5  [-2.1501791, -1.6965731, -0.62394243, -0.15999...         0
486  client_49   c_49_7  [-2.4078417, -2.403172, -2.3686473, -2.3436024...         0
487  client_49   c_49_9  [-2.429063, -2.3471718, -2.3349078, -2.3469741...         0
488  client_49   c_49_8  [-2.4099517, -2.406402, -2.4104974, -2.4077673...         0
489  client_49   c_49_2  [-1.7377667, -1.6906886, -1.6049871, -1.537504...         0
490  client_50   c_50_9  [0.08297241, 0.1531896, 0.21035871, 0.27531958...         0
491  client_50   c_50_0  [0.0392137, 0.060170934, 0.0837403, 0.11448099...         0
492  client_50   c_50_4  [0.108702414, 0.16872859, 0.22958106, 0.287535...         0
493  client_50   c_50_5  [-1.6004283, -1.436773, -1.0220954, -0.6220698...         0
494  client_50   c_50_1  [-1.1474825, -0.72733164, -0.40388644, -0.0765...         0
495  client_50   c_50_8  [-2.2023385, -2.1480603, -2.139066, -2.1106865...         0
496  client_50   c_50_6  [-2.398568, -2.3292987, -2.265199, -2.2014866,...         0
497  client_50   c_50_2  [-2.2262912, -2.2071848, -2.2168076, -2.226988...         0
498  client_50   c_50_7  [0.22841422, 0.48530802, 0.6627414, 0.84227, 0...         0
499  client_50   c_50_3  [-2.4260519, -2.3980095, -2.3340206, -2.32047,...         0 (utils.py:66)
2024-11-17 20:53:27,566 - FedCSP-2024 - INFO - Testing 
: Acc: 11.46, Loss: 0.0 (utils.py:66)
2024-11-17 20:53:27,567 - FedCSP-2024 - INFO - Round 1: 
 (utils.py:66)
