2024-11-17 20:33:40,218 - FedCSP-2024 - INFO - -----------Server start Federated Learning----------- 
 (server.py:24)
2024-11-17 20:33:40,219 - FedCSP-2024 - INFO - Round 0: 
 (utils.py:66)
2024-11-17 20:33:41,156 - FedCSP-2024 - INFO - argumentation: 0 (handle_data.py:96)
2024-11-17 20:33:59,691 - FedCSP-2024 - INFO - Client 1 is trainning . . . (fedscp.py:239)
2024-11-17 20:34:01,030 - FedCSP-2024 - INFO - Client 2 is trainning . . . (fedscp.py:239)
2024-11-17 20:34:02,006 - FedCSP-2024 - INFO - Client 3 is trainning . . . (fedscp.py:239)
2024-11-17 20:34:02,977 - FedCSP-2024 - INFO - Client 4 is trainning . . . (fedscp.py:239)
2024-11-17 20:34:03,892 - FedCSP-2024 - INFO - Client 5 is trainning . . . (fedscp.py:239)
2024-11-17 20:34:04,864 - FedCSP-2024 - INFO - Client 6 is trainning . . . (fedscp.py:239)
2024-11-17 20:34:05,847 - FedCSP-2024 - INFO - Client 7 is trainning . . . (fedscp.py:239)
2024-11-17 20:34:06,805 - FedCSP-2024 - INFO - Client 8 is trainning . . . (fedscp.py:239)
2024-11-17 20:34:07,772 - FedCSP-2024 - INFO - Client 9 is trainning . . . (fedscp.py:239)
2024-11-17 20:34:08,760 - FedCSP-2024 - INFO - Client 10 is trainning . . . (fedscp.py:239)
2024-11-17 20:34:10,494 - FedCSP-2024 - INFO - argumentation: 0 (handle_data.py:96)
2024-11-17 20:34:12,021 - FedCSP-2024 - INFO - Testing 
: Acc: 8.72, Loss: 0.0 (utils.py:66)
2024-11-17 20:34:12,022 - FedCSP-2024 - INFO - Round 1: 
 (utils.py:66)
2024-11-17 20:34:12,769 - FedCSP-2024 - INFO - argumentation: 0 (handle_data.py:96)
2024-11-17 20:34:30,205 - FedCSP-2024 - INFO - Client 1 is trainning . . . (fedscp.py:239)
2024-11-17 20:34:31,440 - FedCSP-2024 - INFO - Client 2 is trainning . . . (fedscp.py:239)
2024-11-17 20:34:32,404 - FedCSP-2024 - INFO - Client 3 is trainning . . . (fedscp.py:239)
2024-11-17 20:34:33,325 - FedCSP-2024 - INFO - Client 4 is trainning . . . (fedscp.py:239)
2024-11-17 20:34:34,272 - FedCSP-2024 - INFO - Client 5 is trainning . . . (fedscp.py:239)
2024-11-17 20:34:35,239 - FedCSP-2024 - INFO - Client 6 is trainning . . . (fedscp.py:239)
2024-11-17 20:34:36,211 - FedCSP-2024 - INFO - Client 7 is trainning . . . (fedscp.py:239)
2024-11-17 20:34:37,202 - FedCSP-2024 - INFO - Client 8 is trainning . . . (fedscp.py:239)
2024-11-17 20:34:38,182 - FedCSP-2024 - INFO - Client 9 is trainning . . . (fedscp.py:239)
2024-11-17 20:34:39,199 - FedCSP-2024 - INFO - Client 10 is trainning . . . (fedscp.py:239)
2024-11-17 20:34:40,979 - FedCSP-2024 - INFO - argumentation: 0 (handle_data.py:96)
2024-11-17 20:34:42,585 - FedCSP-2024 - INFO - Testing 
: Acc: 8.92, Loss: 0.0 (utils.py:66)
2024-11-17 20:34:42,585 - FedCSP-2024 - INFO - Round 2: 
 (utils.py:66)
2024-11-17 20:34:43,282 - FedCSP-2024 - INFO - argumentation: 0 (handle_data.py:96)
2024-11-17 20:34:59,659 - FedCSP-2024 - INFO - Client 1 is trainning . . . (fedscp.py:239)
2024-11-17 20:35:00,830 - FedCSP-2024 - INFO - Client 2 is trainning . . . (fedscp.py:239)
2024-11-17 20:35:01,781 - FedCSP-2024 - INFO - Client 3 is trainning . . . (fedscp.py:239)
2024-11-17 20:35:02,764 - FedCSP-2024 - INFO - Client 4 is trainning . . . (fedscp.py:239)
2024-11-17 20:35:03,710 - FedCSP-2024 - INFO - Client 5 is trainning . . . (fedscp.py:239)
2024-11-17 20:35:04,684 - FedCSP-2024 - INFO - Client 6 is trainning . . . (fedscp.py:239)
2024-11-17 20:35:05,670 - FedCSP-2024 - INFO - Client 7 is trainning . . . (fedscp.py:239)
2024-11-17 20:35:06,605 - FedCSP-2024 - INFO - Client 8 is trainning . . . (fedscp.py:239)
2024-11-17 20:35:07,528 - FedCSP-2024 - INFO - Client 9 is trainning . . . (fedscp.py:239)
2024-11-17 20:35:08,502 - FedCSP-2024 - INFO - Client 10 is trainning . . . (fedscp.py:239)
2024-11-17 20:35:10,235 - FedCSP-2024 - INFO - argumentation: 0 (handle_data.py:96)
2024-11-17 20:35:11,897 - FedCSP-2024 - INFO - Testing 
: Acc: 9.03, Loss: 0.0 (utils.py:66)
2024-11-17 20:35:11,898 - FedCSP-2024 - INFO - Round 3: 
 (utils.py:66)
2024-11-17 20:35:12,605 - FedCSP-2024 - INFO - argumentation: 0 (handle_data.py:96)
2024-11-17 20:35:29,814 - FedCSP-2024 - INFO - Client 1 is trainning . . . (fedscp.py:239)
2024-11-17 20:35:30,982 - FedCSP-2024 - INFO - Client 2 is trainning . . . (fedscp.py:239)
2024-11-17 20:35:31,945 - FedCSP-2024 - INFO - Client 3 is trainning . . . (fedscp.py:239)
2024-11-17 20:35:32,893 - FedCSP-2024 - INFO - Client 4 is trainning . . . (fedscp.py:239)
2024-11-17 20:35:33,908 - FedCSP-2024 - INFO - Client 5 is trainning . . . (fedscp.py:239)
2024-11-17 20:35:34,886 - FedCSP-2024 - INFO - Client 6 is trainning . . . (fedscp.py:239)
2024-11-17 20:35:35,832 - FedCSP-2024 - INFO - Client 7 is trainning . . . (fedscp.py:239)
2024-11-17 20:35:36,787 - FedCSP-2024 - INFO - Client 8 is trainning . . . (fedscp.py:239)
2024-11-17 20:35:37,772 - FedCSP-2024 - INFO - Client 9 is trainning . . . (fedscp.py:239)
2024-11-17 20:35:38,788 - FedCSP-2024 - INFO - Client 10 is trainning . . . (fedscp.py:239)
2024-11-17 20:35:40,524 - FedCSP-2024 - INFO - argumentation: 0 (handle_data.py:96)
2024-11-17 20:35:42,215 - FedCSP-2024 - INFO - Testing 
: Acc: 9.25, Loss: 0.0 (utils.py:66)
2024-11-17 20:35:42,215 - FedCSP-2024 - INFO - Round 4: 
 (utils.py:66)
2024-11-17 20:35:42,935 - FedCSP-2024 - INFO - argumentation: 0 (handle_data.py:96)
2024-11-17 20:36:00,994 - FedCSP-2024 - INFO - Client 1 is trainning . . . (fedscp.py:239)
2024-11-17 20:36:02,158 - FedCSP-2024 - INFO - Client 2 is trainning . . . (fedscp.py:239)
2024-11-17 20:36:03,058 - FedCSP-2024 - INFO - Client 3 is trainning . . . (fedscp.py:239)
2024-11-17 20:36:04,046 - FedCSP-2024 - INFO - Client 4 is trainning . . . (fedscp.py:239)
2024-11-17 20:36:05,037 - FedCSP-2024 - INFO - Client 5 is trainning . . . (fedscp.py:239)
2024-11-17 20:36:05,966 - FedCSP-2024 - INFO - Client 6 is trainning . . . (fedscp.py:239)
2024-11-17 20:36:06,898 - FedCSP-2024 - INFO - Client 7 is trainning . . . (fedscp.py:239)
2024-11-17 20:36:07,838 - FedCSP-2024 - INFO - Client 8 is trainning . . . (fedscp.py:239)
2024-11-17 20:36:08,792 - FedCSP-2024 - INFO - Client 9 is trainning . . . (fedscp.py:239)
2024-11-17 20:36:09,747 - FedCSP-2024 - INFO - Client 10 is trainning . . . (fedscp.py:239)
2024-11-17 20:36:11,461 - FedCSP-2024 - INFO - argumentation: 0 (handle_data.py:96)
2024-11-17 20:36:13,122 - FedCSP-2024 - INFO - Testing 
: Acc: 9.47, Loss: 0.0 (utils.py:66)
2024-11-17 20:36:13,122 - FedCSP-2024 - INFO - Round 5: 
 (utils.py:66)
2024-11-17 20:36:13,868 - FedCSP-2024 - INFO - argumentation: 0 (handle_data.py:96)
2024-11-17 20:36:31,391 - FedCSP-2024 - INFO - Client 1 is trainning . . . (fedscp.py:239)
2024-11-17 20:36:32,537 - FedCSP-2024 - INFO - Client 2 is trainning . . . (fedscp.py:239)
2024-11-17 20:36:33,464 - FedCSP-2024 - INFO - Client 3 is trainning . . . (fedscp.py:239)
2024-11-17 20:36:34,417 - FedCSP-2024 - INFO - Client 4 is trainning . . . (fedscp.py:239)
2024-11-17 20:36:35,406 - FedCSP-2024 - INFO - Client 5 is trainning . . . (fedscp.py:239)
2024-11-17 20:36:36,380 - FedCSP-2024 - INFO - Client 6 is trainning . . . (fedscp.py:239)
2024-11-17 20:36:37,375 - FedCSP-2024 - INFO - Client 7 is trainning . . . (fedscp.py:239)
2024-11-17 20:36:38,340 - FedCSP-2024 - INFO - Client 8 is trainning . . . (fedscp.py:239)
2024-11-17 20:36:39,292 - FedCSP-2024 - INFO - Client 9 is trainning . . . (fedscp.py:239)
2024-11-17 20:36:40,254 - FedCSP-2024 - INFO - Client 10 is trainning . . . (fedscp.py:239)
2024-11-17 20:36:41,929 - FedCSP-2024 - INFO - argumentation: 0 (handle_data.py:96)
2024-11-17 20:36:43,665 - FedCSP-2024 - INFO - Testing 
: Acc: 9.34, Loss: 0.0 (utils.py:66)
2024-11-17 20:36:43,665 - FedCSP-2024 - INFO - Round 6: 
 (utils.py:66)
2024-11-17 20:36:44,386 - FedCSP-2024 - INFO - argumentation: 0 (handle_data.py:96)
2024-11-17 20:37:02,624 - FedCSP-2024 - INFO - Client 1 is trainning . . . (fedscp.py:239)
2024-11-17 20:37:03,809 - FedCSP-2024 - INFO - Client 2 is trainning . . . (fedscp.py:239)
2024-11-17 20:37:04,945 - FedCSP-2024 - INFO - Client 3 is trainning . . . (fedscp.py:239)
2024-11-17 20:37:05,959 - FedCSP-2024 - INFO - Client 4 is trainning . . . (fedscp.py:239)
2024-11-17 20:37:07,028 - FedCSP-2024 - INFO - Client 5 is trainning . . . (fedscp.py:239)
2024-11-17 20:37:07,941 - FedCSP-2024 - INFO - Client 6 is trainning . . . (fedscp.py:239)
2024-11-17 20:37:08,872 - FedCSP-2024 - INFO - Client 7 is trainning . . . (fedscp.py:239)
2024-11-17 20:37:09,809 - FedCSP-2024 - INFO - Client 8 is trainning . . . (fedscp.py:239)
2024-11-17 20:37:10,756 - FedCSP-2024 - INFO - Client 9 is trainning . . . (fedscp.py:239)
2024-11-17 20:37:11,656 - FedCSP-2024 - INFO - Client 10 is trainning . . . (fedscp.py:239)
2024-11-17 20:37:13,427 - FedCSP-2024 - INFO - argumentation: 0 (handle_data.py:96)
2024-11-17 20:37:14,994 - FedCSP-2024 - INFO - Testing 
: Acc: 9.16, Loss: 0.0 (utils.py:66)
2024-11-17 20:37:14,995 - FedCSP-2024 - INFO - Round 7: 
 (utils.py:66)
2024-11-17 20:37:15,685 - FedCSP-2024 - INFO - argumentation: 0 (handle_data.py:96)
2024-11-17 20:37:32,615 - FedCSP-2024 - INFO - Client 1 is trainning . . . (fedscp.py:239)
2024-11-17 20:37:33,622 - FedCSP-2024 - INFO - Client 2 is trainning . . . (fedscp.py:239)
2024-11-17 20:37:34,615 - FedCSP-2024 - INFO - Client 3 is trainning . . . (fedscp.py:239)
2024-11-17 20:37:35,523 - FedCSP-2024 - INFO - Client 4 is trainning . . . (fedscp.py:239)
2024-11-17 20:37:36,455 - FedCSP-2024 - INFO - Client 5 is trainning . . . (fedscp.py:239)
2024-11-17 20:37:37,407 - FedCSP-2024 - INFO - Client 6 is trainning . . . (fedscp.py:239)
2024-11-17 20:37:38,280 - FedCSP-2024 - INFO - Client 7 is trainning . . . (fedscp.py:239)
2024-11-17 20:37:39,164 - FedCSP-2024 - INFO - Client 8 is trainning . . . (fedscp.py:239)
2024-11-17 20:37:40,107 - FedCSP-2024 - INFO - Client 9 is trainning . . . (fedscp.py:239)
2024-11-17 20:37:40,999 - FedCSP-2024 - INFO - Client 10 is trainning . . . (fedscp.py:239)
2024-11-17 20:37:42,662 - FedCSP-2024 - INFO - argumentation: 0 (handle_data.py:96)
2024-11-17 20:37:44,316 - FedCSP-2024 - INFO - Testing 
: Acc: 8.87, Loss: 0.0 (utils.py:66)
2024-11-17 20:37:44,317 - FedCSP-2024 - INFO - Round 8: 
 (utils.py:66)
2024-11-17 20:37:45,006 - FedCSP-2024 - INFO - argumentation: 0 (handle_data.py:96)
2024-11-17 20:38:01,927 - FedCSP-2024 - INFO - Client 1 is trainning . . . (fedscp.py:239)
2024-11-17 20:38:03,091 - FedCSP-2024 - INFO - Client 2 is trainning . . . (fedscp.py:239)
2024-11-17 20:38:04,045 - FedCSP-2024 - INFO - Client 3 is trainning . . . (fedscp.py:239)
2024-11-17 20:38:04,960 - FedCSP-2024 - INFO - Client 4 is trainning . . . (fedscp.py:239)
2024-11-17 20:38:05,909 - FedCSP-2024 - INFO - Client 5 is trainning . . . (fedscp.py:239)
2024-11-17 20:38:06,862 - FedCSP-2024 - INFO - Client 6 is trainning . . . (fedscp.py:239)
2024-11-17 20:38:07,762 - FedCSP-2024 - INFO - Client 7 is trainning . . . (fedscp.py:239)
2024-11-17 20:38:08,634 - FedCSP-2024 - INFO - Client 8 is trainning . . . (fedscp.py:239)
2024-11-17 20:38:09,535 - FedCSP-2024 - INFO - Client 9 is trainning . . . (fedscp.py:239)
2024-11-17 20:38:10,438 - FedCSP-2024 - INFO - Client 10 is trainning . . . (fedscp.py:239)
2024-11-17 20:38:12,037 - FedCSP-2024 - INFO - argumentation: 0 (handle_data.py:96)
2024-11-17 20:38:13,619 - FedCSP-2024 - INFO - Testing 
: Acc: 8.85, Loss: 0.0 (utils.py:66)
2024-11-17 20:38:13,619 - FedCSP-2024 - INFO - Round 9: 
 (utils.py:66)
2024-11-17 20:38:14,304 - FedCSP-2024 - INFO - argumentation: 0 (handle_data.py:96)
2024-11-17 20:38:31,324 - FedCSP-2024 - INFO - Client 1 is trainning . . . (fedscp.py:239)
2024-11-17 20:38:32,535 - FedCSP-2024 - INFO - Client 2 is trainning . . . (fedscp.py:239)
2024-11-17 20:38:33,466 - FedCSP-2024 - INFO - Client 3 is trainning . . . (fedscp.py:239)
2024-11-17 20:38:34,498 - FedCSP-2024 - INFO - Client 4 is trainning . . . (fedscp.py:239)
2024-11-17 20:38:35,463 - FedCSP-2024 - INFO - Client 5 is trainning . . . (fedscp.py:239)
2024-11-17 20:38:36,428 - FedCSP-2024 - INFO - Client 6 is trainning . . . (fedscp.py:239)
2024-11-17 20:38:37,403 - FedCSP-2024 - INFO - Client 7 is trainning . . . (fedscp.py:239)
2024-11-17 20:38:38,395 - FedCSP-2024 - INFO - Client 8 is trainning . . . (fedscp.py:239)
2024-11-17 20:38:39,327 - FedCSP-2024 - INFO - Client 9 is trainning . . . (fedscp.py:239)
2024-11-17 20:38:40,437 - FedCSP-2024 - INFO - Client 10 is trainning . . . (fedscp.py:239)
2024-11-17 20:38:42,164 - FedCSP-2024 - INFO - argumentation: 0 (handle_data.py:96)
2024-11-17 20:38:43,877 - FedCSP-2024 - INFO - Testing 
: Acc: 8.9, Loss: 0.0 (utils.py:66)
2024-11-17 20:38:43,878 - FedCSP-2024 - INFO - Round 10: 
 (utils.py:66)
2024-11-17 20:38:44,582 - FedCSP-2024 - INFO - argumentation: 0 (handle_data.py:96)
2024-11-17 20:39:02,365 - FedCSP-2024 - INFO - Client 1 is trainning . . . (fedscp.py:239)
2024-11-17 20:39:03,594 - FedCSP-2024 - INFO - Client 2 is trainning . . . (fedscp.py:239)
2024-11-17 20:39:04,512 - FedCSP-2024 - INFO - Client 3 is trainning . . . (fedscp.py:239)
2024-11-17 20:39:05,599 - FedCSP-2024 - INFO - Client 4 is trainning . . . (fedscp.py:239)
2024-11-17 20:39:06,586 - FedCSP-2024 - INFO - Client 5 is trainning . . . (fedscp.py:239)
2024-11-17 20:39:07,566 - FedCSP-2024 - INFO - Client 6 is trainning . . . (fedscp.py:239)
2024-11-17 20:39:08,596 - FedCSP-2024 - INFO - Client 7 is trainning . . . (fedscp.py:239)
2024-11-17 20:39:09,541 - FedCSP-2024 - INFO - Client 8 is trainning . . . (fedscp.py:239)
2024-11-17 20:39:10,492 - FedCSP-2024 - INFO - Client 9 is trainning . . . (fedscp.py:239)
2024-11-17 20:39:11,477 - FedCSP-2024 - INFO - Client 10 is trainning . . . (fedscp.py:239)
2024-11-17 20:39:13,142 - FedCSP-2024 - INFO - argumentation: 0 (handle_data.py:96)
2024-11-17 20:39:14,857 - FedCSP-2024 - INFO - Testing 
: Acc: 9.15, Loss: 0.0 (utils.py:66)
2024-11-17 20:39:14,858 - FedCSP-2024 - INFO - Round 11: 
 (utils.py:66)
2024-11-17 20:39:15,562 - FedCSP-2024 - INFO - argumentation: 0 (handle_data.py:96)
2024-11-17 20:39:33,000 - FedCSP-2024 - INFO - Client 1 is trainning . . . (fedscp.py:239)
2024-11-17 20:39:34,231 - FedCSP-2024 - INFO - Client 2 is trainning . . . (fedscp.py:239)
2024-11-17 20:39:35,171 - FedCSP-2024 - INFO - Client 3 is trainning . . . (fedscp.py:239)
2024-11-17 20:39:36,109 - FedCSP-2024 - INFO - Client 4 is trainning . . . (fedscp.py:239)
2024-11-17 20:39:37,069 - FedCSP-2024 - INFO - Client 5 is trainning . . . (fedscp.py:239)
2024-11-17 20:39:38,039 - FedCSP-2024 - INFO - Client 6 is trainning . . . (fedscp.py:239)
2024-11-17 20:39:38,965 - FedCSP-2024 - INFO - Client 7 is trainning . . . (fedscp.py:239)
2024-11-17 20:39:39,875 - FedCSP-2024 - INFO - Client 8 is trainning . . . (fedscp.py:239)
2024-11-17 20:39:40,796 - FedCSP-2024 - INFO - Client 9 is trainning . . . (fedscp.py:239)
2024-11-17 20:39:41,776 - FedCSP-2024 - INFO - Client 10 is trainning . . . (fedscp.py:239)
2024-11-17 20:39:43,599 - FedCSP-2024 - INFO - argumentation: 0 (handle_data.py:96)
2024-11-17 20:39:45,301 - FedCSP-2024 - INFO - Testing 
: Acc: 9.25, Loss: 0.0 (utils.py:66)
2024-11-17 20:39:45,302 - FedCSP-2024 - INFO - Round 12: 
 (utils.py:66)
2024-11-17 20:39:46,017 - FedCSP-2024 - INFO - argumentation: 0 (handle_data.py:96)
2024-11-17 20:40:05,626 - FedCSP-2024 - INFO - Client 1 is trainning . . . (fedscp.py:239)
2024-11-17 20:40:06,901 - FedCSP-2024 - INFO - Client 2 is trainning . . . (fedscp.py:239)
2024-11-17 20:40:07,892 - FedCSP-2024 - INFO - Client 3 is trainning . . . (fedscp.py:239)
2024-11-17 20:40:08,823 - FedCSP-2024 - INFO - Client 4 is trainning . . . (fedscp.py:239)
2024-11-17 20:40:09,730 - FedCSP-2024 - INFO - Client 5 is trainning . . . (fedscp.py:239)
2024-11-17 20:40:10,623 - FedCSP-2024 - INFO - Client 6 is trainning . . . (fedscp.py:239)
2024-11-17 20:40:11,541 - FedCSP-2024 - INFO - Client 7 is trainning . . . (fedscp.py:239)
2024-11-17 20:40:12,486 - FedCSP-2024 - INFO - Client 8 is trainning . . . (fedscp.py:239)
2024-11-17 20:40:13,382 - FedCSP-2024 - INFO - Client 9 is trainning . . . (fedscp.py:239)
2024-11-17 20:40:14,295 - FedCSP-2024 - INFO - Client 10 is trainning . . . (fedscp.py:239)
2024-11-17 20:40:15,995 - FedCSP-2024 - INFO - argumentation: 0 (handle_data.py:96)
2024-11-17 20:40:17,672 - FedCSP-2024 - INFO - Testing 
: Acc: 9.55, Loss: 0.0 (utils.py:66)
2024-11-17 20:40:17,672 - FedCSP-2024 - INFO - Round 13: 
 (utils.py:66)
2024-11-17 20:40:18,383 - FedCSP-2024 - INFO - argumentation: 0 (handle_data.py:96)
2024-11-17 20:40:36,006 - FedCSP-2024 - INFO - Client 1 is trainning . . . (fedscp.py:239)
2024-11-17 20:40:37,116 - FedCSP-2024 - INFO - Client 2 is trainning . . . (fedscp.py:239)
2024-11-17 20:40:38,186 - FedCSP-2024 - INFO - Client 3 is trainning . . . (fedscp.py:239)
2024-11-17 20:40:39,329 - FedCSP-2024 - INFO - Client 4 is trainning . . . (fedscp.py:239)
2024-11-17 20:40:40,312 - FedCSP-2024 - INFO - Client 5 is trainning . . . (fedscp.py:239)
2024-11-17 20:40:41,224 - FedCSP-2024 - INFO - Client 6 is trainning . . . (fedscp.py:239)
2024-11-17 20:40:42,173 - FedCSP-2024 - INFO - Client 7 is trainning . . . (fedscp.py:239)
2024-11-17 20:40:43,174 - FedCSP-2024 - INFO - Client 8 is trainning . . . (fedscp.py:239)
2024-11-17 20:40:44,179 - FedCSP-2024 - INFO - Client 9 is trainning . . . (fedscp.py:239)
2024-11-17 20:40:45,206 - FedCSP-2024 - INFO - Client 10 is trainning . . . (fedscp.py:239)
2024-11-17 20:40:46,923 - FedCSP-2024 - INFO - argumentation: 0 (handle_data.py:96)
2024-11-17 20:40:48,492 - FedCSP-2024 - INFO - Testing 
: Acc: 9.84, Loss: 0.0 (utils.py:66)
2024-11-17 20:40:48,492 - FedCSP-2024 - INFO - Round 14: 
 (utils.py:66)
2024-11-17 20:40:49,178 - FedCSP-2024 - INFO - argumentation: 0 (handle_data.py:96)
2024-11-17 20:41:06,495 - FedCSP-2024 - INFO - Client 1 is trainning . . . (fedscp.py:239)
2024-11-17 20:41:07,706 - FedCSP-2024 - INFO - Client 2 is trainning . . . (fedscp.py:239)
2024-11-17 20:41:08,705 - FedCSP-2024 - INFO - Client 3 is trainning . . . (fedscp.py:239)
2024-11-17 20:41:09,669 - FedCSP-2024 - INFO - Client 4 is trainning . . . (fedscp.py:239)
2024-11-17 20:41:10,615 - FedCSP-2024 - INFO - Client 5 is trainning . . . (fedscp.py:239)
2024-11-17 20:41:11,563 - FedCSP-2024 - INFO - Client 6 is trainning . . . (fedscp.py:239)
2024-11-17 20:41:12,529 - FedCSP-2024 - INFO - Client 7 is trainning . . . (fedscp.py:239)
2024-11-17 20:41:13,478 - FedCSP-2024 - INFO - Client 8 is trainning . . . (fedscp.py:239)
2024-11-17 20:41:14,401 - FedCSP-2024 - INFO - Client 9 is trainning . . . (fedscp.py:239)
2024-11-17 20:41:15,378 - FedCSP-2024 - INFO - Client 10 is trainning . . . (fedscp.py:239)
2024-11-17 20:41:17,074 - FedCSP-2024 - INFO - argumentation: 0 (handle_data.py:96)
2024-11-17 20:41:18,651 - FedCSP-2024 - INFO - Testing 
: Acc: 9.85, Loss: 0.0 (utils.py:66)
2024-11-17 20:41:18,652 - FedCSP-2024 - INFO - Round 15: 
 (utils.py:66)
2024-11-17 20:41:19,395 - FedCSP-2024 - INFO - argumentation: 0 (handle_data.py:96)
2024-11-17 20:41:36,471 - FedCSP-2024 - INFO - Client 1 is trainning . . . (fedscp.py:239)
2024-11-17 20:41:37,670 - FedCSP-2024 - INFO - Client 2 is trainning . . . (fedscp.py:239)
2024-11-17 20:41:38,604 - FedCSP-2024 - INFO - Client 3 is trainning . . . (fedscp.py:239)
2024-11-17 20:41:39,539 - FedCSP-2024 - INFO - Client 4 is trainning . . . (fedscp.py:239)
2024-11-17 20:41:40,472 - FedCSP-2024 - INFO - Client 5 is trainning . . . (fedscp.py:239)
2024-11-17 20:41:41,463 - FedCSP-2024 - INFO - Client 6 is trainning . . . (fedscp.py:239)
2024-11-17 20:41:42,366 - FedCSP-2024 - INFO - Client 7 is trainning . . . (fedscp.py:239)
2024-11-17 20:41:43,298 - FedCSP-2024 - INFO - Client 8 is trainning . . . (fedscp.py:239)
2024-11-17 20:41:44,243 - FedCSP-2024 - INFO - Client 9 is trainning . . . (fedscp.py:239)
2024-11-17 20:41:45,234 - FedCSP-2024 - INFO - Client 10 is trainning . . . (fedscp.py:239)
2024-11-17 20:41:46,991 - FedCSP-2024 - INFO - argumentation: 0 (handle_data.py:96)
2024-11-17 20:41:48,599 - FedCSP-2024 - INFO - Testing 
: Acc: 9.97, Loss: 0.0 (utils.py:66)
2024-11-17 20:41:48,600 - FedCSP-2024 - INFO - Round 16: 
 (utils.py:66)
2024-11-17 20:41:49,293 - FedCSP-2024 - INFO - argumentation: 0 (handle_data.py:96)
2024-11-17 20:42:06,644 - FedCSP-2024 - INFO - Client 1 is trainning . . . (fedscp.py:239)
2024-11-17 20:42:07,677 - FedCSP-2024 - INFO - Client 2 is trainning . . . (fedscp.py:239)
2024-11-17 20:42:08,573 - FedCSP-2024 - INFO - Client 3 is trainning . . . (fedscp.py:239)
2024-11-17 20:42:09,486 - FedCSP-2024 - INFO - Client 4 is trainning . . . (fedscp.py:239)
2024-11-17 20:42:10,407 - FedCSP-2024 - INFO - Client 5 is trainning . . . (fedscp.py:239)
2024-11-17 20:42:11,389 - FedCSP-2024 - INFO - Client 6 is trainning . . . (fedscp.py:239)
2024-11-17 20:42:12,257 - FedCSP-2024 - INFO - Client 7 is trainning . . . (fedscp.py:239)
2024-11-17 20:42:13,167 - FedCSP-2024 - INFO - Client 8 is trainning . . . (fedscp.py:239)
2024-11-17 20:42:14,253 - FedCSP-2024 - INFO - Client 9 is trainning . . . (fedscp.py:239)
2024-11-17 20:42:15,215 - FedCSP-2024 - INFO - Client 10 is trainning . . . (fedscp.py:239)
2024-11-17 20:42:16,913 - FedCSP-2024 - INFO - argumentation: 0 (handle_data.py:96)
2024-11-17 20:42:18,562 - FedCSP-2024 - INFO - Testing 
: Acc: 10.13, Loss: 0.0 (utils.py:66)
2024-11-17 20:42:18,563 - FedCSP-2024 - INFO - Round 17: 
 (utils.py:66)
2024-11-17 20:42:19,280 - FedCSP-2024 - INFO - argumentation: 0 (handle_data.py:96)
2024-11-17 20:42:36,366 - FedCSP-2024 - INFO - Client 1 is trainning . . . (fedscp.py:239)
2024-11-17 20:42:37,570 - FedCSP-2024 - INFO - Client 2 is trainning . . . (fedscp.py:239)
2024-11-17 20:42:38,499 - FedCSP-2024 - INFO - Client 3 is trainning . . . (fedscp.py:239)
2024-11-17 20:42:39,458 - FedCSP-2024 - INFO - Client 4 is trainning . . . (fedscp.py:239)
2024-11-17 20:42:40,387 - FedCSP-2024 - INFO - Client 5 is trainning . . . (fedscp.py:239)
2024-11-17 20:42:41,213 - FedCSP-2024 - INFO - Client 6 is trainning . . . (fedscp.py:239)
2024-11-17 20:42:42,192 - FedCSP-2024 - INFO - Client 7 is trainning . . . (fedscp.py:239)
2024-11-17 20:42:43,115 - FedCSP-2024 - INFO - Client 8 is trainning . . . (fedscp.py:239)
2024-11-17 20:42:44,044 - FedCSP-2024 - INFO - Client 9 is trainning . . . (fedscp.py:239)
2024-11-17 20:42:44,968 - FedCSP-2024 - INFO - Client 10 is trainning . . . (fedscp.py:239)
2024-11-17 20:42:46,616 - FedCSP-2024 - INFO - argumentation: 0 (handle_data.py:96)
2024-11-17 20:42:48,182 - FedCSP-2024 - INFO - Testing 
: Acc: 10.42, Loss: 0.0 (utils.py:66)
2024-11-17 20:42:48,183 - FedCSP-2024 - INFO - Round 18: 
 (utils.py:66)
2024-11-17 20:42:48,908 - FedCSP-2024 - INFO - argumentation: 0 (handle_data.py:96)
