2024-11-17 21:17:41,941 - FedCSP-2024 - INFO - -----------Server start Federated Learning----------- 
 (server.py:24)
2024-11-17 21:17:41,941 - FedCSP-2024 - INFO - Round 0: 
 (utils.py:66)
2024-11-17 21:17:58,829 - FedCSP-2024 - INFO - server_df: 
     Client_id c_labels                                           c_protos  s_labels
0    client_1    c_1_7  [-2.2314053, -2.1934388, -2.1831567, -2.160383...         2
1    client_1    c_1_4  [-1.1183671, -0.5458351, -0.2681779, -0.061501...         4
2    client_1    c_1_0  [-2.255037, -1.9980948, -1.6596633, -1.0895667...         4
3    client_1    c_1_1  [-2.1479914, -2.0687792, -2.0011544, -1.951828...         1
4    client_1    c_1_2  [-2.424545, -2.4227693, -2.3887463, -2.3560996...         9
5    client_1    c_1_9  [-0.39667544, -0.3357941, -0.33273828, -0.3296...         3
6    client_1    c_1_3  [-1.8947238, -1.1220998, -0.5144513, 0.1333780...        10
7    client_1    c_1_8  [0.80532706, 0.8409148, 0.8783632, 0.8910904, ...         6
8    client_1    c_1_5  [-2.3826725, -2.3792512, -2.3807864, -2.382277...         8
9    client_1    c_1_6  [-1.6321318, -1.4598203, -1.4173223, -1.346658...         5
10   client_2    c_2_7  [0.049336016, 0.14571562, 0.16834098, 0.172068...         3
11   client_2    c_2_6  [-2.300628, -1.8778099, -1.2259405, -0.6181782...         4
12   client_2    c_2_3  [-2.3592541, -2.2899804, -2.2250278, -2.158203...         0
13   client_2    c_2_9  [-2.017317, -1.9093137, -1.8427682, -1.7702339...         1
14   client_2    c_2_1  [-2.0857863, -2.090398, -2.088244, -2.0871212,...         2
15   client_2    c_2_8  [-1.6060175, -1.3292624, -1.298973, -1.2724915...        10
16   client_2    c_2_5  [-2.426077, -2.4226694, -2.4222584, -2.3985853...         9
17   client_2    c_2_2  [0.69813675, 1.197032, 1.1936235, 1.1940498, 1...         6
18   client_2    c_2_0  [-2.3418024, -2.0154028, -1.2879162, -0.546753...         7
19   client_2    c_2_4  [-2.2884438, -2.283685, -2.276314, -2.2693493,...         8
20   client_3    c_3_7  [-2.0867846, -2.0417037, -2.0007398, -1.945409...         1
21   client_3    c_3_3  [-1.917703, -1.9101174, -1.912112, -1.9108484,...         2
22   client_3    c_3_8  [0.22610585, 0.29231048, 0.3362297, 0.36150435...         3
23   client_3    c_3_5  [-1.7890528, -1.2863849, -0.95723426, -0.58173...         4
24   client_3    c_3_4  [-2.4102333, -2.3653216, -2.3146195, -2.264908...         0
25   client_3    c_3_0  [0.31962618, 0.64028734, 0.65358275, 0.6362091...         6
26   client_3    c_3_9  [-1.9999638, -1.7692965, -1.485429, -1.0703514...         4
27   client_3    c_3_2  [-2.3611736, -1.9209684, -1.0767882, -0.093442...        10
28   client_3    c_3_1  [-2.3936036, -2.3947039, -2.3967469, -2.395489...         8
29   client_3    c_3_6  [-2.429072, -2.4286652, -2.3741024, -2.3616989...         9
30   client_4    c_4_9  [-2.362807, -2.1328914, -1.6255999, -0.7961458...         4
31   client_4    c_4_5  [-0.3414883, -0.2695103, -0.26481262, -0.22007...         3
32   client_4    c_4_8  [-2.1249545, -1.9975834, -1.8730696, -1.781463...         1
33   client_4    c_4_0  [0.69619966, 0.712996, 0.71621644, 0.7230989, ...         6
34   client_4    c_4_6  [-2.351624, -2.3546584, -2.356425, -2.356108, ...         8
35   client_4    c_4_7  [-2.167692, -2.150941, -2.1414938, -2.1268854,...         2
36   client_4    c_4_4  [-2.4168267, -2.4128728, -2.4071617, -2.410346...         9
37   client_4    c_4_2  [-1.9405223, -1.2644023, -0.45542723, 0.159273...         7
38   client_4    c_4_1  [-2.393954, -2.31837, -2.2064383, -2.1315548, ...         0
39   client_4    c_4_3  [0.13155745, 0.8154715, 0.9457238, 0.9519439, ...        10
40   client_5    c_5_2  [-2.070831, -1.9905173, -1.9342302, -1.8707322...         1
41   client_5    c_5_7  [-1.3120754, -0.45843542, 0.14906442, 0.438308...         7
42   client_5    c_5_9  [-2.154231, -1.8244432, -1.4077872, -0.9496347...         4
43   client_5    c_5_5  [-2.0161254, -1.9928637, -1.9796946, -1.983186...         2
44   client_5    c_5_0  [-1.7479173, -1.2072476, -0.7809969, -0.294658...        10
45   client_5    c_5_3  [-2.3977554, -2.3944921, -2.3937128, -2.392397...         8
46   client_5    c_5_4  [-2.4007869, -2.3622105, -2.3090224, -2.234578...         0
47   client_5    c_5_6  [0.39375004, 0.43635195, 0.4483548, 0.4546099,...         6
48   client_5    c_5_8  [-0.06001869, 0.019506188, 0.040029652, 0.0663...         3
49   client_5    c_5_1  [-2.4290726, -2.4203238, -2.4209526, -2.376864...         9
50   client_6    c_6_0  [-1.9385002, -1.9187533, -1.9191461, -1.925546...         2
51   client_6    c_6_2  [-2.0177848, -1.9314674, -1.8899232, -1.817472...         1
52   client_6    c_6_4  [-2.0258722, -1.6648121, -1.2007903, -0.706019...         4
53   client_6    c_6_6  [-2.2406995, -1.67955, -0.85796076, -0.1266763...        10
54   client_6    c_6_9  [0.20089515, 0.2824825, 0.32656494, 0.35553166...         3
55   client_6    c_6_5  [0.7299179, 0.9786728, 1.0117028, 0.9812715, 0...         6
56   client_6    c_6_7  [-2.3851526, -2.328946, -2.2513063, -2.158641,...         0
57   client_6    c_6_8  [-2.426852, -2.4163013, -2.396765, -2.379803, ...         9
58   client_6    c_6_3  [-2.3692796, -2.375996, -2.3696074, -2.3643649...         8
59   client_6    c_6_1  [-1.8862915, -1.6299622, -1.6312294, -1.614976...         5
60   client_7    c_7_5  [-2.123196, -1.8219883, -1.538803, -1.0454977,...         4
61   client_7    c_7_9  [-2.1906772, -1.7924504, -1.2609668, -0.527588...        10
62   client_7    c_7_6  [-2.1128578, -2.117635, -2.123509, -2.1228397,...         2
63   client_7    c_7_7  [-2.2451952, -2.238248, -2.2430103, -2.2517502...         8
64   client_7    c_7_4  [0.91054, 0.93947226, 0.9441989, 0.94482535, 0...         6
65   client_7    c_7_2  [-2.0994442, -2.0495536, -1.9674933, -1.871760...         1
66   client_7    c_7_8  [-2.3724253, -2.3325343, -2.2873557, -2.228559...         0
67   client_7    c_7_0  [-0.18120271, -0.13328339, -0.11213383, -0.072...         3
68   client_7    c_7_1  [-2.428227, -2.4270794, -2.4262943, -2.4278042...         9
69   client_7    c_7_3  [-1.8057702, -1.091269, -0.33209464, 0.1732847...         7
70   client_8    c_8_6  [-2.4267511, -2.404812, -2.38357, -2.3546665, ...         9
71   client_8    c_8_2  [-2.2168508, -1.7276124, -1.0781941, -0.328655...        10
72   client_8    c_8_0  [-1.9508419, -1.9225396, -1.9113666, -1.905106...         2
73   client_8    c_8_8  [-1.8396249, -1.7783868, -1.7239891, -1.643100...         1
74   client_8    c_8_9  [-1.9961182, -1.5828329, -1.1630622, -0.742151...         4
75   client_8    c_8_5  [-2.3923466, -2.344875, -2.2811267, -2.2054515...         0
76   client_8    c_8_3  [-2.3842287, -2.3871863, -2.389405, -2.388771,...         8
77   client_8    c_8_7  [-1.5399274, -1.5528108, -1.5576423, -1.550126...         8
78   client_8    c_8_1  [0.3926552, 0.45214078, 0.4864545, 0.5178464, ...         3
79   client_8    c_8_4  [-0.47451216, 0.26053217, 0.9478659, 1.137838,...         7
80   client_9    c_9_1  [0.20044494, 0.2407012, 0.23811455, 0.25277227...         3
81   client_9    c_9_7  [-2.3888967, -2.3519208, -2.2986915, -2.239656...         0
82   client_9    c_9_8  [-2.101277, -1.4777998, -0.67096454, 0.0506489...        10
83   client_9    c_9_9  [-1.9463162, -1.8596504, -1.7857238, -1.727753...         1
84   client_9    c_9_0  [-1.802089, -1.7668544, -1.7602483, -1.7652608...         2
85   client_9    c_9_6  [0.78387606, 0.99085397, 1.0229975, 1.0030559,...         6
86   client_9    c_9_3  [-2.3642516, -2.3603537, -2.3594308, -2.360251...         8
87   client_9    c_9_2  [-2.2364464, -1.9949841, -1.6869326, -1.346708...         7
88   client_9    c_9_5  [-2.0832052, -1.6666424, -1.2339436, -0.834402...         4
89   client_9    c_9_4  [-2.4290733, -2.4219623, -2.4103703, -2.411052...         9
90  client_10   c_10_9  [-2.1450436, -1.9145403, -1.5526063, -1.063353...         4
91  client_10   c_10_0  [-0.8456077, -0.810979, -0.74814725, -0.732975...         3
92  client_10   c_10_1  [0.529964, 0.5776833, 0.59975636, 0.60171735, ...         6
93  client_10   c_10_4  [-2.2563326, -2.2040985, -2.1741252, -2.127776...         1
94  client_10   c_10_7  [-2.1051004, -2.0993965, -2.0991662, -2.105660...         2
95  client_10   c_10_2  [-2.225029, -2.2234135, -2.2285385, -2.2331057...         8
96  client_10   c_10_5  [-2.3627641, -2.3122458, -2.1980088, -2.083875...         0
97  client_10   c_10_8  [-2.4211948, -2.4219203, -2.4089622, -2.410465...         9
98  client_10   c_10_6  [-1.9529971, -1.2078953, -0.61150014, -0.06830...        10
99  client_10   c_10_3  [-1.2272006, -0.57321006, -0.10550159, 0.26613...         7 (utils.py:66)
